Copyright 1986-2022 Xilinx, Inc. All Rights Reserved. Copyright 2022-2023 Advanced Micro Devices, Inc. All Rights Reserved.
---------------------------------------------------------------------------------------------------------------------------------------------
| Tool Version : Vivado v.2023.2 (win64) Build 4029153 Fri Oct 13 20:14:34 MDT 2023
| Date         : Mon Apr 15 22:08:17 2024
| Host         : LAPTOP-F28O89LN running 64-bit major release  (build 9200)
| Command      : upgrade_ip
| Device       : xc7a35tcpg236-1
---------------------------------------------------------------------------------------------------------------------------------------------

Upgrade Log for IP 'mb_lab1_xlslice_2_0'

1. Summary
----------

SUCCESS in the upgrade of mb_lab1_xlslice_2_0 (xilinx.com:ip:xlslice:1.0) from (Rev. 2) to (Rev. 3)






Copyright 1986-2022 Xilinx, Inc. All Rights Reserved. Copyright 2022-2023 Advanced Micro Devices, Inc. All Rights Reserved.
---------------------------------------------------------------------------------------------------------------------------------------------
| Tool Version : Vivado v.2023.2 (win64) Build 4029153 Fri Oct 13 20:14:34 MDT 2023
| Date         : Mon Apr 15 22:08:17 2024
| Host         : LAPTOP-F28O89LN running 64-bit major release  (build 9200)
| Command      : upgrade_ip
| Device       : xc7a35tcpg236-1
---------------------------------------------------------------------------------------------------------------------------------------------

Upgrade Log for IP 'mb_lab1_xlslice_1_0'

1. Summary
----------

SUCCESS in the upgrade of mb_lab1_xlslice_1_0 (xilinx.com:ip:xlslice:1.0) from (Rev. 2) to (Rev. 3)






Copyright 1986-2022 Xilinx, Inc. All Rights Reserved. Copyright 2022-2023 Advanced Micro Devices, Inc. All Rights Reserved.
---------------------------------------------------------------------------------------------------------------------------------------------
| Tool Version : Vivado v.2023.2 (win64) Build 4029153 Fri Oct 13 20:14:34 MDT 2023
| Date         : Mon Apr 15 22:08:17 2024
| Host         : LAPTOP-F28O89LN running 64-bit major release  (build 9200)
| Command      : upgrade_ip
| Device       : xc7a35tcpg236-1
---------------------------------------------------------------------------------------------------------------------------------------------

Upgrade Log for IP 'mb_lab1_xlslice_0_0'

1. Summary
----------

SUCCESS in the upgrade of mb_lab1_xlslice_0_0 (xilinx.com:ip:xlslice:1.0) from (Rev. 2) to (Rev. 3)






Copyright 1986-2022 Xilinx, Inc. All Rights Reserved. Copyright 2022-2023 Advanced Micro Devices, Inc. All Rights Reserved.
---------------------------------------------------------------------------------------------------------------------------------------------
| Tool Version : Vivado v.2023.2 (win64) Build 4029153 Fri Oct 13 20:14:34 MDT 2023
| Date         : Mon Apr 15 22:08:17 2024
| Host         : LAPTOP-F28O89LN running 64-bit major release  (build 9200)
| Command      : upgrade_ip
| Device       : xc7a35tcpg236-1
---------------------------------------------------------------------------------------------------------------------------------------------

Upgrade Log for IP 'mb_lab1_xlconcat_0_0'

1. Summary
----------

SUCCESS in the upgrade of mb_lab1_xlconcat_0_0 (xilinx.com:ip:xlconcat:2.1) from (Rev. 4) to (Rev. 5)






Copyright 1986-2022 Xilinx, Inc. All Rights Reserved. Copyright 2022-2023 Advanced Micro Devices, Inc. All Rights Reserved.
---------------------------------------------------------------------------------------------------------------------------------------------
| Tool Version : Vivado v.2023.2 (win64) Build 4029153 Fri Oct 13 20:14:34 MDT 2023
| Date         : Mon Apr 15 22:08:17 2024
| Host         : LAPTOP-F28O89LN running 64-bit major release  (build 9200)
| Command      : upgrade_ip
| Device       : xc7a35tcpg236-1
---------------------------------------------------------------------------------------------------------------------------------------------

Upgrade Log for IP 'mb_lab1_rst_clk_wiz_1_100M_0'

1. Summary
----------

SUCCESS in the upgrade of mb_lab1_rst_clk_wiz_1_100M_0 (xilinx.com:ip:proc_sys_reset:5.0) from (Rev. 13) to (Rev. 14)






Copyright 1986-2022 Xilinx, Inc. All Rights Reserved. Copyright 2022-2023 Advanced Micro Devices, Inc. All Rights Reserved.
---------------------------------------------------------------------------------------------------------------------------------------------
| Tool Version : Vivado v.2023.2 (win64) Build 4029153 Fri Oct 13 20:14:34 MDT 2023
| Date         : Mon Apr 15 22:08:17 2024
| Host         : LAPTOP-F28O89LN running 64-bit major release  (build 9200)
| Command      : upgrade_ip
| Device       : xc7a35tcpg236-1
---------------------------------------------------------------------------------------------------------------------------------------------

Upgrade Log for IP 'mb_lab1_microblaze_0_axi_periph_0'

1. Summary
----------

SUCCESS in the upgrade of mb_lab1_microblaze_0_axi_periph_0 (xilinx.com:ip:axi_interconnect:2.1) from (Rev. 29) to (Rev. 30)






Copyright 1986-2022 Xilinx, Inc. All Rights Reserved. Copyright 2022-2023 Advanced Micro Devices, Inc. All Rights Reserved.
---------------------------------------------------------------------------------------------------------------------------------------------
| Tool Version : Vivado v.2023.2 (win64) Build 4029153 Fri Oct 13 20:14:34 MDT 2023
| Date         : Mon Apr 15 22:08:17 2024
| Host         : LAPTOP-F28O89LN running 64-bit major release  (build 9200)
| Command      : upgrade_ip
| Device       : xc7a35tcpg236-1
---------------------------------------------------------------------------------------------------------------------------------------------

Upgrade Log for IP 'mb_lab1_microblaze_0_0'

1. Summary
----------

SUCCESS in the upgrade of mb_lab1_microblaze_0_0 (xilinx.com:ip:microblaze:11.0) from (Rev. 11) to (Rev. 12)






Copyright 1986-2022 Xilinx, Inc. All Rights Reserved. Copyright 2022-2023 Advanced Micro Devices, Inc. All Rights Reserved.
---------------------------------------------------------------------------------------------------------------------------------------------
| Tool Version : Vivado v.2023.2 (win64) Build 4029153 Fri Oct 13 20:14:34 MDT 2023
| Date         : Mon Apr 15 22:08:17 2024
| Host         : LAPTOP-F28O89LN running 64-bit major release  (build 9200)
| Command      : upgrade_ip
| Device       : xc7a35tcpg236-1
---------------------------------------------------------------------------------------------------------------------------------------------

Upgrade Log for IP 'mb_lab1_mdm_1_0'

1. Summary
----------

SUCCESS in the upgrade of mb_lab1_mdm_1_0 (xilinx.com:ip:mdm:3.2) from (Rev. 24) to (Rev. 25)

2. Upgrade messages
-------------------

Set parameter C_M_AXIS_ID_WIDTH to value 7 (source 'default')






Copyright 1986-2022 Xilinx, Inc. All Rights Reserved. Copyright 2022-2023 Advanced Micro Devices, Inc. All Rights Reserved.
---------------------------------------------------------------------------------------------------------------------------------------------
| Tool Version : Vivado v.2023.2 (win64) Build 4029153 Fri Oct 13 20:14:34 MDT 2023
| Date         : Mon Apr 15 22:08:17 2024
| Host         : LAPTOP-F28O89LN running 64-bit major release  (build 9200)
| Command      : upgrade_ip
| Device       : xc7a35tcpg236-1
---------------------------------------------------------------------------------------------------------------------------------------------

Upgrade Log for IP 'mb_lab1_lmb_bram_0'

1. Summary
----------

SUCCESS in the upgrade of mb_lab1_lmb_bram_0 (xilinx.com:ip:blk_mem_gen:8.4) from (Rev. 6) to (Rev. 7)






Copyright 1986-2022 Xilinx, Inc. All Rights Reserved. Copyright 2022-2023 Advanced Micro Devices, Inc. All Rights Reserved.
---------------------------------------------------------------------------------------------------------------------------------------------
| Tool Version : Vivado v.2023.2 (win64) Build 4029153 Fri Oct 13 20:14:34 MDT 2023
| Date         : Mon Apr 15 22:08:17 2024
| Host         : LAPTOP-F28O89LN running 64-bit major release  (build 9200)
| Command      : upgrade_ip
| Device       : xc7a35tcpg236-1
---------------------------------------------------------------------------------------------------------------------------------------------

Upgrade Log for IP 'mb_lab1_ilmb_v10_0'

1. Summary
----------

SUCCESS in the upgrade of mb_lab1_ilmb_v10_0 (xilinx.com:ip:lmb_v10:3.0) from (Rev. 12) to (Rev. 13)






Copyright 1986-2022 Xilinx, Inc. All Rights Reserved. Copyright 2022-2023 Advanced Micro Devices, Inc. All Rights Reserved.
---------------------------------------------------------------------------------------------------------------------------------------------
| Tool Version : Vivado v.2023.2 (win64) Build 4029153 Fri Oct 13 20:14:34 MDT 2023
| Date         : Mon Apr 15 22:08:17 2024
| Host         : LAPTOP-F28O89LN running 64-bit major release  (build 9200)
| Command      : upgrade_ip
| Device       : xc7a35tcpg236-1
---------------------------------------------------------------------------------------------------------------------------------------------

Upgrade Log for IP 'mb_lab1_ilmb_bram_if_cntlr_0'

1. Summary
----------

SUCCESS in the upgrade of mb_lab1_ilmb_bram_if_cntlr_0 (xilinx.com:ip:lmb_bram_if_cntlr:4.0) from (Rev. 22) to (Rev. 23)

2. Upgrade messages
-------------------

Set parameter C_MASK1 to value 0x0000000000800000 (source 'default')
Set parameter C_MASK2 to value 0x0000000000800000 (source 'default')
Set parameter C_MASK3 to value 0x0000000000800000 (source 'default')






Copyright 1986-2022 Xilinx, Inc. All Rights Reserved. Copyright 2022-2023 Advanced Micro Devices, Inc. All Rights Reserved.
---------------------------------------------------------------------------------------------------------------------------------------------
| Tool Version : Vivado v.2023.2 (win64) Build 4029153 Fri Oct 13 20:14:34 MDT 2023
| Date         : Mon Apr 15 22:08:17 2024
| Host         : LAPTOP-F28O89LN running 64-bit major release  (build 9200)
| Command      : upgrade_ip
| Device       : xc7a35tcpg236-1
---------------------------------------------------------------------------------------------------------------------------------------------

Upgrade Log for IP 'mb_lab1_dlmb_v10_0'

1. Summary
----------

SUCCESS in the upgrade of mb_lab1_dlmb_v10_0 (xilinx.com:ip:lmb_v10:3.0) from (Rev. 12) to (Rev. 13)






Copyright 1986-2022 Xilinx, Inc. All Rights Reserved. Copyright 2022-2023 Advanced Micro Devices, Inc. All Rights Reserved.
---------------------------------------------------------------------------------------------------------------------------------------------
| Tool Version : Vivado v.2023.2 (win64) Build 4029153 Fri Oct 13 20:14:34 MDT 2023
| Date         : Mon Apr 15 22:08:17 2024
| Host         : LAPTOP-F28O89LN running 64-bit major release  (build 9200)
| Command      : upgrade_ip
| Device       : xc7a35tcpg236-1
---------------------------------------------------------------------------------------------------------------------------------------------

Upgrade Log for IP 'mb_lab1_dlmb_bram_if_cntlr_0'

1. Summary
----------

SUCCESS in the upgrade of mb_lab1_dlmb_bram_if_cntlr_0 (xilinx.com:ip:lmb_bram_if_cntlr:4.0) from (Rev. 22) to (Rev. 23)

2. Upgrade messages
-------------------

Set parameter C_MASK1 to value 0x0000000000800000 (source 'default')
Set parameter C_MASK2 to value 0x0000000000800000 (source 'default')
Set parameter C_MASK3 to value 0x0000000000800000 (source 'default')






Copyright 1986-2022 Xilinx, Inc. All Rights Reserved. Copyright 2022-2023 Advanced Micro Devices, Inc. All Rights Reserved.
---------------------------------------------------------------------------------------------------------------------------------------------
| Tool Version : Vivado v.2023.2 (win64) Build 4029153 Fri Oct 13 20:14:34 MDT 2023
| Date         : Mon Apr 15 22:08:17 2024
| Host         : LAPTOP-F28O89LN running 64-bit major release  (build 9200)
| Command      : upgrade_ip
| Device       : xc7a35tcpg236-1
---------------------------------------------------------------------------------------------------------------------------------------------

Upgrade Log for IP 'mb_lab1_clk_wiz_1_0'

1. Summary
----------

SUCCESS in the upgrade of mb_lab1_clk_wiz_1_0 (xilinx.com:ip:clk_wiz:6.0) from (Rev. 12) to (Rev. 13)






Copyright 1986-2022 Xilinx, Inc. All Rights Reserved. Copyright 2022-2023 Advanced Micro Devices, Inc. All Rights Reserved.
---------------------------------------------------------------------------------------------------------------------------------------------
| Tool Version : Vivado v.2023.2 (win64) Build 4029153 Fri Oct 13 20:14:34 MDT 2023
| Date         : Mon Apr 15 22:08:17 2024
| Host         : LAPTOP-F28O89LN running 64-bit major release  (build 9200)
| Command      : upgrade_ip
| Device       : xc7a35tcpg236-1
---------------------------------------------------------------------------------------------------------------------------------------------

Upgrade Log for IP 'mb_lab1_axi_uartlite_0_0'

1. Summary
----------

SUCCESS in the upgrade of mb_lab1_axi_uartlite_0_0 (xilinx.com:ip:axi_uartlite:2.0) from (Rev. 32) to (Rev. 33)






Copyright 1986-2022 Xilinx, Inc. All Rights Reserved. Copyright 2022-2023 Advanced Micro Devices, Inc. All Rights Reserved.
---------------------------------------------------------------------------------------------------------------------------------------------
| Tool Version : Vivado v.2023.2 (win64) Build 4029153 Fri Oct 13 20:14:34 MDT 2023
| Date         : Mon Apr 15 22:08:17 2024
| Host         : LAPTOP-F28O89LN running 64-bit major release  (build 9200)
| Command      : upgrade_ip
| Device       : xc7a35tcpg236-1
---------------------------------------------------------------------------------------------------------------------------------------------

Upgrade Log for IP 'mb_lab1_axi_gpio_3_0'

1. Summary
----------

SUCCESS in the upgrade of mb_lab1_axi_gpio_3_0 (xilinx.com:ip:axi_gpio:2.0) from (Rev. 30) to (Rev. 31)






Copyright 1986-2022 Xilinx, Inc. All Rights Reserved. Copyright 2022-2023 Advanced Micro Devices, Inc. All Rights Reserved.
---------------------------------------------------------------------------------------------------------------------------------------------
| Tool Version : Vivado v.2023.2 (win64) Build 4029153 Fri Oct 13 20:14:34 MDT 2023
| Date         : Mon Apr 15 22:08:17 2024
| Host         : LAPTOP-F28O89LN running 64-bit major release  (build 9200)
| Command      : upgrade_ip
| Device       : xc7a35tcpg236-1
---------------------------------------------------------------------------------------------------------------------------------------------

Upgrade Log for IP 'mb_lab1_axi_gpio_2_0'

1. Summary
----------

SUCCESS in the upgrade of mb_lab1_axi_gpio_2_0 (xilinx.com:ip:axi_gpio:2.0) from (Rev. 30) to (Rev. 31)






Copyright 1986-2022 Xilinx, Inc. All Rights Reserved. Copyright 2022-2023 Advanced Micro Devices, Inc. All Rights Reserved.
---------------------------------------------------------------------------------------------------------------------------------------------
| Tool Version : Vivado v.2023.2 (win64) Build 4029153 Fri Oct 13 20:14:34 MDT 2023
| Date         : Mon Apr 15 22:08:17 2024
| Host         : LAPTOP-F28O89LN running 64-bit major release  (build 9200)
| Command      : upgrade_ip
| Device       : xc7a35tcpg236-1
---------------------------------------------------------------------------------------------------------------------------------------------

Upgrade Log for IP 'mb_lab1_axi_gpio_1_0'

1. Summary
----------

SUCCESS in the upgrade of mb_lab1_axi_gpio_1_0 (xilinx.com:ip:axi_gpio:2.0) from (Rev. 30) to (Rev. 31)






Copyright 1986-2022 Xilinx, Inc. All Rights Reserved. Copyright 2022-2023 Advanced Micro Devices, Inc. All Rights Reserved.
---------------------------------------------------------------------------------------------------------------------------------------------
| Tool Version : Vivado v.2023.2 (win64) Build 4029153 Fri Oct 13 20:14:34 MDT 2023
| Date         : Mon Apr 15 22:08:17 2024
| Host         : LAPTOP-F28O89LN running 64-bit major release  (build 9200)
| Command      : upgrade_ip
| Device       : xc7a35tcpg236-1
---------------------------------------------------------------------------------------------------------------------------------------------

Upgrade Log for IP 'mb_lab1_axi_gpio_0_0'

1. Summary
----------

SUCCESS in the upgrade of mb_lab1_axi_gpio_0_0 (xilinx.com:ip:axi_gpio:2.0) from (Rev. 30) to (Rev. 31)






Copyright 1986-2022 Xilinx, Inc. All Rights Reserved. Copyright 2022-2023 Advanced Micro Devices, Inc. All Rights Reserved.
---------------------------------------------------------------------------------------------------------------------------------------------
| Tool Version : Vivado v.2023.1 (win64) Build 3865809 Sun May  7 15:05:29 MDT 2023
| Date         : Mon Apr  1 15:10:46 2024
| Host         : APP-14 running 64-bit major release  (build 9200)
| Command      : upgrade_ip
| Device       : xc7a35tcpg236-1
---------------------------------------------------------------------------------------------------------------------------------------------

Upgrade Log for IP 'mb_lab1_sensor_sonic_0_1'

1. Summary
----------

SUCCESS in the upgrade of mb_lab1_sensor_sonic_0_1 (binghamton.edu:user:sensor_sonic:1.0) from (Rev. 5) to (Rev. 6)






Copyright 1986-2022 Xilinx, Inc. All Rights Reserved. Copyright 2022-2023 Advanced Micro Devices, Inc. All Rights Reserved.
---------------------------------------------------------------------------------------------------------------------------------------------
| Tool Version : Vivado v.2023.1 (win64) Build 3865809 Sun May  7 15:05:29 MDT 2023
| Date         : Mon Apr  1 14:27:22 2024
| Host         : APP-14 running 64-bit major release  (build 9200)
| Command      : upgrade_ip
| Device       : xc7a35tcpg236-1
---------------------------------------------------------------------------------------------------------------------------------------------

Upgrade Log for IP 'mb_lab1_sensor_sonic_0_1'

1. Summary
----------

SUCCESS in the upgrade of mb_lab1_sensor_sonic_0_1 (binghamton.edu:user:sensor_sonic:1.0) from (Rev. 4) to (Rev. 5)






Copyright 1986-2022 Xilinx, Inc. All Rights Reserved. Copyright 2022-2023 Advanced Micro Devices, Inc. All Rights Reserved.
---------------------------------------------------------------------------------------------------------------------------------------------
| Tool Version : Vivado v.2023.1 (win64) Build 3865809 Sun May  7 15:05:29 MDT 2023
| Date         : Mon Apr  1 14:09:21 2024
| Host         : APP-14 running 64-bit major release  (build 9200)
| Command      : upgrade_ip
| Device       : xc7a35tcpg236-1
---------------------------------------------------------------------------------------------------------------------------------------------

Upgrade Log for IP 'mb_lab1_sensor_sonic_0_1'

1. Summary
----------

CAUTION (success, with warnings) in the upgrade of mb_lab1_sensor_sonic_0_1 (binghamton.edu:user:sensor_sonic:1.0) from (Rev. 1) to (Rev. 4)

After upgrade, an IP may have parameter and port differences compared to the original customization. Please review the parameters within the IP customization GUI to ensure proper functionality. Also, please review the updated IP instantiation template to ensure proper connectivity, and update your design if required.

2. Connection Warnings
----------------------

Detected external port differences while upgrading 'mb_lab1_sensor_sonic_0_1'. These changes may impact your design.


-Upgrade has added port 'ECHO'







Copyright 1986-2022 Xilinx, Inc. All Rights Reserved. Copyright 2022-2023 Advanced Micro Devices, Inc. All Rights Reserved.
---------------------------------------------------------------------------------------------------------------------------------------------
| Tool Version : Vivado v.2023.1 (win64) Build 3865809 Sun May  7 15:05:29 MDT 2023
| Date         : Thu Mar 28 12:37:31 2024
| Host         : APP-23 running 64-bit major release  (build 9200)
| Command      : upgrade_ip
| Device       : xc7a35tcpg236-1
---------------------------------------------------------------------------------------------------------------------------------------------

Upgrade Log for IP 'mb_lab1_sonic_ip_0_0'

1. Summary
----------

SUCCESS in the upgrade of mb_lab1_sonic_ip_0_0 (binghamton.edu:user:sonic_ip:1.0) from (Rev. 4) to (Rev. 5)

