15:25:17 DEBUG : Logs will be stored at 'U:/EECE387/Lab_8_v2/workspace/IDE.log'.
15:25:23 INFO  : Launching XSCT server: xsct.bat -n  -interactive U:\EECE387\Lab_8_v2\workspace\temp_xsdb_launch_script.tcl
15:25:23 INFO  : Platform repository initialization has completed.
15:25:24 INFO  : Registering command handlers for Vitis TCF services
15:25:27 INFO  : XSCT server has started successfully.
15:25:28 INFO  : plnx-install-location is set to ''
15:25:28 INFO  : Successfully done setting XSCT server connection channel  
15:25:28 INFO  : Successfully done setting workspace for the tool. 
15:25:28 INFO  : Successfully done query RDI_DATADIR 
15:26:20 INFO  : Result from executing command 'getProjects': mb_lab8_sonic_wrapper
15:26:20 INFO  : Result from executing command 'getPlatforms': 
15:26:23 WARN  : An unexpected exception occurred in the module 'platform project logging'
15:26:31 INFO  : Platform 'mb_lab8_sonic_wrapper' is added to custom repositories.
15:26:44 INFO  : Platform 'mb_lab8_sonic_wrapper' is added to custom repositories.
15:27:49 INFO  : Result from executing command 'getProjects': mb_lab8_sonic_wrapper
15:27:49 INFO  : Result from executing command 'getPlatforms': mb_lab8_sonic_wrapper|U:/EECE387/Lab_8_v2/workspace/mb_lab8_sonic_wrapper/export/mb_lab8_sonic_wrapper/mb_lab8_sonic_wrapper.xpfm
15:27:51 INFO  : Checking for BSP changes to sync application flags for project 'lab_8_sw'...
15:28:30 INFO  : Checking for BSP changes to sync application flags for project 'lab_8_sw'...
15:28:45 INFO  : Connected to target on host '127.0.0.1' and port '3121'.
15:28:57 INFO  : Jtag cable 'Digilent Basys3 210183638419A' is selected.
15:28:58 INFO  : 'jtag frequency' command is executed.
15:28:59 INFO  : 'targets -set -filter {jtag_cable_name =~ "Digilent Basys3 210183638419A" && level==0 && jtag_device_ctx=="jsn-Basys3-210183638419A-0362d093-0"}' command is executed.
15:29:28 INFO  : Device configured successfully with "U:/EECE387/Lab_8_v2/workspace/lab_8_sw/_ide/bitstream/mb_lab8_sonic_wrapper.bit"
15:29:29 INFO  : Context for processor 'microblaze_0' is selected.
15:29:29 INFO  : Hardware design and registers information is loaded from 'U:/EECE387/Lab_8_v2/workspace/mb_lab8_sonic_wrapper/export/mb_lab8_sonic_wrapper/hw/mb_lab8_sonic_wrapper.xsa'.
15:29:30 INFO  : 'configparams mdm-detect-bscan-mask 2' command is executed.
15:29:30 INFO  : Context for processor 'microblaze_0' is selected.
15:29:31 INFO  : System reset is completed.
15:29:34 INFO  : 'after 3000' command is executed.
15:29:35 INFO  : Context for processor 'microblaze_0' is selected.
15:29:38 INFO  : The application 'U:/EECE387/Lab_8_v2/workspace/lab_8_sw/Debug/lab_8_sw.elf' is downloaded to processor 'microblaze_0'.
15:29:38 INFO  : ----------------XSDB Script----------------
connect -url tcp:127.0.0.1:3121
targets -set -filter {jtag_cable_name =~ "Digilent Basys3 210183638419A" && level==0 && jtag_device_ctx=="jsn-Basys3-210183638419A-0362d093-0"}
fpga -file U:/EECE387/Lab_8_v2/workspace/lab_8_sw/_ide/bitstream/mb_lab8_sonic_wrapper.bit
targets -set -nocase -filter {name =~ "*microblaze*#0" && bscan=="USER2" }
loadhw -hw U:/EECE387/Lab_8_v2/workspace/mb_lab8_sonic_wrapper/export/mb_lab8_sonic_wrapper/hw/mb_lab8_sonic_wrapper.xsa -regs
configparams mdm-detect-bscan-mask 2
targets -set -nocase -filter {name =~ "*microblaze*#0" && bscan=="USER2" }
rst -system
after 3000
targets -set -nocase -filter {name =~ "*microblaze*#0" && bscan=="USER2" }
dow U:/EECE387/Lab_8_v2/workspace/lab_8_sw/Debug/lab_8_sw.elf
----------------End of Script----------------

15:29:40 INFO  : Context for processor 'microblaze_0' is selected.
15:29:41 INFO  : 'con' command is executed.
15:29:41 INFO  : ----------------XSDB Script (After Launch)----------------
targets -set -nocase -filter {name =~ "*microblaze*#0" && bscan=="USER2" }
con
----------------End of Script----------------

15:29:41 INFO  : Launch script is exported to file 'U:\EECE387\Lab_8_v2\workspace\lab_8_sw_system\_ide\scripts\systemdebugger_lab_8_sw_system_standalone.tcl'
17:56:35 INFO  : Launching XSCT server: xsct.bat -n  -interactive U:\EECE387\Lab_8_v2\workspace\temp_xsdb_launch_script.tcl
18:05:39 DEBUG : Logs will be stored at 'U:/EECE387/Lab_8_v2/workspace/IDE.log'.
18:05:41 INFO  : Launching XSCT server: xsct.bat -n  -interactive U:\EECE387\Lab_8_v2\workspace\temp_xsdb_launch_script.tcl
18:05:52 INFO  : XSCT server has started successfully.
18:05:52 INFO  : plnx-install-location is set to ''
18:05:52 INFO  : Successfully done setting XSCT server connection channel  
18:05:53 INFO  : Successfully done setting workspace for the tool. 
18:05:55 INFO  : Registering command handlers for Vitis TCF services
18:05:55 INFO  : Platform repository initialization has completed.
18:06:01 INFO  : Successfully done query RDI_DATADIR 
18:34:37 INFO  : Result from executing command 'getProjects': mb_lab8_sonic_wrapper
18:34:37 INFO  : Result from executing command 'getPlatforms': mb_lab8_sonic_wrapper|U:/EECE387/Lab_8_v2/workspace/mb_lab8_sonic_wrapper/export/mb_lab8_sonic_wrapper/mb_lab8_sonic_wrapper.xpfm
18:34:38 INFO  : Checking for BSP changes to sync application flags for project 'lab_8_sw'...
19:01:54 INFO  : Checking for BSP changes to sync application flags for project 'lab_8_sw'...
19:02:07 INFO  : Checking for BSP changes to sync application flags for project 'lab_8_sw'...
19:03:07 INFO  : Checking for BSP changes to sync application flags for project 'lab_8_sw'...
19:05:43 INFO  : Checking for BSP changes to sync application flags for project 'lab_8_sw'...
19:06:47 INFO  : Checking for BSP changes to sync application flags for project 'lab_8_sw'...
19:07:07 INFO  : Connected to target on host '127.0.0.1' and port '3121'.
19:07:39 INFO  : ----------------XSDB Script----------------
connect -url tcp:127.0.0.1:3121
----------------End of Script----------------

19:07:39 ERROR : Could not find FPGA device on the board for connection 'Local'.


Troubleshooting hints:
1. Check whether board is connected to system properly.
2. In case of zynq board, check whether Digilent/Xilinx cable switch settings are correct.
3. If you are using Xilinx Platform Cable USB, ensure that status LED is green.
19:08:36 INFO  : Checking for BSP changes to sync application flags for project 'lab_8_sw'...
19:08:42 INFO  : Connected to target on host '127.0.0.1' and port '3121'.
19:08:44 INFO  : Jtag cable 'Digilent Basys3 210183638419A' is selected.
19:08:44 INFO  : 'jtag frequency' command is executed.
19:08:45 INFO  : 'targets -set -filter {jtag_cable_name =~ "Digilent Basys3 210183638419A" && level==0 && jtag_device_ctx=="jsn-Basys3-210183638419A-0362d093-0"}' command is executed.
19:09:14 INFO  : Device configured successfully with "U:/EECE387/Lab_8_v2/workspace/lab_8_sw/_ide/bitstream/mb_lab8_sonic_wrapper.bit"
19:09:15 INFO  : Context for processor 'microblaze_0' is selected.
19:09:16 INFO  : Hardware design and registers information is loaded from 'U:/EECE387/Lab_8_v2/workspace/mb_lab8_sonic_wrapper/export/mb_lab8_sonic_wrapper/hw/mb_lab8_sonic_wrapper.xsa'.
19:09:16 INFO  : 'configparams mdm-detect-bscan-mask 2' command is executed.
19:09:17 INFO  : Context for processor 'microblaze_0' is selected.
19:09:18 INFO  : System reset is completed.
19:09:21 INFO  : 'after 3000' command is executed.
19:09:22 INFO  : Context for processor 'microblaze_0' is selected.
19:09:25 INFO  : The application 'U:/EECE387/Lab_8_v2/workspace/lab_8_sw/Debug/lab_8_sw.elf' is downloaded to processor 'microblaze_0'.
19:09:25 INFO  : ----------------XSDB Script----------------
connect -url tcp:127.0.0.1:3121
targets -set -filter {jtag_cable_name =~ "Digilent Basys3 210183638419A" && level==0 && jtag_device_ctx=="jsn-Basys3-210183638419A-0362d093-0"}
fpga -file U:/EECE387/Lab_8_v2/workspace/lab_8_sw/_ide/bitstream/mb_lab8_sonic_wrapper.bit
targets -set -nocase -filter {name =~ "*microblaze*#0" && bscan=="USER2" }
loadhw -hw U:/EECE387/Lab_8_v2/workspace/mb_lab8_sonic_wrapper/export/mb_lab8_sonic_wrapper/hw/mb_lab8_sonic_wrapper.xsa -regs
configparams mdm-detect-bscan-mask 2
targets -set -nocase -filter {name =~ "*microblaze*#0" && bscan=="USER2" }
rst -system
after 3000
targets -set -nocase -filter {name =~ "*microblaze*#0" && bscan=="USER2" }
dow U:/EECE387/Lab_8_v2/workspace/lab_8_sw/Debug/lab_8_sw.elf
----------------End of Script----------------

19:09:26 INFO  : Context for processor 'microblaze_0' is selected.
19:09:27 INFO  : 'con' command is executed.
19:09:27 INFO  : ----------------XSDB Script (After Launch)----------------
targets -set -nocase -filter {name =~ "*microblaze*#0" && bscan=="USER2" }
con
----------------End of Script----------------

19:09:27 INFO  : Launch script is exported to file 'U:\EECE387\Lab_8_v2\workspace\lab_8_sw_system\_ide\scripts\systemdebugger_lab_8_sw_system_1_standalone.tcl'
19:09:59 INFO  : Checking for BSP changes to sync application flags for project 'lab_8_sw'...
19:10:13 INFO  : Disconnected from the channel tcfchan#2.
19:10:14 INFO  : Connected to target on host '127.0.0.1' and port '3121'.
19:10:16 INFO  : Jtag cable 'Digilent Basys3 210183638419A' is selected.
19:10:17 INFO  : 'jtag frequency' command is executed.
19:10:17 INFO  : 'targets -set -filter {jtag_cable_name =~ "Digilent Basys3 210183638419A" && level==0 && jtag_device_ctx=="jsn-Basys3-210183638419A-0362d093-0"}' command is executed.
19:10:46 INFO  : Device configured successfully with "U:/EECE387/Lab_8_v2/workspace/lab_8_sw/_ide/bitstream/mb_lab8_sonic_wrapper.bit"
19:10:47 INFO  : Context for processor 'microblaze_0' is selected.
19:10:47 INFO  : Hardware design and registers information is loaded from 'U:/EECE387/Lab_8_v2/workspace/mb_lab8_sonic_wrapper/export/mb_lab8_sonic_wrapper/hw/mb_lab8_sonic_wrapper.xsa'.
19:10:48 INFO  : 'configparams mdm-detect-bscan-mask 2' command is executed.
19:10:49 INFO  : Context for processor 'microblaze_0' is selected.
19:10:50 INFO  : System reset is completed.
19:10:53 INFO  : 'after 3000' command is executed.
19:10:53 INFO  : Context for processor 'microblaze_0' is selected.
19:10:56 INFO  : The application 'U:/EECE387/Lab_8_v2/workspace/lab_8_sw/Debug/lab_8_sw.elf' is downloaded to processor 'microblaze_0'.
19:10:56 INFO  : ----------------XSDB Script----------------
connect -url tcp:127.0.0.1:3121
targets -set -filter {jtag_cable_name =~ "Digilent Basys3 210183638419A" && level==0 && jtag_device_ctx=="jsn-Basys3-210183638419A-0362d093-0"}
fpga -file U:/EECE387/Lab_8_v2/workspace/lab_8_sw/_ide/bitstream/mb_lab8_sonic_wrapper.bit
targets -set -nocase -filter {name =~ "*microblaze*#0" && bscan=="USER2" }
loadhw -hw U:/EECE387/Lab_8_v2/workspace/mb_lab8_sonic_wrapper/export/mb_lab8_sonic_wrapper/hw/mb_lab8_sonic_wrapper.xsa -regs
configparams mdm-detect-bscan-mask 2
targets -set -nocase -filter {name =~ "*microblaze*#0" && bscan=="USER2" }
rst -system
after 3000
targets -set -nocase -filter {name =~ "*microblaze*#0" && bscan=="USER2" }
dow U:/EECE387/Lab_8_v2/workspace/lab_8_sw/Debug/lab_8_sw.elf
----------------End of Script----------------

19:10:58 INFO  : Context for processor 'microblaze_0' is selected.
19:10:59 INFO  : 'con' command is executed.
19:10:59 INFO  : ----------------XSDB Script (After Launch)----------------
targets -set -nocase -filter {name =~ "*microblaze*#0" && bscan=="USER2" }
con
----------------End of Script----------------

19:10:59 INFO  : Launch script is exported to file 'U:\EECE387\Lab_8_v2\workspace\lab_8_sw_system\_ide\scripts\systemdebugger_lab_8_sw_system_1_standalone.tcl'
19:14:31 INFO  : Disconnected from the channel tcfchan#3.
19:14:31 INFO  : Connected to target on host '127.0.0.1' and port '3121'.
19:14:34 INFO  : Jtag cable 'Digilent Basys3 210183638419A' is selected.
19:14:34 INFO  : 'jtag frequency' command is executed.
19:14:35 INFO  : 'targets -set -filter {jtag_cable_name =~ "Digilent Basys3 210183638419A" && level==0 && jtag_device_ctx=="jsn-Basys3-210183638419A-0362d093-0"}' command is executed.
19:15:02 INFO  : Device configured successfully with "U:/EECE387/Lab_8_v2/workspace/lab_8_sw/_ide/bitstream/mb_lab8_sonic_wrapper.bit"
19:15:02 INFO  : Context for processor 'microblaze_0' is selected.
19:15:03 INFO  : Hardware design and registers information is loaded from 'U:/EECE387/Lab_8_v2/workspace/mb_lab8_sonic_wrapper/export/mb_lab8_sonic_wrapper/hw/mb_lab8_sonic_wrapper.xsa'.
19:15:03 INFO  : 'configparams mdm-detect-bscan-mask 2' command is executed.
19:15:04 INFO  : Context for processor 'microblaze_0' is selected.
19:15:05 INFO  : System reset is completed.
19:15:08 INFO  : 'after 3000' command is executed.
19:15:09 INFO  : Context for processor 'microblaze_0' is selected.
19:15:16 INFO  : The application 'U:/EECE387/Lab_8_v2/workspace/lab_8_sw/Debug/lab_8_sw.elf' is downloaded to processor 'microblaze_0'.
19:15:16 INFO  : ----------------XSDB Script----------------
connect -url tcp:127.0.0.1:3121
targets -set -filter {jtag_cable_name =~ "Digilent Basys3 210183638419A" && level==0 && jtag_device_ctx=="jsn-Basys3-210183638419A-0362d093-0"}
fpga -file U:/EECE387/Lab_8_v2/workspace/lab_8_sw/_ide/bitstream/mb_lab8_sonic_wrapper.bit
targets -set -nocase -filter {name =~ "*microblaze*#0" && bscan=="USER2" }
loadhw -hw U:/EECE387/Lab_8_v2/workspace/mb_lab8_sonic_wrapper/export/mb_lab8_sonic_wrapper/hw/mb_lab8_sonic_wrapper.xsa -regs
configparams mdm-detect-bscan-mask 2
targets -set -nocase -filter {name =~ "*microblaze*#0" && bscan=="USER2" }
rst -system
after 3000
targets -set -nocase -filter {name =~ "*microblaze*#0" && bscan=="USER2" }
dow U:/EECE387/Lab_8_v2/workspace/lab_8_sw/Debug/lab_8_sw.elf
----------------End of Script----------------

19:15:18 INFO  : Context for processor 'microblaze_0' is selected.
19:15:20 INFO  : 'con' command is executed.
19:15:20 INFO  : ----------------XSDB Script (After Launch)----------------
targets -set -nocase -filter {name =~ "*microblaze*#0" && bscan=="USER2" }
con
----------------End of Script----------------

19:15:20 INFO  : Launch script is exported to file 'U:\EECE387\Lab_8_v2\workspace\lab_8_sw_system\_ide\scripts\systemdebugger_lab_8_sw_system_1_standalone.tcl'
19:15:46 INFO  : Checking for BSP changes to sync application flags for project 'lab_8_sw'...
19:15:49 INFO  : Disconnected from the channel tcfchan#4.
19:15:50 INFO  : Connected to target on host '127.0.0.1' and port '3121'.
19:15:53 INFO  : Jtag cable 'Digilent Basys3 210183638419A' is selected.
19:15:53 INFO  : 'jtag frequency' command is executed.
19:15:54 INFO  : 'targets -set -filter {jtag_cable_name =~ "Digilent Basys3 210183638419A" && level==0 && jtag_device_ctx=="jsn-Basys3-210183638419A-0362d093-0"}' command is executed.
19:16:34 INFO  : Device configured successfully with "U:/EECE387/Lab_8_v2/workspace/lab_8_sw/_ide/bitstream/mb_lab8_sonic_wrapper.bit"
19:16:35 INFO  : Context for processor 'microblaze_0' is selected.
19:16:35 INFO  : Hardware design and registers information is loaded from 'U:/EECE387/Lab_8_v2/workspace/mb_lab8_sonic_wrapper/export/mb_lab8_sonic_wrapper/hw/mb_lab8_sonic_wrapper.xsa'.
19:16:36 INFO  : 'configparams mdm-detect-bscan-mask 2' command is executed.
19:16:36 INFO  : Context for processor 'microblaze_0' is selected.
19:16:37 INFO  : System reset is completed.
19:16:40 INFO  : 'after 3000' command is executed.
19:16:40 INFO  : Context for processor 'microblaze_0' is selected.
19:16:44 INFO  : The application 'U:/EECE387/Lab_8_v2/workspace/lab_8_sw/Debug/lab_8_sw.elf' is downloaded to processor 'microblaze_0'.
19:16:44 INFO  : ----------------XSDB Script----------------
connect -url tcp:127.0.0.1:3121
targets -set -filter {jtag_cable_name =~ "Digilent Basys3 210183638419A" && level==0 && jtag_device_ctx=="jsn-Basys3-210183638419A-0362d093-0"}
fpga -file U:/EECE387/Lab_8_v2/workspace/lab_8_sw/_ide/bitstream/mb_lab8_sonic_wrapper.bit
targets -set -nocase -filter {name =~ "*microblaze*#0" && bscan=="USER2" }
loadhw -hw U:/EECE387/Lab_8_v2/workspace/mb_lab8_sonic_wrapper/export/mb_lab8_sonic_wrapper/hw/mb_lab8_sonic_wrapper.xsa -regs
configparams mdm-detect-bscan-mask 2
targets -set -nocase -filter {name =~ "*microblaze*#0" && bscan=="USER2" }
rst -system
after 3000
targets -set -nocase -filter {name =~ "*microblaze*#0" && bscan=="USER2" }
dow U:/EECE387/Lab_8_v2/workspace/lab_8_sw/Debug/lab_8_sw.elf
----------------End of Script----------------

19:16:45 INFO  : Context for processor 'microblaze_0' is selected.
19:16:47 INFO  : 'con' command is executed.
19:16:47 INFO  : ----------------XSDB Script (After Launch)----------------
targets -set -nocase -filter {name =~ "*microblaze*#0" && bscan=="USER2" }
con
----------------End of Script----------------

19:16:47 INFO  : Launch script is exported to file 'U:\EECE387\Lab_8_v2\workspace\lab_8_sw_system\_ide\scripts\systemdebugger_lab_8_sw_system_1_standalone.tcl'
19:17:32 INFO  : Disconnected from the channel tcfchan#5.
11:08:22 DEBUG : Logs will be stored at 'U:/EECE387/Lab_8_v2/workspace/IDE.log'.
11:08:23 INFO  : Launching XSCT server: xsct.bat -n  -interactive U:\EECE387\Lab_8_v2\workspace\temp_xsdb_launch_script.tcl
11:08:29 INFO  : XSCT server has started successfully.
11:08:29 INFO  : Successfully done setting XSCT server connection channel  
11:08:29 INFO  : plnx-install-location is set to ''
11:08:29 INFO  : Successfully done setting workspace for the tool. 
11:08:29 INFO  : Platform repository initialization has completed.
11:08:53 INFO  : Registering command handlers for Vitis TCF services
11:08:55 INFO  : Successfully done query RDI_DATADIR 
11:09:37 INFO  : Checking for BSP changes to sync application flags for project 'lab_8_sw'...
11:10:43 INFO  : Connected to target on host '127.0.0.1' and port '3121'.
11:11:02 INFO  : ----------------XSDB Script----------------
connect -url tcp:127.0.0.1:3121
----------------End of Script----------------

11:11:02 ERROR : Could not find FPGA device on the board for connection 'Local'.


Troubleshooting hints:
1. Check whether board is connected to system properly.
2. In case of zynq board, check whether Digilent/Xilinx cable switch settings are correct.
3. If you are using Xilinx Platform Cable USB, ensure that status LED is green.
11:12:10 INFO  : Checking for BSP changes to sync application flags for project 'lab_8_sw'...
11:12:17 INFO  : Connected to target on host '127.0.0.1' and port '3121'.
11:12:35 INFO  : ----------------XSDB Script----------------
connect -url tcp:127.0.0.1:3121
----------------End of Script----------------

11:12:35 ERROR : Could not find FPGA device on the board for connection 'Local'.


Troubleshooting hints:
1. Check whether board is connected to system properly.
2. In case of zynq board, check whether Digilent/Xilinx cable switch settings are correct.
3. If you are using Xilinx Platform Cable USB, ensure that status LED is green.
11:13:12 INFO  : Connected to target on host '127.0.0.1' and port '3121'.
11:13:12 INFO  : Jtag cable 'Digilent Basys3 210183638419A' is selected.
11:13:13 INFO  : 'jtag frequency' command is executed.
11:13:13 INFO  : 'targets -set -filter {jtag_cable_name =~ "Digilent Basys3 210183638419A" && level==0 && jtag_device_ctx=="jsn-Basys3-210183638419A-0362d093-0"}' command is executed.
11:13:16 INFO  : Device configured successfully with "U:/EECE387/Lab_8_v2/workspace/lab_8_sw/_ide/bitstream/mb_lab8_sonic_wrapper.bit"
11:13:16 INFO  : Context for processor 'microblaze_0' is selected.
11:13:16 INFO  : Hardware design and registers information is loaded from 'U:/EECE387/Lab_8_v2/workspace/mb_lab8_sonic_wrapper/export/mb_lab8_sonic_wrapper/hw/mb_lab8_sonic_wrapper.xsa'.
11:13:16 INFO  : 'configparams mdm-detect-bscan-mask 2' command is executed.
11:13:16 INFO  : Context for processor 'microblaze_0' is selected.
11:13:16 INFO  : System reset is completed.
11:13:19 INFO  : 'after 3000' command is executed.
11:13:19 INFO  : Context for processor 'microblaze_0' is selected.
11:13:19 INFO  : The application 'U:/EECE387/Lab_8_v2/workspace/lab_8_sw/Debug/lab_8_sw.elf' is downloaded to processor 'microblaze_0'.
11:13:19 INFO  : ----------------XSDB Script----------------
connect -url tcp:127.0.0.1:3121
targets -set -filter {jtag_cable_name =~ "Digilent Basys3 210183638419A" && level==0 && jtag_device_ctx=="jsn-Basys3-210183638419A-0362d093-0"}
fpga -file U:/EECE387/Lab_8_v2/workspace/lab_8_sw/_ide/bitstream/mb_lab8_sonic_wrapper.bit
targets -set -nocase -filter {name =~ "*microblaze*#0" && bscan=="USER2" }
loadhw -hw U:/EECE387/Lab_8_v2/workspace/mb_lab8_sonic_wrapper/export/mb_lab8_sonic_wrapper/hw/mb_lab8_sonic_wrapper.xsa -regs
configparams mdm-detect-bscan-mask 2
targets -set -nocase -filter {name =~ "*microblaze*#0" && bscan=="USER2" }
rst -system
after 3000
targets -set -nocase -filter {name =~ "*microblaze*#0" && bscan=="USER2" }
dow U:/EECE387/Lab_8_v2/workspace/lab_8_sw/Debug/lab_8_sw.elf
----------------End of Script----------------

11:13:20 INFO  : Context for processor 'microblaze_0' is selected.
11:13:20 INFO  : 'con' command is executed.
11:13:20 INFO  : ----------------XSDB Script (After Launch)----------------
targets -set -nocase -filter {name =~ "*microblaze*#0" && bscan=="USER2" }
con
----------------End of Script----------------

11:13:20 INFO  : Launch script is exported to file 'U:\EECE387\Lab_8_v2\workspace\lab_8_sw_system\_ide\scripts\systemdebugger_lab_8_sw_system_3_standalone.tcl'
11:21:35 INFO  : Checking for BSP changes to sync application flags for project 'lab_8_sw'...
11:21:48 INFO  : Disconnected from the channel tcfchan#1.
11:21:48 INFO  : Connected to target on host '127.0.0.1' and port '3121'.
11:21:51 INFO  : Jtag cable 'Digilent Basys3 210183638419A' is selected.
11:21:51 INFO  : 'jtag frequency' command is executed.
11:21:51 INFO  : 'targets -set -filter {jtag_cable_name =~ "Digilent Basys3 210183638419A" && level==0 && jtag_device_ctx=="jsn-Basys3-210183638419A-0362d093-0"}' command is executed.
11:21:55 INFO  : Device configured successfully with "U:/EECE387/Lab_8_v2/workspace/lab_8_sw/_ide/bitstream/mb_lab8_sonic_wrapper.bit"
11:21:55 INFO  : Context for processor 'microblaze_0' is selected.
11:22:02 INFO  : Hardware design and registers information is loaded from 'U:/EECE387/Lab_8_v2/workspace/mb_lab8_sonic_wrapper/export/mb_lab8_sonic_wrapper/hw/mb_lab8_sonic_wrapper.xsa'.
11:22:02 INFO  : 'configparams mdm-detect-bscan-mask 2' command is executed.
11:22:02 INFO  : Context for processor 'microblaze_0' is selected.
11:22:03 INFO  : System reset is completed.
11:22:06 INFO  : 'after 3000' command is executed.
11:22:06 INFO  : Context for processor 'microblaze_0' is selected.
11:22:07 INFO  : The application 'U:/EECE387/Lab_8_v2/workspace/lab_8_sw/Debug/lab_8_sw.elf' is downloaded to processor 'microblaze_0'.
11:22:07 INFO  : ----------------XSDB Script----------------
connect -url tcp:127.0.0.1:3121
targets -set -filter {jtag_cable_name =~ "Digilent Basys3 210183638419A" && level==0 && jtag_device_ctx=="jsn-Basys3-210183638419A-0362d093-0"}
fpga -file U:/EECE387/Lab_8_v2/workspace/lab_8_sw/_ide/bitstream/mb_lab8_sonic_wrapper.bit
targets -set -nocase -filter {name =~ "*microblaze*#0" && bscan=="USER2" }
loadhw -hw U:/EECE387/Lab_8_v2/workspace/mb_lab8_sonic_wrapper/export/mb_lab8_sonic_wrapper/hw/mb_lab8_sonic_wrapper.xsa -regs
configparams mdm-detect-bscan-mask 2
targets -set -nocase -filter {name =~ "*microblaze*#0" && bscan=="USER2" }
rst -system
after 3000
targets -set -nocase -filter {name =~ "*microblaze*#0" && bscan=="USER2" }
dow U:/EECE387/Lab_8_v2/workspace/lab_8_sw/Debug/lab_8_sw.elf
----------------End of Script----------------

11:22:07 INFO  : Context for processor 'microblaze_0' is selected.
11:22:07 INFO  : 'con' command is executed.
11:22:07 INFO  : ----------------XSDB Script (After Launch)----------------
targets -set -nocase -filter {name =~ "*microblaze*#0" && bscan=="USER2" }
con
----------------End of Script----------------

11:22:07 INFO  : Launch script is exported to file 'U:\EECE387\Lab_8_v2\workspace\lab_8_sw_system\_ide\scripts\systemdebugger_lab_8_sw_system_3_standalone.tcl'
11:24:18 INFO  : Checking for BSP changes to sync application flags for project 'lab_8_sw'...
11:24:32 INFO  : Checking for BSP changes to sync application flags for project 'lab_8_sw'...
11:24:37 INFO  : Disconnected from the channel tcfchan#2.
11:24:37 INFO  : Connected to target on host '127.0.0.1' and port '3121'.
11:24:38 INFO  : Jtag cable 'Digilent Basys3 210183638419A' is selected.
11:24:38 INFO  : 'jtag frequency' command is executed.
11:24:38 INFO  : 'targets -set -filter {jtag_cable_name =~ "Digilent Basys3 210183638419A" && level==0 && jtag_device_ctx=="jsn-Basys3-210183638419A-0362d093-0"}' command is executed.
11:24:41 INFO  : Device configured successfully with "U:/EECE387/Lab_8_v2/workspace/lab_8_sw/_ide/bitstream/mb_lab8_sonic_wrapper.bit"
11:24:42 INFO  : Context for processor 'microblaze_0' is selected.
11:24:44 INFO  : Hardware design and registers information is loaded from 'U:/EECE387/Lab_8_v2/workspace/mb_lab8_sonic_wrapper/export/mb_lab8_sonic_wrapper/hw/mb_lab8_sonic_wrapper.xsa'.
11:24:44 INFO  : 'configparams mdm-detect-bscan-mask 2' command is executed.
11:24:44 INFO  : Context for processor 'microblaze_0' is selected.
11:24:44 INFO  : System reset is completed.
11:24:47 INFO  : 'after 3000' command is executed.
11:24:47 INFO  : Context for processor 'microblaze_0' is selected.
11:24:48 INFO  : The application 'U:/EECE387/Lab_8_v2/workspace/lab_8_sw/Debug/lab_8_sw.elf' is downloaded to processor 'microblaze_0'.
11:24:48 INFO  : ----------------XSDB Script----------------
connect -url tcp:127.0.0.1:3121
targets -set -filter {jtag_cable_name =~ "Digilent Basys3 210183638419A" && level==0 && jtag_device_ctx=="jsn-Basys3-210183638419A-0362d093-0"}
fpga -file U:/EECE387/Lab_8_v2/workspace/lab_8_sw/_ide/bitstream/mb_lab8_sonic_wrapper.bit
targets -set -nocase -filter {name =~ "*microblaze*#0" && bscan=="USER2" }
loadhw -hw U:/EECE387/Lab_8_v2/workspace/mb_lab8_sonic_wrapper/export/mb_lab8_sonic_wrapper/hw/mb_lab8_sonic_wrapper.xsa -regs
configparams mdm-detect-bscan-mask 2
targets -set -nocase -filter {name =~ "*microblaze*#0" && bscan=="USER2" }
rst -system
after 3000
targets -set -nocase -filter {name =~ "*microblaze*#0" && bscan=="USER2" }
dow U:/EECE387/Lab_8_v2/workspace/lab_8_sw/Debug/lab_8_sw.elf
----------------End of Script----------------

11:24:48 INFO  : Context for processor 'microblaze_0' is selected.
11:24:48 INFO  : 'con' command is executed.
11:24:48 INFO  : ----------------XSDB Script (After Launch)----------------
targets -set -nocase -filter {name =~ "*microblaze*#0" && bscan=="USER2" }
con
----------------End of Script----------------

11:24:48 INFO  : Launch script is exported to file 'U:\EECE387\Lab_8_v2\workspace\lab_8_sw_system\_ide\scripts\systemdebugger_lab_8_sw_system_3_standalone.tcl'
11:25:47 INFO  : Disconnected from the channel tcfchan#3.
11:25:47 INFO  : Connected to target on host '127.0.0.1' and port '3121'.
11:25:48 INFO  : Jtag cable 'Digilent Basys3 210183638419A' is selected.
11:25:48 INFO  : 'jtag frequency' command is executed.
11:25:49 INFO  : 'targets -set -filter {jtag_cable_name =~ "Digilent Basys3 210183638419A" && level==0 && jtag_device_ctx=="jsn-Basys3-210183638419A-0362d093-0"}' command is executed.
11:25:54 INFO  : Device configured successfully with "U:/EECE387/Lab_8_v2/workspace/lab_8_sw/_ide/bitstream/mb_lab8_sonic_wrapper.bit"
11:25:56 INFO  : Context for processor 'microblaze_0' is selected.
11:25:58 INFO  : Hardware design and registers information is loaded from 'U:/EECE387/Lab_8_v2/workspace/mb_lab8_sonic_wrapper/export/mb_lab8_sonic_wrapper/hw/mb_lab8_sonic_wrapper.xsa'.
11:25:58 INFO  : 'configparams mdm-detect-bscan-mask 2' command is executed.
11:25:59 INFO  : Context for processor 'microblaze_0' is selected.
11:25:59 INFO  : System reset is completed.
11:26:02 INFO  : 'after 3000' command is executed.
11:26:02 INFO  : Context for processor 'microblaze_0' is selected.
11:26:02 INFO  : The application 'U:/EECE387/Lab_8_v2/workspace/lab_8_sw/Debug/lab_8_sw.elf' is downloaded to processor 'microblaze_0'.
11:26:02 INFO  : ----------------XSDB Script----------------
connect -url tcp:127.0.0.1:3121
targets -set -filter {jtag_cable_name =~ "Digilent Basys3 210183638419A" && level==0 && jtag_device_ctx=="jsn-Basys3-210183638419A-0362d093-0"}
fpga -file U:/EECE387/Lab_8_v2/workspace/lab_8_sw/_ide/bitstream/mb_lab8_sonic_wrapper.bit
targets -set -nocase -filter {name =~ "*microblaze*#0" && bscan=="USER2" }
loadhw -hw U:/EECE387/Lab_8_v2/workspace/mb_lab8_sonic_wrapper/export/mb_lab8_sonic_wrapper/hw/mb_lab8_sonic_wrapper.xsa -regs
configparams mdm-detect-bscan-mask 2
targets -set -nocase -filter {name =~ "*microblaze*#0" && bscan=="USER2" }
rst -system
after 3000
targets -set -nocase -filter {name =~ "*microblaze*#0" && bscan=="USER2" }
dow U:/EECE387/Lab_8_v2/workspace/lab_8_sw/Debug/lab_8_sw.elf
----------------End of Script----------------

11:26:02 INFO  : Context for processor 'microblaze_0' is selected.
11:26:02 INFO  : 'con' command is executed.
11:26:02 INFO  : ----------------XSDB Script (After Launch)----------------
targets -set -nocase -filter {name =~ "*microblaze*#0" && bscan=="USER2" }
con
----------------End of Script----------------

11:26:02 INFO  : Launch script is exported to file 'U:\EECE387\Lab_8_v2\workspace\lab_8_sw_system\_ide\scripts\systemdebugger_lab_8_sw_system_3_standalone.tcl'
11:27:15 INFO  : Checking for BSP changes to sync application flags for project 'lab_8_sw'...
11:27:20 INFO  : Disconnected from the channel tcfchan#4.
11:27:20 INFO  : Connected to target on host '127.0.0.1' and port '3121'.
11:27:21 INFO  : Jtag cable 'Digilent Basys3 210183638419A' is selected.
11:27:21 INFO  : 'jtag frequency' command is executed.
11:27:21 INFO  : 'targets -set -filter {jtag_cable_name =~ "Digilent Basys3 210183638419A" && level==0 && jtag_device_ctx=="jsn-Basys3-210183638419A-0362d093-0"}' command is executed.
11:27:24 INFO  : Device configured successfully with "U:/EECE387/Lab_8_v2/workspace/lab_8_sw/_ide/bitstream/mb_lab8_sonic_wrapper.bit"
11:27:24 INFO  : Context for processor 'microblaze_0' is selected.
11:27:26 INFO  : Hardware design and registers information is loaded from 'U:/EECE387/Lab_8_v2/workspace/mb_lab8_sonic_wrapper/export/mb_lab8_sonic_wrapper/hw/mb_lab8_sonic_wrapper.xsa'.
11:27:26 INFO  : 'configparams mdm-detect-bscan-mask 2' command is executed.
11:27:27 INFO  : Context for processor 'microblaze_0' is selected.
11:27:27 INFO  : System reset is completed.
11:27:30 INFO  : 'after 3000' command is executed.
11:27:30 INFO  : Context for processor 'microblaze_0' is selected.
11:27:30 INFO  : The application 'U:/EECE387/Lab_8_v2/workspace/lab_8_sw/Debug/lab_8_sw.elf' is downloaded to processor 'microblaze_0'.
11:27:30 INFO  : ----------------XSDB Script----------------
connect -url tcp:127.0.0.1:3121
targets -set -filter {jtag_cable_name =~ "Digilent Basys3 210183638419A" && level==0 && jtag_device_ctx=="jsn-Basys3-210183638419A-0362d093-0"}
fpga -file U:/EECE387/Lab_8_v2/workspace/lab_8_sw/_ide/bitstream/mb_lab8_sonic_wrapper.bit
targets -set -nocase -filter {name =~ "*microblaze*#0" && bscan=="USER2" }
loadhw -hw U:/EECE387/Lab_8_v2/workspace/mb_lab8_sonic_wrapper/export/mb_lab8_sonic_wrapper/hw/mb_lab8_sonic_wrapper.xsa -regs
configparams mdm-detect-bscan-mask 2
targets -set -nocase -filter {name =~ "*microblaze*#0" && bscan=="USER2" }
rst -system
after 3000
targets -set -nocase -filter {name =~ "*microblaze*#0" && bscan=="USER2" }
dow U:/EECE387/Lab_8_v2/workspace/lab_8_sw/Debug/lab_8_sw.elf
----------------End of Script----------------

11:27:30 INFO  : Context for processor 'microblaze_0' is selected.
11:27:30 INFO  : 'con' command is executed.
11:27:30 INFO  : ----------------XSDB Script (After Launch)----------------
targets -set -nocase -filter {name =~ "*microblaze*#0" && bscan=="USER2" }
con
----------------End of Script----------------

11:27:30 INFO  : Launch script is exported to file 'U:\EECE387\Lab_8_v2\workspace\lab_8_sw_system\_ide\scripts\systemdebugger_lab_8_sw_system_3_standalone.tcl'
11:28:34 INFO  : Checking for BSP changes to sync application flags for project 'lab_8_sw'...
11:28:37 INFO  : Disconnected from the channel tcfchan#5.
11:28:38 INFO  : Connected to target on host '127.0.0.1' and port '3121'.
11:28:39 INFO  : Jtag cable 'Digilent Basys3 210183638419A' is selected.
11:28:39 INFO  : 'jtag frequency' command is executed.
11:28:39 INFO  : 'targets -set -filter {jtag_cable_name =~ "Digilent Basys3 210183638419A" && level==0 && jtag_device_ctx=="jsn-Basys3-210183638419A-0362d093-0"}' command is executed.
11:28:42 INFO  : Device configured successfully with "U:/EECE387/Lab_8_v2/workspace/lab_8_sw/_ide/bitstream/mb_lab8_sonic_wrapper.bit"
11:28:42 INFO  : Context for processor 'microblaze_0' is selected.
11:28:44 INFO  : Hardware design and registers information is loaded from 'U:/EECE387/Lab_8_v2/workspace/mb_lab8_sonic_wrapper/export/mb_lab8_sonic_wrapper/hw/mb_lab8_sonic_wrapper.xsa'.
11:28:44 INFO  : 'configparams mdm-detect-bscan-mask 2' command is executed.
11:28:45 INFO  : Context for processor 'microblaze_0' is selected.
11:28:45 INFO  : System reset is completed.
11:28:48 INFO  : 'after 3000' command is executed.
11:28:48 INFO  : Context for processor 'microblaze_0' is selected.
11:28:48 INFO  : The application 'U:/EECE387/Lab_8_v2/workspace/lab_8_sw/Debug/lab_8_sw.elf' is downloaded to processor 'microblaze_0'.
11:28:48 INFO  : ----------------XSDB Script----------------
connect -url tcp:127.0.0.1:3121
targets -set -filter {jtag_cable_name =~ "Digilent Basys3 210183638419A" && level==0 && jtag_device_ctx=="jsn-Basys3-210183638419A-0362d093-0"}
fpga -file U:/EECE387/Lab_8_v2/workspace/lab_8_sw/_ide/bitstream/mb_lab8_sonic_wrapper.bit
targets -set -nocase -filter {name =~ "*microblaze*#0" && bscan=="USER2" }
loadhw -hw U:/EECE387/Lab_8_v2/workspace/mb_lab8_sonic_wrapper/export/mb_lab8_sonic_wrapper/hw/mb_lab8_sonic_wrapper.xsa -regs
configparams mdm-detect-bscan-mask 2
targets -set -nocase -filter {name =~ "*microblaze*#0" && bscan=="USER2" }
rst -system
after 3000
targets -set -nocase -filter {name =~ "*microblaze*#0" && bscan=="USER2" }
dow U:/EECE387/Lab_8_v2/workspace/lab_8_sw/Debug/lab_8_sw.elf
----------------End of Script----------------

11:28:48 INFO  : Context for processor 'microblaze_0' is selected.
11:28:48 INFO  : 'con' command is executed.
11:28:48 INFO  : ----------------XSDB Script (After Launch)----------------
targets -set -nocase -filter {name =~ "*microblaze*#0" && bscan=="USER2" }
con
----------------End of Script----------------

11:28:48 INFO  : Launch script is exported to file 'U:\EECE387\Lab_8_v2\workspace\lab_8_sw_system\_ide\scripts\systemdebugger_lab_8_sw_system_3_standalone.tcl'
11:36:59 INFO  : Disconnected from the channel tcfchan#6.
11:36:59 INFO  : Connected to target on host '127.0.0.1' and port '3121'.
11:37:01 INFO  : Checking for BSP changes to sync application flags for project 'lab_8_sw'...
11:37:12 INFO  : Jtag cable 'Digilent Basys3 210183638419A' is selected.
11:37:12 INFO  : 'jtag frequency' command is executed.
11:37:12 INFO  : 'targets -set -filter {jtag_cable_name =~ "Digilent Basys3 210183638419A" && level==0 && jtag_device_ctx=="jsn-Basys3-210183638419A-0362d093-0"}' command is executed.
11:37:17 INFO  : Device configured successfully with "U:/EECE387/Lab_8_v2/workspace/lab_8_sw/_ide/bitstream/mb_lab8_sonic_wrapper.bit"
11:37:19 INFO  : Context for processor 'microblaze_0' is selected.
11:37:20 INFO  : Connected to target on host '127.0.0.1' and port '3121'.
11:37:20 INFO  : Hardware design and registers information is loaded from 'U:/EECE387/Lab_8_v2/workspace/mb_lab8_sonic_wrapper/export/mb_lab8_sonic_wrapper/hw/mb_lab8_sonic_wrapper.xsa'.
11:37:20 INFO  : 'configparams mdm-detect-bscan-mask 2' command is executed.
11:37:22 INFO  : Context for processor 'microblaze_0' is selected.
11:37:22 INFO  : System reset is completed.
11:37:26 INFO  : 'after 3000' command is executed.
11:37:26 INFO  : Context for processor 'microblaze_0' is selected.
11:37:26 INFO  : The application 'U:/EECE387/Lab_8_v2/workspace/lab_8_sw/Debug/lab_8_sw.elf' is downloaded to processor 'microblaze_0'.
11:37:26 INFO  : ----------------XSDB Script----------------
connect -url tcp:127.0.0.1:3121
targets -set -filter {jtag_cable_name =~ "Digilent Basys3 210183638419A" && level==0 && jtag_device_ctx=="jsn-Basys3-210183638419A-0362d093-0"}
fpga -file U:/EECE387/Lab_8_v2/workspace/lab_8_sw/_ide/bitstream/mb_lab8_sonic_wrapper.bit
targets -set -nocase -filter {name =~ "*microblaze*#0" && bscan=="USER2" }
loadhw -hw U:/EECE387/Lab_8_v2/workspace/mb_lab8_sonic_wrapper/export/mb_lab8_sonic_wrapper/hw/mb_lab8_sonic_wrapper.xsa -regs
configparams mdm-detect-bscan-mask 2
targets -set -nocase -filter {name =~ "*microblaze*#0" && bscan=="USER2" }
rst -system
after 3000
targets -set -nocase -filter {name =~ "*microblaze*#0" && bscan=="USER2" }
dow U:/EECE387/Lab_8_v2/workspace/lab_8_sw/Debug/lab_8_sw.elf
----------------End of Script----------------

11:37:26 INFO  : Context for processor 'microblaze_0' is selected.
11:37:26 INFO  : 'con' command is executed.
11:37:26 INFO  : ----------------XSDB Script (After Launch)----------------
targets -set -nocase -filter {name =~ "*microblaze*#0" && bscan=="USER2" }
con
----------------End of Script----------------

11:37:26 INFO  : Launch script is exported to file 'U:\EECE387\Lab_8_v2\workspace\lab_8_sw_system\_ide\scripts\systemdebugger_lab_8_sw_system_3_standalone.tcl'
11:37:27 INFO  : Jtag cable 'Digilent Basys3 210183638419A' is selected.
11:37:27 INFO  : 'jtag frequency' command is executed.
11:37:27 INFO  : 'targets -set -filter {jtag_cable_name =~ "Digilent Basys3 210183638419A" && level==0 && jtag_device_ctx=="jsn-Basys3-210183638419A-0362d093-0"}' command is executed.
11:37:29 INFO  : Device configured successfully with "U:/EECE387/Lab_8_v2/workspace/lab_8_sw/_ide/bitstream/mb_lab8_sonic_wrapper.bit"
11:37:30 INFO  : Context for processor 'microblaze_0' is selected.
11:37:30 INFO  : Hardware design and registers information is loaded from 'U:/EECE387/Lab_8_v2/workspace/mb_lab8_sonic_wrapper/export/mb_lab8_sonic_wrapper/hw/mb_lab8_sonic_wrapper.xsa'.
11:37:30 INFO  : 'configparams mdm-detect-bscan-mask 2' command is executed.
11:37:30 INFO  : Context for processor 'microblaze_0' is selected.
11:37:30 INFO  : System reset is completed.
11:37:33 INFO  : 'after 3000' command is executed.
11:37:33 INFO  : Context for processor 'microblaze_0' is selected.
11:37:33 INFO  : The application 'U:/EECE387/Lab_8_v2/workspace/lab_8_sw/Debug/lab_8_sw.elf' is downloaded to processor 'microblaze_0'.
11:37:33 INFO  : ----------------XSDB Script----------------
connect -url tcp:127.0.0.1:3121
targets -set -filter {jtag_cable_name =~ "Digilent Basys3 210183638419A" && level==0 && jtag_device_ctx=="jsn-Basys3-210183638419A-0362d093-0"}
fpga -file U:/EECE387/Lab_8_v2/workspace/lab_8_sw/_ide/bitstream/mb_lab8_sonic_wrapper.bit
targets -set -nocase -filter {name =~ "*microblaze*#0" && bscan=="USER2" }
loadhw -hw U:/EECE387/Lab_8_v2/workspace/mb_lab8_sonic_wrapper/export/mb_lab8_sonic_wrapper/hw/mb_lab8_sonic_wrapper.xsa -regs
configparams mdm-detect-bscan-mask 2
targets -set -nocase -filter {name =~ "*microblaze*#0" && bscan=="USER2" }
rst -system
after 3000
targets -set -nocase -filter {name =~ "*microblaze*#0" && bscan=="USER2" }
dow U:/EECE387/Lab_8_v2/workspace/lab_8_sw/Debug/lab_8_sw.elf
----------------End of Script----------------

11:37:34 INFO  : Context for processor 'microblaze_0' is selected.
11:37:34 INFO  : 'con' command is executed.
11:37:34 INFO  : ----------------XSDB Script (After Launch)----------------
targets -set -nocase -filter {name =~ "*microblaze*#0" && bscan=="USER2" }
con
----------------End of Script----------------

11:37:34 INFO  : Launch script is exported to file 'U:\EECE387\Lab_8_v2\workspace\lab_8_sw_system\_ide\scripts\systemdebugger_lab_8_sw_system_3_standalone.tcl'
11:49:55 INFO  : Checking for BSP changes to sync application flags for project 'lab_8_sw'...
11:51:25 INFO  : Checking for BSP changes to sync application flags for project 'lab_8_sw'...
11:51:57 INFO  : Checking for BSP changes to sync application flags for project 'lab_8_sw'...
11:52:55 INFO  : Checking for BSP changes to sync application flags for project 'lab_8_sw'...
11:54:20 INFO  : Checking for BSP changes to sync application flags for project 'lab_8_sw'...
11:54:27 INFO  : Disconnected from the channel tcfchan#7.
11:54:27 INFO  : Connected to target on host '127.0.0.1' and port '3121'.
11:54:28 INFO  : Jtag cable 'Digilent Basys3 210183638419A' is selected.
11:54:28 INFO  : 'jtag frequency' command is executed.
11:54:28 INFO  : 'targets -set -filter {jtag_cable_name =~ "Digilent Basys3 210183638419A" && level==0 && jtag_device_ctx=="jsn-Basys3-210183638419A-0362d093-0"}' command is executed.
11:54:31 INFO  : Device configured successfully with "U:/EECE387/Lab_8_v2/workspace/lab_8_sw/_ide/bitstream/mb_lab8_sonic_wrapper.bit"
11:54:31 INFO  : Context for processor 'microblaze_0' is selected.
11:54:34 INFO  : Hardware design and registers information is loaded from 'U:/EECE387/Lab_8_v2/workspace/mb_lab8_sonic_wrapper/export/mb_lab8_sonic_wrapper/hw/mb_lab8_sonic_wrapper.xsa'.
11:54:34 INFO  : 'configparams mdm-detect-bscan-mask 2' command is executed.
11:54:34 INFO  : Context for processor 'microblaze_0' is selected.
11:54:34 INFO  : System reset is completed.
11:54:37 INFO  : 'after 3000' command is executed.
11:54:37 INFO  : Context for processor 'microblaze_0' is selected.
11:54:37 INFO  : The application 'U:/EECE387/Lab_8_v2/workspace/lab_8_sw/Debug/lab_8_sw.elf' is downloaded to processor 'microblaze_0'.
11:54:37 INFO  : ----------------XSDB Script----------------
connect -url tcp:127.0.0.1:3121
targets -set -filter {jtag_cable_name =~ "Digilent Basys3 210183638419A" && level==0 && jtag_device_ctx=="jsn-Basys3-210183638419A-0362d093-0"}
fpga -file U:/EECE387/Lab_8_v2/workspace/lab_8_sw/_ide/bitstream/mb_lab8_sonic_wrapper.bit
targets -set -nocase -filter {name =~ "*microblaze*#0" && bscan=="USER2" }
loadhw -hw U:/EECE387/Lab_8_v2/workspace/mb_lab8_sonic_wrapper/export/mb_lab8_sonic_wrapper/hw/mb_lab8_sonic_wrapper.xsa -regs
configparams mdm-detect-bscan-mask 2
targets -set -nocase -filter {name =~ "*microblaze*#0" && bscan=="USER2" }
rst -system
after 3000
targets -set -nocase -filter {name =~ "*microblaze*#0" && bscan=="USER2" }
dow U:/EECE387/Lab_8_v2/workspace/lab_8_sw/Debug/lab_8_sw.elf
----------------End of Script----------------

11:54:37 INFO  : Context for processor 'microblaze_0' is selected.
11:54:38 INFO  : 'con' command is executed.
11:54:38 INFO  : ----------------XSDB Script (After Launch)----------------
targets -set -nocase -filter {name =~ "*microblaze*#0" && bscan=="USER2" }
con
----------------End of Script----------------

11:54:38 INFO  : Launch script is exported to file 'U:\EECE387\Lab_8_v2\workspace\lab_8_sw_system\_ide\scripts\systemdebugger_lab_8_sw_system_3_standalone.tcl'
12:08:18 INFO  : Checking for BSP changes to sync application flags for project 'lab_8_sw'...
12:09:54 INFO  : Checking for BSP changes to sync application flags for project 'lab_8_sw'...
12:10:04 INFO  : Checking for BSP changes to sync application flags for project 'lab_8_sw'...
12:10:10 INFO  : Disconnected from the channel tcfchan#8.
12:10:10 INFO  : Connected to target on host '127.0.0.1' and port '3121'.
12:10:20 INFO  : ----------------XSDB Script----------------
connect -url tcp:127.0.0.1:3121
----------------End of Script----------------

12:10:20 ERROR : Could not find FPGA device on the board for connection 'Local'.


Troubleshooting hints:
1. Check whether board is connected to system properly.
2. In case of zynq board, check whether Digilent/Xilinx cable switch settings are correct.
3. If you are using Xilinx Platform Cable USB, ensure that status LED is green.
12:10:24 INFO  : Connected to target on host '127.0.0.1' and port '3121'.
12:10:33 INFO  : ----------------XSDB Script----------------
connect -url tcp:127.0.0.1:3121
----------------End of Script----------------

12:10:33 ERROR : Could not find FPGA device on the board for connection 'Local'.


Troubleshooting hints:
1. Check whether board is connected to system properly.
2. In case of zynq board, check whether Digilent/Xilinx cable switch settings are correct.
3. If you are using Xilinx Platform Cable USB, ensure that status LED is green.
12:10:39 INFO  : Connected to target on host '127.0.0.1' and port '3121'.
12:10:48 INFO  : ----------------XSDB Script----------------
connect -url tcp:127.0.0.1:3121
----------------End of Script----------------

12:10:48 ERROR : Could not find FPGA device on the board for connection 'Local'.


Troubleshooting hints:
1. Check whether board is connected to system properly.
2. In case of zynq board, check whether Digilent/Xilinx cable switch settings are correct.
3. If you are using Xilinx Platform Cable USB, ensure that status LED is green.
12:10:57 INFO  : Connected to target on host '127.0.0.1' and port '3121'.
12:11:07 INFO  : ----------------XSDB Script----------------
connect -url tcp:127.0.0.1:3121
----------------End of Script----------------

12:11:07 ERROR : Could not find FPGA device on the board for connection 'Local'.


Troubleshooting hints:
1. Check whether board is connected to system properly.
2. In case of zynq board, check whether Digilent/Xilinx cable switch settings are correct.
3. If you are using Xilinx Platform Cable USB, ensure that status LED is green.
12:11:15 INFO  : Connected to target on host '127.0.0.1' and port '3121'.
12:11:24 INFO  : ----------------XSDB Script----------------
connect -url tcp:127.0.0.1:3121
----------------End of Script----------------

12:11:24 ERROR : Could not find FPGA device on the board for connection 'Local'.


Troubleshooting hints:
1. Check whether board is connected to system properly.
2. In case of zynq board, check whether Digilent/Xilinx cable switch settings are correct.
3. If you are using Xilinx Platform Cable USB, ensure that status LED is green.
12:11:37 INFO  : Checking for BSP changes to sync application flags for project 'lab_8_sw'...
12:11:42 INFO  : Connected to target on host '127.0.0.1' and port '3121'.
12:11:44 INFO  : Jtag cable 'Digilent Basys3 210183638419A' is selected.
12:11:44 INFO  : 'jtag frequency' command is executed.
12:11:45 INFO  : 'targets -set -filter {jtag_cable_name =~ "Digilent Basys3 210183638419A" && level==0 && jtag_device_ctx=="jsn-Basys3-210183638419A-0362d093-0"}' command is executed.
12:11:48 INFO  : Device configured successfully with "U:/EECE387/Lab_8_v2/workspace/lab_8_sw/_ide/bitstream/mb_lab8_sonic_wrapper.bit"
12:11:48 INFO  : Connected to target on host '127.0.0.1' and port '3121'.
12:11:48 INFO  : Context for processor 'microblaze_0' is selected.
12:11:49 INFO  : Hardware design and registers information is loaded from 'U:/EECE387/Lab_8_v2/workspace/mb_lab8_sonic_wrapper/export/mb_lab8_sonic_wrapper/hw/mb_lab8_sonic_wrapper.xsa'.
12:11:49 INFO  : 'configparams mdm-detect-bscan-mask 2' command is executed.
12:11:49 INFO  : Context for processor 'microblaze_0' is selected.
12:11:49 INFO  : System reset is completed.
12:11:52 INFO  : 'after 3000' command is executed.
12:11:52 INFO  : Context for processor 'microblaze_0' is selected.
12:11:53 INFO  : The application 'U:/EECE387/Lab_8_v2/workspace/lab_8_sw/Debug/lab_8_sw.elf' is downloaded to processor 'microblaze_0'.
12:11:53 INFO  : ----------------XSDB Script----------------
connect -url tcp:127.0.0.1:3121
targets -set -filter {jtag_cable_name =~ "Digilent Basys3 210183638419A" && level==0 && jtag_device_ctx=="jsn-Basys3-210183638419A-0362d093-0"}
fpga -file U:/EECE387/Lab_8_v2/workspace/lab_8_sw/_ide/bitstream/mb_lab8_sonic_wrapper.bit
targets -set -nocase -filter {name =~ "*microblaze*#0" && bscan=="USER2" }
loadhw -hw U:/EECE387/Lab_8_v2/workspace/mb_lab8_sonic_wrapper/export/mb_lab8_sonic_wrapper/hw/mb_lab8_sonic_wrapper.xsa -regs
configparams mdm-detect-bscan-mask 2
targets -set -nocase -filter {name =~ "*microblaze*#0" && bscan=="USER2" }
rst -system
after 3000
targets -set -nocase -filter {name =~ "*microblaze*#0" && bscan=="USER2" }
dow U:/EECE387/Lab_8_v2/workspace/lab_8_sw/Debug/lab_8_sw.elf
----------------End of Script----------------

12:11:53 INFO  : Context for processor 'microblaze_0' is selected.
12:11:53 INFO  : 'con' command is executed.
12:11:53 INFO  : ----------------XSDB Script (After Launch)----------------
targets -set -nocase -filter {name =~ "*microblaze*#0" && bscan=="USER2" }
con
----------------End of Script----------------

12:11:53 INFO  : Launch script is exported to file 'U:\EECE387\Lab_8_v2\workspace\lab_8_sw_system\_ide\scripts\systemdebugger_lab_8_sw_system_standalone.tcl'
12:11:53 INFO  : Jtag cable 'Digilent Basys3 210183638419A' is selected.
12:11:53 INFO  : 'jtag frequency' command is executed.
12:11:54 INFO  : 'targets -set -filter {jtag_cable_name =~ "Digilent Basys3 210183638419A" && level==0 && jtag_device_ctx=="jsn-Basys3-210183638419A-0362d093-0"}' command is executed.
12:11:57 INFO  : Device configured successfully with "U:/EECE387/Lab_8_v2/workspace/lab_8_sw/_ide/bitstream/mb_lab8_sonic_wrapper.bit"
12:11:57 INFO  : Context for processor 'microblaze_0' is selected.
12:11:57 INFO  : Hardware design and registers information is loaded from 'U:/EECE387/Lab_8_v2/workspace/mb_lab8_sonic_wrapper/export/mb_lab8_sonic_wrapper/hw/mb_lab8_sonic_wrapper.xsa'.
12:11:57 INFO  : 'configparams mdm-detect-bscan-mask 2' command is executed.
12:11:57 INFO  : Context for processor 'microblaze_0' is selected.
12:11:57 INFO  : System reset is completed.
12:12:00 INFO  : 'after 3000' command is executed.
12:12:01 INFO  : Context for processor 'microblaze_0' is selected.
12:12:01 INFO  : The application 'U:/EECE387/Lab_8_v2/workspace/lab_8_sw/Debug/lab_8_sw.elf' is downloaded to processor 'microblaze_0'.
12:12:01 INFO  : ----------------XSDB Script----------------
connect -url tcp:127.0.0.1:3121
targets -set -filter {jtag_cable_name =~ "Digilent Basys3 210183638419A" && level==0 && jtag_device_ctx=="jsn-Basys3-210183638419A-0362d093-0"}
fpga -file U:/EECE387/Lab_8_v2/workspace/lab_8_sw/_ide/bitstream/mb_lab8_sonic_wrapper.bit
targets -set -nocase -filter {name =~ "*microblaze*#0" && bscan=="USER2" }
loadhw -hw U:/EECE387/Lab_8_v2/workspace/mb_lab8_sonic_wrapper/export/mb_lab8_sonic_wrapper/hw/mb_lab8_sonic_wrapper.xsa -regs
configparams mdm-detect-bscan-mask 2
targets -set -nocase -filter {name =~ "*microblaze*#0" && bscan=="USER2" }
rst -system
after 3000
targets -set -nocase -filter {name =~ "*microblaze*#0" && bscan=="USER2" }
dow U:/EECE387/Lab_8_v2/workspace/lab_8_sw/Debug/lab_8_sw.elf
----------------End of Script----------------

12:12:01 INFO  : Context for processor 'microblaze_0' is selected.
12:12:01 INFO  : 'con' command is executed.
12:12:01 INFO  : ----------------XSDB Script (After Launch)----------------
targets -set -nocase -filter {name =~ "*microblaze*#0" && bscan=="USER2" }
con
----------------End of Script----------------

12:12:01 INFO  : Launch script is exported to file 'U:\EECE387\Lab_8_v2\workspace\lab_8_sw_system\_ide\scripts\systemdebugger_lab_8_sw_system_standalone.tcl'
12:29:00 INFO  : Launching XSCT server: xsct.bat -n  -interactive U:\EECE387\Lab_8_v2\workspace\temp_xsdb_launch_script.tcl
