
*** Running vivado
    with args -log mb_lab1_wrapper.vds -m64 -product Vivado -mode batch -messageDb vivado.pb -notrace -source mb_lab1_wrapper.tcl



****** Vivado v2023.2 (64-bit)
  **** SW Build 4029153 on Fri Oct 13 20:14:34 MDT 2023
  **** IP Build 4028589 on Sat Oct 14 00:45:43 MDT 2023
  **** SharedData Build 4025554 on Tue Oct 10 17:18:54 MDT 2023
    ** Copyright 1986-2022 Xilinx, Inc. All Rights Reserved.
    ** Copyright 2022-2023 Advanced Micro Devices, Inc. All Rights Reserved.

source mb_lab1_wrapper.tcl -notrace
create_project: Time (s): cpu = 00:00:00 ; elapsed = 00:00:06 . Memory (MB): peak = 566.930 ; gain = 181.219
INFO: [IP_Flow 19-234] Refreshing IP repositories
WARNING: [IP_Flow 19-3685] Ignored loading user repository 'd:/EECE387_1/Lab_8/ip_repo/sensor_sonic_1_0'. The path is contained within another repository.
INFO: [IP_Flow 19-1700] Loaded user IP repository 'd:/EECE387_1/ip_repo'.
WARNING: [IP_Flow 19-3685] Ignored loading user repository 'd:/EECE387_1/Lab_8/ip_repo/Pmod_encod_1_0'. The path is contained within another repository.
WARNING: [IP_Flow 19-2248] Failed to load user IP repository 'd:/EECE387_1/Lab_8/ip_repo'; Can't find the specified path.
If this directory should no longer be in your list of user repositories, go to the IP Settings dialog and remove it.
WARNING: [IP_Flow 19-3685] Ignored loading user repository 'd:/EECE387_1/Lab_8/ip_repo/test_port_1_1'. The path is contained within another repository.
WARNING: [IP_Flow 19-3685] Ignored loading user repository 'd:/EECE387_1/Lab_8/ip_repo/test_port_1_0'. The path is contained within another repository.
INFO: [IP_Flow 19-2313] Loaded Vivado IP repository 'D:/Vivado/2023.2/data/ip'.
Command: read_checkpoint -auto_incremental -incremental D:/EECE387_1/Lab_8/Lab_8_v2/Lab_8_v2.srcs/utils_1/imports/synth_1/mb_lab1_wrapper.dcp
INFO: [Vivado 12-5825] Read reference checkpoint from D:/EECE387_1/Lab_8/Lab_8_v2/Lab_8_v2.srcs/utils_1/imports/synth_1/mb_lab1_wrapper.dcp for incremental synthesis
INFO: [Vivado 12-7989] Please ensure there are no constraint changes
Command: synth_design -top mb_lab1_wrapper -part xc7a35tcpg236-1
Starting synth_design
Attempting to get a license for feature 'Synthesis' and/or device 'xc7a35t'
INFO: [Common 17-349] Got license for feature 'Synthesis' and/or device 'xc7a35t'
INFO: [Device 21-403] Loading part xc7a35tcpg236-1
INFO: [Designutils 20-5440] No compile time benefit to using incremental synthesis; A full resynthesis will be run
INFO: [Designutils 20-4379] Flow is switching to default flow due to incremental criteria not met. If you would like to alter this behaviour and have the flow terminate instead, please set the following parameter config_implementation {autoIncr.Synth.RejectBehavior Terminate}
INFO: [Synth 8-7079] Multithreading enabled for synth_design using a maximum of 2 processes.
INFO: [Synth 8-7078] Launching helper process for spawning children vivado processes
INFO: [Synth 8-7075] Helper process launched with PID 29152
---------------------------------------------------------------------------------
Starting RTL Elaboration : Time (s): cpu = 00:00:01 ; elapsed = 00:00:06 . Memory (MB): peak = 1439.477 ; gain = 439.816
---------------------------------------------------------------------------------
INFO: [Synth 8-638] synthesizing module 'mb_lab1_wrapper' [D:/EECE387_1/Lab_8/Lab_8_v2/Lab_8_v2.gen/sources_1/bd/mb_lab1/hdl/mb_lab1_wrapper.vhd:36]
INFO: [Synth 8-3491] module 'mb_lab1' declared at 'd:/EECE387_1/Lab_8/Lab_8_v2/Lab_8_v2.gen/sources_1/bd/mb_lab1/synth/mb_lab1.vhd:2779' bound to instance 'mb_lab1_i' of component 'mb_lab1' [D:/EECE387_1/Lab_8/Lab_8_v2/Lab_8_v2.gen/sources_1/bd/mb_lab1/hdl/mb_lab1_wrapper.vhd:58]
INFO: [Synth 8-638] synthesizing module 'mb_lab1' [d:/EECE387_1/Lab_8/Lab_8_v2/Lab_8_v2.gen/sources_1/bd/mb_lab1/synth/mb_lab1.vhd:2804]
INFO: [Synth 8-3491] module 'mb_lab1_alarm_timer_0_0' declared at 'D:/EECE387_1/Lab_8/Lab_8_v2/Lab_8_v2.runs/synth_1/.Xil/Vivado-28844-LAPTOP-F28O89LN/realtime/mb_lab1_alarm_timer_0_0_stub.vhdl:6' bound to instance 'alarm_timer_0' of component 'mb_lab1_alarm_timer_0_0' [d:/EECE387_1/Lab_8/Lab_8_v2/Lab_8_v2.gen/sources_1/bd/mb_lab1/synth/mb_lab1.vhd:3401]
INFO: [Synth 8-638] synthesizing module 'mb_lab1_alarm_timer_0_0' [D:/EECE387_1/Lab_8/Lab_8_v2/Lab_8_v2.runs/synth_1/.Xil/Vivado-28844-LAPTOP-F28O89LN/realtime/mb_lab1_alarm_timer_0_0_stub.vhdl:33]
INFO: [Synth 8-3491] module 'mb_lab1_axi_gpio_0_0' declared at 'D:/EECE387_1/Lab_8/Lab_8_v2/Lab_8_v2.runs/synth_1/.Xil/Vivado-28844-LAPTOP-F28O89LN/realtime/mb_lab1_axi_gpio_0_0_stub.vhdl:6' bound to instance 'axi_gpio_0' of component 'mb_lab1_axi_gpio_0_0' [d:/EECE387_1/Lab_8/Lab_8_v2/Lab_8_v2.gen/sources_1/bd/mb_lab1/synth/mb_lab1.vhd:3425]
INFO: [Synth 8-638] synthesizing module 'mb_lab1_axi_gpio_0_0' [D:/EECE387_1/Lab_8/Lab_8_v2/Lab_8_v2.runs/synth_1/.Xil/Vivado-28844-LAPTOP-F28O89LN/realtime/mb_lab1_axi_gpio_0_0_stub.vhdl:33]
INFO: [Synth 8-3491] module 'mb_lab1_axi_gpio_1_0' declared at 'D:/EECE387_1/Lab_8/Lab_8_v2/Lab_8_v2.runs/synth_1/.Xil/Vivado-28844-LAPTOP-F28O89LN/realtime/mb_lab1_axi_gpio_1_0_stub.vhdl:6' bound to instance 'axi_gpio_1' of component 'mb_lab1_axi_gpio_1_0' [d:/EECE387_1/Lab_8/Lab_8_v2/Lab_8_v2.gen/sources_1/bd/mb_lab1/synth/mb_lab1.vhd:3449]
INFO: [Synth 8-638] synthesizing module 'mb_lab1_axi_gpio_1_0' [D:/EECE387_1/Lab_8/Lab_8_v2/Lab_8_v2.runs/synth_1/.Xil/Vivado-28844-LAPTOP-F28O89LN/realtime/mb_lab1_axi_gpio_1_0_stub.vhdl:32]
INFO: [Synth 8-3491] module 'mb_lab1_axi_gpio_2_0' declared at 'D:/EECE387_1/Lab_8/Lab_8_v2/Lab_8_v2.runs/synth_1/.Xil/Vivado-28844-LAPTOP-F28O89LN/realtime/mb_lab1_axi_gpio_2_0_stub.vhdl:6' bound to instance 'axi_gpio_2' of component 'mb_lab1_axi_gpio_2_0' [d:/EECE387_1/Lab_8/Lab_8_v2/Lab_8_v2.gen/sources_1/bd/mb_lab1/synth/mb_lab1.vhd:3472]
INFO: [Synth 8-638] synthesizing module 'mb_lab1_axi_gpio_2_0' [D:/EECE387_1/Lab_8/Lab_8_v2/Lab_8_v2.runs/synth_1/.Xil/Vivado-28844-LAPTOP-F28O89LN/realtime/mb_lab1_axi_gpio_2_0_stub.vhdl:33]
INFO: [Synth 8-3491] module 'mb_lab1_axi_gpio_3_0' declared at 'D:/EECE387_1/Lab_8/Lab_8_v2/Lab_8_v2.runs/synth_1/.Xil/Vivado-28844-LAPTOP-F28O89LN/realtime/mb_lab1_axi_gpio_3_0_stub.vhdl:6' bound to instance 'axi_gpio_3' of component 'mb_lab1_axi_gpio_3_0' [d:/EECE387_1/Lab_8/Lab_8_v2/Lab_8_v2.gen/sources_1/bd/mb_lab1/synth/mb_lab1.vhd:3496]
INFO: [Synth 8-638] synthesizing module 'mb_lab1_axi_gpio_3_0' [D:/EECE387_1/Lab_8/Lab_8_v2/Lab_8_v2.runs/synth_1/.Xil/Vivado-28844-LAPTOP-F28O89LN/realtime/mb_lab1_axi_gpio_3_0_stub.vhdl:32]
INFO: [Synth 8-3491] module 'mb_lab1_axi_uartlite_0_0' declared at 'D:/EECE387_1/Lab_8/Lab_8_v2/Lab_8_v2.runs/synth_1/.Xil/Vivado-28844-LAPTOP-F28O89LN/realtime/mb_lab1_axi_uartlite_0_0_stub.vhdl:6' bound to instance 'axi_uartlite_0' of component 'mb_lab1_axi_uartlite_0_0' [d:/EECE387_1/Lab_8/Lab_8_v2/Lab_8_v2.gen/sources_1/bd/mb_lab1/synth/mb_lab1.vhd:3519]
INFO: [Synth 8-638] synthesizing module 'mb_lab1_axi_uartlite_0_0' [D:/EECE387_1/Lab_8/Lab_8_v2/Lab_8_v2.runs/synth_1/.Xil/Vivado-28844-LAPTOP-F28O89LN/realtime/mb_lab1_axi_uartlite_0_0_stub.vhdl:34]
INFO: [Synth 8-3491] module 'mb_lab1_clk_wiz_1_0' declared at 'D:/EECE387_1/Lab_8/Lab_8_v2/Lab_8_v2.runs/synth_1/.Xil/Vivado-28844-LAPTOP-F28O89LN/realtime/mb_lab1_clk_wiz_1_0_stub.vhdl:6' bound to instance 'clk_wiz_1' of component 'mb_lab1_clk_wiz_1_0' [d:/EECE387_1/Lab_8/Lab_8_v2/Lab_8_v2.gen/sources_1/bd/mb_lab1/synth/mb_lab1.vhd:3544]
INFO: [Synth 8-638] synthesizing module 'mb_lab1_clk_wiz_1_0' [D:/EECE387_1/Lab_8/Lab_8_v2/Lab_8_v2.runs/synth_1/.Xil/Vivado-28844-LAPTOP-F28O89LN/realtime/mb_lab1_clk_wiz_1_0_stub.vhdl:16]
INFO: [Synth 8-3491] module 'mb_lab1_mdm_1_0' declared at 'D:/EECE387_1/Lab_8/Lab_8_v2/Lab_8_v2.runs/synth_1/.Xil/Vivado-28844-LAPTOP-F28O89LN/realtime/mb_lab1_mdm_1_0_stub.vhdl:6' bound to instance 'mdm_1' of component 'mb_lab1_mdm_1_0' [d:/EECE387_1/Lab_8/Lab_8_v2/Lab_8_v2.gen/sources_1/bd/mb_lab1/synth/mb_lab1.vhd:3551]
INFO: [Synth 8-638] synthesizing module 'mb_lab1_mdm_1_0' [D:/EECE387_1/Lab_8/Lab_8_v2/Lab_8_v2.runs/synth_1/.Xil/Vivado-28844-LAPTOP-F28O89LN/realtime/mb_lab1_mdm_1_0_stub.vhdl:22]
INFO: [Synth 8-3491] module 'mb_lab1_microblaze_0_0' declared at 'D:/EECE387_1/Lab_8/Lab_8_v2/Lab_8_v2.runs/synth_1/.Xil/Vivado-28844-LAPTOP-F28O89LN/realtime/mb_lab1_microblaze_0_0_stub.vhdl:6' bound to instance 'microblaze_0' of component 'mb_lab1_microblaze_0_0' [d:/EECE387_1/Lab_8/Lab_8_v2/Lab_8_v2.gen/sources_1/bd/mb_lab1/synth/mb_lab1.vhd:3564]
INFO: [Synth 8-638] synthesizing module 'mb_lab1_microblaze_0_0' [D:/EECE387_1/Lab_8/Lab_8_v2/Lab_8_v2.runs/synth_1/.Xil/Vivado-28844-LAPTOP-F28O89LN/realtime/mb_lab1_microblaze_0_0_stub.vhdl:64]
INFO: [Synth 8-638] synthesizing module 'mb_lab1_microblaze_0_axi_periph_0' [d:/EECE387_1/Lab_8/Lab_8_v2/Lab_8_v2.gen/sources_1/bd/mb_lab1/synth/mb_lab1.vhd:1696]
INFO: [Synth 8-638] synthesizing module 'm00_couplers_imp_1VJQ4XL' [d:/EECE387_1/Lab_8/Lab_8_v2/Lab_8_v2.gen/sources_1/bd/mb_lab1/synth/mb_lab1.vhd:58]
INFO: [Synth 8-256] done synthesizing module 'm00_couplers_imp_1VJQ4XL' (0#1) [d:/EECE387_1/Lab_8/Lab_8_v2/Lab_8_v2.gen/sources_1/bd/mb_lab1/synth/mb_lab1.vhd:58]
INFO: [Synth 8-638] synthesizing module 'm01_couplers_imp_WEZNSQ' [d:/EECE387_1/Lab_8/Lab_8_v2/Lab_8_v2.gen/sources_1/bd/mb_lab1/synth/mb_lab1.vhd:159]
INFO: [Synth 8-256] done synthesizing module 'm01_couplers_imp_WEZNSQ' (0#1) [d:/EECE387_1/Lab_8/Lab_8_v2/Lab_8_v2.gen/sources_1/bd/mb_lab1/synth/mb_lab1.vhd:159]
INFO: [Synth 8-638] synthesizing module 'm02_couplers_imp_AWN0LA' [d:/EECE387_1/Lab_8/Lab_8_v2/Lab_8_v2.gen/sources_1/bd/mb_lab1/synth/mb_lab1.vhd:260]
INFO: [Synth 8-256] done synthesizing module 'm02_couplers_imp_AWN0LA' (0#1) [d:/EECE387_1/Lab_8/Lab_8_v2/Lab_8_v2.gen/sources_1/bd/mb_lab1/synth/mb_lab1.vhd:260]
INFO: [Synth 8-638] synthesizing module 'm03_couplers_imp_18N93P9' [d:/EECE387_1/Lab_8/Lab_8_v2/Lab_8_v2.gen/sources_1/bd/mb_lab1/synth/mb_lab1.vhd:361]
INFO: [Synth 8-256] done synthesizing module 'm03_couplers_imp_18N93P9' (0#1) [d:/EECE387_1/Lab_8/Lab_8_v2/Lab_8_v2.gen/sources_1/bd/mb_lab1/synth/mb_lab1.vhd:361]
INFO: [Synth 8-638] synthesizing module 'm04_couplers_imp_ZNBWS6' [d:/EECE387_1/Lab_8/Lab_8_v2/Lab_8_v2.gen/sources_1/bd/mb_lab1/synth/mb_lab1.vhd:462]
INFO: [Synth 8-256] done synthesizing module 'm04_couplers_imp_ZNBWS6' (0#1) [d:/EECE387_1/Lab_8/Lab_8_v2/Lab_8_v2.gen/sources_1/bd/mb_lab1/synth/mb_lab1.vhd:462]
INFO: [Synth 8-638] synthesizing module 'm05_couplers_imp_26J0FP' [d:/EECE387_1/Lab_8/Lab_8_v2/Lab_8_v2.gen/sources_1/bd/mb_lab1/synth/mb_lab1.vhd:567]
INFO: [Synth 8-256] done synthesizing module 'm05_couplers_imp_26J0FP' (0#1) [d:/EECE387_1/Lab_8/Lab_8_v2/Lab_8_v2.gen/sources_1/bd/mb_lab1/synth/mb_lab1.vhd:567]
INFO: [Synth 8-638] synthesizing module 'm06_couplers_imp_NDTCHD' [d:/EECE387_1/Lab_8/Lab_8_v2/Lab_8_v2.gen/sources_1/bd/mb_lab1/synth/mb_lab1.vhd:678]
INFO: [Synth 8-256] done synthesizing module 'm06_couplers_imp_NDTCHD' (0#1) [d:/EECE387_1/Lab_8/Lab_8_v2/Lab_8_v2.gen/sources_1/bd/mb_lab1/synth/mb_lab1.vhd:678]
INFO: [Synth 8-638] synthesizing module 'm07_couplers_imp_1MSD06Q' [d:/EECE387_1/Lab_8/Lab_8_v2/Lab_8_v2.gen/sources_1/bd/mb_lab1/synth/mb_lab1.vhd:785]
INFO: [Synth 8-256] done synthesizing module 'm07_couplers_imp_1MSD06Q' (0#1) [d:/EECE387_1/Lab_8/Lab_8_v2/Lab_8_v2.gen/sources_1/bd/mb_lab1/synth/mb_lab1.vhd:785]
INFO: [Synth 8-638] synthesizing module 's00_couplers_imp_W9PJHH' [d:/EECE387_1/Lab_8/Lab_8_v2/Lab_8_v2.gen/sources_1/bd/mb_lab1/synth/mb_lab1.vhd:1448]
INFO: [Synth 8-256] done synthesizing module 's00_couplers_imp_W9PJHH' (0#1) [d:/EECE387_1/Lab_8/Lab_8_v2/Lab_8_v2.gen/sources_1/bd/mb_lab1/synth/mb_lab1.vhd:1448]
INFO: [Synth 8-3491] module 'mb_lab1_xbar_0' declared at 'D:/EECE387_1/Lab_8/Lab_8_v2/Lab_8_v2.runs/synth_1/.Xil/Vivado-28844-LAPTOP-F28O89LN/realtime/mb_lab1_xbar_0_stub.vhdl:6' bound to instance 'xbar' of component 'mb_lab1_xbar_0' [d:/EECE387_1/Lab_8/Lab_8_v2/Lab_8_v2.gen/sources_1/bd/mb_lab1/synth/mb_lab1.vhd:2606]
INFO: [Synth 8-638] synthesizing module 'mb_lab1_xbar_0' [D:/EECE387_1/Lab_8/Lab_8_v2/Lab_8_v2.runs/synth_1/.Xil/Vivado-28844-LAPTOP-F28O89LN/realtime/mb_lab1_xbar_0_stub.vhdl:52]
INFO: [Synth 8-256] done synthesizing module 'mb_lab1_microblaze_0_axi_periph_0' (0#1) [d:/EECE387_1/Lab_8/Lab_8_v2/Lab_8_v2.gen/sources_1/bd/mb_lab1/synth/mb_lab1.vhd:1696]
INFO: [Synth 8-638] synthesizing module 'microblaze_0_local_memory_imp_MBI0NT' [d:/EECE387_1/Lab_8/Lab_8_v2/Lab_8_v2.gen/sources_1/bd/mb_lab1/synth/mb_lab1.vhd:869]
INFO: [Synth 8-3491] module 'mb_lab1_dlmb_bram_if_cntlr_0' declared at 'D:/EECE387_1/Lab_8/Lab_8_v2/Lab_8_v2.runs/synth_1/.Xil/Vivado-28844-LAPTOP-F28O89LN/realtime/mb_lab1_dlmb_bram_if_cntlr_0_stub.vhdl:6' bound to instance 'dlmb_bram_if_cntlr' of component 'mb_lab1_dlmb_bram_if_cntlr_0' [d:/EECE387_1/Lab_8/Lab_8_v2/Lab_8_v2.gen/sources_1/bd/mb_lab1/synth/mb_lab1.vhd:1083]
INFO: [Synth 8-638] synthesizing module 'mb_lab1_dlmb_bram_if_cntlr_0' [D:/EECE387_1/Lab_8/Lab_8_v2/Lab_8_v2.runs/synth_1/.Xil/Vivado-28844-LAPTOP-F28O89LN/realtime/mb_lab1_dlmb_bram_if_cntlr_0_stub.vhdl:32]
INFO: [Synth 8-3491] module 'mb_lab1_dlmb_v10_0' declared at 'D:/EECE387_1/Lab_8/Lab_8_v2/Lab_8_v2.runs/synth_1/.Xil/Vivado-28844-LAPTOP-F28O89LN/realtime/mb_lab1_dlmb_v10_0_stub.vhdl:6' bound to instance 'dlmb_v10' of component 'mb_lab1_dlmb_v10_0' [d:/EECE387_1/Lab_8/Lab_8_v2/Lab_8_v2.gen/sources_1/bd/mb_lab1/synth/mb_lab1.vhd:1137]
INFO: [Synth 8-638] synthesizing module 'mb_lab1_dlmb_v10_0' [D:/EECE387_1/Lab_8/Lab_8_v2/Lab_8_v2.runs/synth_1/.Xil/Vivado-28844-LAPTOP-F28O89LN/realtime/mb_lab1_dlmb_v10_0_stub.vhdl:37]
INFO: [Synth 8-3491] module 'mb_lab1_ilmb_bram_if_cntlr_0' declared at 'D:/EECE387_1/Lab_8/Lab_8_v2/Lab_8_v2.runs/synth_1/.Xil/Vivado-28844-LAPTOP-F28O89LN/realtime/mb_lab1_ilmb_bram_if_cntlr_0_stub.vhdl:6' bound to instance 'ilmb_bram_if_cntlr' of component 'mb_lab1_ilmb_bram_if_cntlr_0' [d:/EECE387_1/Lab_8/Lab_8_v2/Lab_8_v2.gen/sources_1/bd/mb_lab1/synth/mb_lab1.vhd:1165]
INFO: [Synth 8-638] synthesizing module 'mb_lab1_ilmb_bram_if_cntlr_0' [D:/EECE387_1/Lab_8/Lab_8_v2/Lab_8_v2.runs/synth_1/.Xil/Vivado-28844-LAPTOP-F28O89LN/realtime/mb_lab1_ilmb_bram_if_cntlr_0_stub.vhdl:32]
INFO: [Synth 8-3491] module 'mb_lab1_ilmb_v10_0' declared at 'D:/EECE387_1/Lab_8/Lab_8_v2/Lab_8_v2.runs/synth_1/.Xil/Vivado-28844-LAPTOP-F28O89LN/realtime/mb_lab1_ilmb_v10_0_stub.vhdl:6' bound to instance 'ilmb_v10' of component 'mb_lab1_ilmb_v10_0' [d:/EECE387_1/Lab_8/Lab_8_v2/Lab_8_v2.gen/sources_1/bd/mb_lab1/synth/mb_lab1.vhd:1219]
INFO: [Synth 8-638] synthesizing module 'mb_lab1_ilmb_v10_0' [D:/EECE387_1/Lab_8/Lab_8_v2/Lab_8_v2.runs/synth_1/.Xil/Vivado-28844-LAPTOP-F28O89LN/realtime/mb_lab1_ilmb_v10_0_stub.vhdl:37]
INFO: [Synth 8-3491] module 'mb_lab1_lmb_bram_0' declared at 'D:/EECE387_1/Lab_8/Lab_8_v2/Lab_8_v2.runs/synth_1/.Xil/Vivado-28844-LAPTOP-F28O89LN/realtime/mb_lab1_lmb_bram_0_stub.vhdl:6' bound to instance 'lmb_bram' of component 'mb_lab1_lmb_bram_0' [d:/EECE387_1/Lab_8/Lab_8_v2/Lab_8_v2.gen/sources_1/bd/mb_lab1/synth/mb_lab1.vhd:1247]
INFO: [Synth 8-638] synthesizing module 'mb_lab1_lmb_bram_0' [D:/EECE387_1/Lab_8/Lab_8_v2/Lab_8_v2.runs/synth_1/.Xil/Vivado-28844-LAPTOP-F28O89LN/realtime/mb_lab1_lmb_bram_0_stub.vhdl:28]
INFO: [Synth 8-256] done synthesizing module 'microblaze_0_local_memory_imp_MBI0NT' (0#1) [d:/EECE387_1/Lab_8/Lab_8_v2/Lab_8_v2.gen/sources_1/bd/mb_lab1/synth/mb_lab1.vhd:869]
INFO: [Synth 8-3491] module 'mb_lab1_rst_clk_wiz_1_100M_0' declared at 'D:/EECE387_1/Lab_8/Lab_8_v2/Lab_8_v2.runs/synth_1/.Xil/Vivado-28844-LAPTOP-F28O89LN/realtime/mb_lab1_rst_clk_wiz_1_100M_0_stub.vhdl:6' bound to instance 'rst_clk_wiz_1_100M' of component 'mb_lab1_rst_clk_wiz_1_100M_0' [d:/EECE387_1/Lab_8/Lab_8_v2/Lab_8_v2.gen/sources_1/bd/mb_lab1/synth/mb_lab1.vhd:3825]
INFO: [Synth 8-638] synthesizing module 'mb_lab1_rst_clk_wiz_1_100M_0' [D:/EECE387_1/Lab_8/Lab_8_v2/Lab_8_v2.runs/synth_1/.Xil/Vivado-28844-LAPTOP-F28O89LN/realtime/mb_lab1_rst_clk_wiz_1_100M_0_stub.vhdl:22]
INFO: [Synth 8-3491] module 'mb_lab1_sensor_sonic_0_1' declared at 'D:/EECE387_1/Lab_8/Lab_8_v2/Lab_8_v2.runs/synth_1/.Xil/Vivado-28844-LAPTOP-F28O89LN/realtime/mb_lab1_sensor_sonic_0_1_stub.vhdl:6' bound to instance 'sensor_sonic_0' of component 'mb_lab1_sensor_sonic_0_1' [d:/EECE387_1/Lab_8/Lab_8_v2/Lab_8_v2.gen/sources_1/bd/mb_lab1/synth/mb_lab1.vhd:3838]
INFO: [Synth 8-638] synthesizing module 'mb_lab1_sensor_sonic_0_1' [D:/EECE387_1/Lab_8/Lab_8_v2/Lab_8_v2.runs/synth_1/.Xil/Vivado-28844-LAPTOP-F28O89LN/realtime/mb_lab1_sensor_sonic_0_1_stub.vhdl:34]
INFO: [Synth 8-3491] module 'mb_lab1_xadc_wiz_0_0' declared at 'D:/EECE387_1/Lab_8/Lab_8_v2/Lab_8_v2.runs/synth_1/.Xil/Vivado-28844-LAPTOP-F28O89LN/realtime/mb_lab1_xadc_wiz_0_0_stub.vhdl:6' bound to instance 'xadc_wiz_0' of component 'mb_lab1_xadc_wiz_0_0' [d:/EECE387_1/Lab_8/Lab_8_v2/Lab_8_v2.gen/sources_1/bd/mb_lab1/synth/mb_lab1.vhd:3863]
INFO: [Synth 8-638] synthesizing module 'mb_lab1_xadc_wiz_0_0' [D:/EECE387_1/Lab_8/Lab_8_v2/Lab_8_v2.runs/synth_1/.Xil/Vivado-28844-LAPTOP-F28O89LN/realtime/mb_lab1_xadc_wiz_0_0_stub.vhdl:44]
INFO: [Synth 8-3491] module 'mb_lab1_xlconcat_0_0' declared at 'd:/EECE387_1/Lab_8/Lab_8_v2/Lab_8_v2.gen/sources_1/bd/mb_lab1/ip/mb_lab1_xlconcat_0_0/synth/mb_lab1_xlconcat_0_0.v:53' bound to instance 'xlconcat_0' of component 'mb_lab1_xlconcat_0_0' [d:/EECE387_1/Lab_8/Lab_8_v2/Lab_8_v2.gen/sources_1/bd/mb_lab1/synth/mb_lab1.vhd:3898]
INFO: [Synth 8-6157] synthesizing module 'mb_lab1_xlconcat_0_0' [d:/EECE387_1/Lab_8/Lab_8_v2/Lab_8_v2.gen/sources_1/bd/mb_lab1/ip/mb_lab1_xlconcat_0_0/synth/mb_lab1_xlconcat_0_0.v:53]
INFO: [Synth 8-6157] synthesizing module 'xlconcat_v2_1_5_xlconcat' [d:/EECE387_1/Lab_8/Lab_8_v2/Lab_8_v2.gen/sources_1/bd/mb_lab1/ipshared/147b/hdl/xlconcat_v2_1_vl_rfs.v:59]
INFO: [Synth 8-6155] done synthesizing module 'xlconcat_v2_1_5_xlconcat' (0#1) [d:/EECE387_1/Lab_8/Lab_8_v2/Lab_8_v2.gen/sources_1/bd/mb_lab1/ipshared/147b/hdl/xlconcat_v2_1_vl_rfs.v:59]
INFO: [Synth 8-6155] done synthesizing module 'mb_lab1_xlconcat_0_0' (0#1) [d:/EECE387_1/Lab_8/Lab_8_v2/Lab_8_v2.gen/sources_1/bd/mb_lab1/ip/mb_lab1_xlconcat_0_0/synth/mb_lab1_xlconcat_0_0.v:53]
INFO: [Synth 8-3491] module 'mb_lab1_xlslice_0_0' declared at 'd:/EECE387_1/Lab_8/Lab_8_v2/Lab_8_v2.gen/sources_1/bd/mb_lab1/ip/mb_lab1_xlslice_0_0/synth/mb_lab1_xlslice_0_0.v:53' bound to instance 'xlslice_0' of component 'mb_lab1_xlslice_0_0' [d:/EECE387_1/Lab_8/Lab_8_v2/Lab_8_v2.gen/sources_1/bd/mb_lab1/synth/mb_lab1.vhd:3906]
INFO: [Synth 8-6157] synthesizing module 'mb_lab1_xlslice_0_0' [d:/EECE387_1/Lab_8/Lab_8_v2/Lab_8_v2.gen/sources_1/bd/mb_lab1/ip/mb_lab1_xlslice_0_0/synth/mb_lab1_xlslice_0_0.v:53]
INFO: [Synth 8-6157] synthesizing module 'xlslice_v1_0_3_xlslice' [d:/EECE387_1/Lab_8/Lab_8_v2/Lab_8_v2.gen/sources_1/bd/mb_lab1/ipshared/217a/hdl/xlslice_v1_0_vl_rfs.v:58]
INFO: [Synth 8-6155] done synthesizing module 'xlslice_v1_0_3_xlslice' (0#1) [d:/EECE387_1/Lab_8/Lab_8_v2/Lab_8_v2.gen/sources_1/bd/mb_lab1/ipshared/217a/hdl/xlslice_v1_0_vl_rfs.v:58]
INFO: [Synth 8-6155] done synthesizing module 'mb_lab1_xlslice_0_0' (0#1) [d:/EECE387_1/Lab_8/Lab_8_v2/Lab_8_v2.gen/sources_1/bd/mb_lab1/ip/mb_lab1_xlslice_0_0/synth/mb_lab1_xlslice_0_0.v:53]
INFO: [Synth 8-3491] module 'mb_lab1_xlslice_1_0' declared at 'd:/EECE387_1/Lab_8/Lab_8_v2/Lab_8_v2.gen/sources_1/bd/mb_lab1/ip/mb_lab1_xlslice_1_0/synth/mb_lab1_xlslice_1_0.v:53' bound to instance 'xlslice_1' of component 'mb_lab1_xlslice_1_0' [d:/EECE387_1/Lab_8/Lab_8_v2/Lab_8_v2.gen/sources_1/bd/mb_lab1/synth/mb_lab1.vhd:3911]
INFO: [Synth 8-6157] synthesizing module 'mb_lab1_xlslice_1_0' [d:/EECE387_1/Lab_8/Lab_8_v2/Lab_8_v2.gen/sources_1/bd/mb_lab1/ip/mb_lab1_xlslice_1_0/synth/mb_lab1_xlslice_1_0.v:53]
INFO: [Synth 8-6157] synthesizing module 'xlslice_v1_0_3_xlslice__parameterized0' [d:/EECE387_1/Lab_8/Lab_8_v2/Lab_8_v2.gen/sources_1/bd/mb_lab1/ipshared/217a/hdl/xlslice_v1_0_vl_rfs.v:58]
INFO: [Synth 8-6155] done synthesizing module 'xlslice_v1_0_3_xlslice__parameterized0' (0#1) [d:/EECE387_1/Lab_8/Lab_8_v2/Lab_8_v2.gen/sources_1/bd/mb_lab1/ipshared/217a/hdl/xlslice_v1_0_vl_rfs.v:58]
INFO: [Synth 8-6155] done synthesizing module 'mb_lab1_xlslice_1_0' (0#1) [d:/EECE387_1/Lab_8/Lab_8_v2/Lab_8_v2.gen/sources_1/bd/mb_lab1/ip/mb_lab1_xlslice_1_0/synth/mb_lab1_xlslice_1_0.v:53]
INFO: [Synth 8-3491] module 'mb_lab1_xlslice_2_0' declared at 'd:/EECE387_1/Lab_8/Lab_8_v2/Lab_8_v2.gen/sources_1/bd/mb_lab1/ip/mb_lab1_xlslice_2_0/synth/mb_lab1_xlslice_2_0.v:53' bound to instance 'xlslice_2' of component 'mb_lab1_xlslice_2_0' [d:/EECE387_1/Lab_8/Lab_8_v2/Lab_8_v2.gen/sources_1/bd/mb_lab1/synth/mb_lab1.vhd:3916]
INFO: [Synth 8-6157] synthesizing module 'mb_lab1_xlslice_2_0' [d:/EECE387_1/Lab_8/Lab_8_v2/Lab_8_v2.gen/sources_1/bd/mb_lab1/ip/mb_lab1_xlslice_2_0/synth/mb_lab1_xlslice_2_0.v:53]
INFO: [Synth 8-6157] synthesizing module 'xlslice_v1_0_3_xlslice__parameterized1' [d:/EECE387_1/Lab_8/Lab_8_v2/Lab_8_v2.gen/sources_1/bd/mb_lab1/ipshared/217a/hdl/xlslice_v1_0_vl_rfs.v:58]
INFO: [Synth 8-6155] done synthesizing module 'xlslice_v1_0_3_xlslice__parameterized1' (0#1) [d:/EECE387_1/Lab_8/Lab_8_v2/Lab_8_v2.gen/sources_1/bd/mb_lab1/ipshared/217a/hdl/xlslice_v1_0_vl_rfs.v:58]
INFO: [Synth 8-6155] done synthesizing module 'mb_lab1_xlslice_2_0' (0#1) [d:/EECE387_1/Lab_8/Lab_8_v2/Lab_8_v2.gen/sources_1/bd/mb_lab1/ip/mb_lab1_xlslice_2_0/synth/mb_lab1_xlslice_2_0.v:53]
INFO: [Synth 8-3491] module 'mb_lab1_xlslice_3_0' declared at 'd:/EECE387_1/Lab_8/Lab_8_v2/Lab_8_v2.gen/sources_1/bd/mb_lab1/ip/mb_lab1_xlslice_3_0/synth/mb_lab1_xlslice_3_0.v:53' bound to instance 'xlslice_3' of component 'mb_lab1_xlslice_3_0' [d:/EECE387_1/Lab_8/Lab_8_v2/Lab_8_v2.gen/sources_1/bd/mb_lab1/synth/mb_lab1.vhd:3921]
INFO: [Synth 8-6157] synthesizing module 'mb_lab1_xlslice_3_0' [d:/EECE387_1/Lab_8/Lab_8_v2/Lab_8_v2.gen/sources_1/bd/mb_lab1/ip/mb_lab1_xlslice_3_0/synth/mb_lab1_xlslice_3_0.v:53]
INFO: [Synth 8-6157] synthesizing module 'xlslice_v1_0_3_xlslice__parameterized2' [d:/EECE387_1/Lab_8/Lab_8_v2/Lab_8_v2.gen/sources_1/bd/mb_lab1/ipshared/217a/hdl/xlslice_v1_0_vl_rfs.v:58]
INFO: [Synth 8-6155] done synthesizing module 'xlslice_v1_0_3_xlslice__parameterized2' (0#1) [d:/EECE387_1/Lab_8/Lab_8_v2/Lab_8_v2.gen/sources_1/bd/mb_lab1/ipshared/217a/hdl/xlslice_v1_0_vl_rfs.v:58]
INFO: [Synth 8-6155] done synthesizing module 'mb_lab1_xlslice_3_0' (0#1) [d:/EECE387_1/Lab_8/Lab_8_v2/Lab_8_v2.gen/sources_1/bd/mb_lab1/ip/mb_lab1_xlslice_3_0/synth/mb_lab1_xlslice_3_0.v:53]
INFO: [Synth 8-3491] module 'mb_lab1_xlslice_4_0' declared at 'd:/EECE387_1/Lab_8/Lab_8_v2/Lab_8_v2.gen/sources_1/bd/mb_lab1/ip/mb_lab1_xlslice_4_0/synth/mb_lab1_xlslice_4_0.v:53' bound to instance 'xlslice_4' of component 'mb_lab1_xlslice_4_0' [d:/EECE387_1/Lab_8/Lab_8_v2/Lab_8_v2.gen/sources_1/bd/mb_lab1/synth/mb_lab1.vhd:3927]
INFO: [Synth 8-6157] synthesizing module 'mb_lab1_xlslice_4_0' [d:/EECE387_1/Lab_8/Lab_8_v2/Lab_8_v2.gen/sources_1/bd/mb_lab1/ip/mb_lab1_xlslice_4_0/synth/mb_lab1_xlslice_4_0.v:53]
INFO: [Synth 8-6157] synthesizing module 'xlslice_v1_0_3_xlslice__parameterized3' [d:/EECE387_1/Lab_8/Lab_8_v2/Lab_8_v2.gen/sources_1/bd/mb_lab1/ipshared/217a/hdl/xlslice_v1_0_vl_rfs.v:58]
INFO: [Synth 8-6155] done synthesizing module 'xlslice_v1_0_3_xlslice__parameterized3' (0#1) [d:/EECE387_1/Lab_8/Lab_8_v2/Lab_8_v2.gen/sources_1/bd/mb_lab1/ipshared/217a/hdl/xlslice_v1_0_vl_rfs.v:58]
INFO: [Synth 8-6155] done synthesizing module 'mb_lab1_xlslice_4_0' (0#1) [d:/EECE387_1/Lab_8/Lab_8_v2/Lab_8_v2.gen/sources_1/bd/mb_lab1/ip/mb_lab1_xlslice_4_0/synth/mb_lab1_xlslice_4_0.v:53]
INFO: [Synth 8-256] done synthesizing module 'mb_lab1' (0#1) [d:/EECE387_1/Lab_8/Lab_8_v2/Lab_8_v2.gen/sources_1/bd/mb_lab1/synth/mb_lab1.vhd:2804]
INFO: [Synth 8-256] done synthesizing module 'mb_lab1_wrapper' (0#1) [D:/EECE387_1/Lab_8/Lab_8_v2/Lab_8_v2.gen/sources_1/bd/mb_lab1/hdl/mb_lab1_wrapper.vhd:36]
WARNING: [Synth 8-7129] Port Din[31] in module xlslice_v1_0_3_xlslice__parameterized3 is either unconnected or has no load
WARNING: [Synth 8-7129] Port Din[30] in module xlslice_v1_0_3_xlslice__parameterized3 is either unconnected or has no load
WARNING: [Synth 8-7129] Port Din[29] in module xlslice_v1_0_3_xlslice__parameterized3 is either unconnected or has no load
WARNING: [Synth 8-7129] Port Din[28] in module xlslice_v1_0_3_xlslice__parameterized3 is either unconnected or has no load
WARNING: [Synth 8-7129] Port Din[27] in module xlslice_v1_0_3_xlslice__parameterized3 is either unconnected or has no load
WARNING: [Synth 8-7129] Port Din[26] in module xlslice_v1_0_3_xlslice__parameterized3 is either unconnected or has no load
WARNING: [Synth 8-7129] Port Din[25] in module xlslice_v1_0_3_xlslice__parameterized3 is either unconnected or has no load
WARNING: [Synth 8-7129] Port Din[24] in module xlslice_v1_0_3_xlslice__parameterized3 is either unconnected or has no load
WARNING: [Synth 8-7129] Port Din[23] in module xlslice_v1_0_3_xlslice__parameterized3 is either unconnected or has no load
WARNING: [Synth 8-7129] Port Din[22] in module xlslice_v1_0_3_xlslice__parameterized3 is either unconnected or has no load
WARNING: [Synth 8-7129] Port Din[21] in module xlslice_v1_0_3_xlslice__parameterized3 is either unconnected or has no load
WARNING: [Synth 8-7129] Port Din[20] in module xlslice_v1_0_3_xlslice__parameterized3 is either unconnected or has no load
WARNING: [Synth 8-7129] Port Din[19] in module xlslice_v1_0_3_xlslice__parameterized3 is either unconnected or has no load
WARNING: [Synth 8-7129] Port Din[18] in module xlslice_v1_0_3_xlslice__parameterized3 is either unconnected or has no load
WARNING: [Synth 8-7129] Port Din[17] in module xlslice_v1_0_3_xlslice__parameterized3 is either unconnected or has no load
WARNING: [Synth 8-7129] Port Din[16] in module xlslice_v1_0_3_xlslice__parameterized3 is either unconnected or has no load
WARNING: [Synth 8-7129] Port Din[15] in module xlslice_v1_0_3_xlslice__parameterized3 is either unconnected or has no load
WARNING: [Synth 8-7129] Port Din[14] in module xlslice_v1_0_3_xlslice__parameterized3 is either unconnected or has no load
WARNING: [Synth 8-7129] Port Din[13] in module xlslice_v1_0_3_xlslice__parameterized3 is either unconnected or has no load
WARNING: [Synth 8-7129] Port Din[12] in module xlslice_v1_0_3_xlslice__parameterized3 is either unconnected or has no load
WARNING: [Synth 8-7129] Port Din[11] in module xlslice_v1_0_3_xlslice__parameterized3 is either unconnected or has no load
WARNING: [Synth 8-7129] Port Din[10] in module xlslice_v1_0_3_xlslice__parameterized3 is either unconnected or has no load
WARNING: [Synth 8-7129] Port Din[9] in module xlslice_v1_0_3_xlslice__parameterized3 is either unconnected or has no load
WARNING: [Synth 8-7129] Port Din[8] in module xlslice_v1_0_3_xlslice__parameterized3 is either unconnected or has no load
WARNING: [Synth 8-7129] Port Din[7] in module xlslice_v1_0_3_xlslice__parameterized3 is either unconnected or has no load
WARNING: [Synth 8-7129] Port Din[6] in module xlslice_v1_0_3_xlslice__parameterized3 is either unconnected or has no load
WARNING: [Synth 8-7129] Port Din[5] in module xlslice_v1_0_3_xlslice__parameterized3 is either unconnected or has no load
WARNING: [Synth 8-7129] Port Din[4] in module xlslice_v1_0_3_xlslice__parameterized3 is either unconnected or has no load
WARNING: [Synth 8-7129] Port Din[3] in module xlslice_v1_0_3_xlslice__parameterized3 is either unconnected or has no load
WARNING: [Synth 8-7129] Port Din[2] in module xlslice_v1_0_3_xlslice__parameterized3 is either unconnected or has no load
WARNING: [Synth 8-7129] Port Din[1] in module xlslice_v1_0_3_xlslice__parameterized3 is either unconnected or has no load
WARNING: [Synth 8-7129] Port Din[31] in module xlslice_v1_0_3_xlslice__parameterized2 is either unconnected or has no load
WARNING: [Synth 8-7129] Port Din[30] in module xlslice_v1_0_3_xlslice__parameterized2 is either unconnected or has no load
WARNING: [Synth 8-7129] Port Din[29] in module xlslice_v1_0_3_xlslice__parameterized2 is either unconnected or has no load
WARNING: [Synth 8-7129] Port Din[28] in module xlslice_v1_0_3_xlslice__parameterized2 is either unconnected or has no load
WARNING: [Synth 8-7129] Port Din[27] in module xlslice_v1_0_3_xlslice__parameterized2 is either unconnected or has no load
WARNING: [Synth 8-7129] Port Din[26] in module xlslice_v1_0_3_xlslice__parameterized2 is either unconnected or has no load
WARNING: [Synth 8-7129] Port Din[25] in module xlslice_v1_0_3_xlslice__parameterized2 is either unconnected or has no load
WARNING: [Synth 8-7129] Port Din[24] in module xlslice_v1_0_3_xlslice__parameterized2 is either unconnected or has no load
WARNING: [Synth 8-7129] Port Din[23] in module xlslice_v1_0_3_xlslice__parameterized2 is either unconnected or has no load
WARNING: [Synth 8-7129] Port Din[22] in module xlslice_v1_0_3_xlslice__parameterized2 is either unconnected or has no load
WARNING: [Synth 8-7129] Port Din[21] in module xlslice_v1_0_3_xlslice__parameterized2 is either unconnected or has no load
WARNING: [Synth 8-7129] Port Din[20] in module xlslice_v1_0_3_xlslice__parameterized2 is either unconnected or has no load
WARNING: [Synth 8-7129] Port Din[19] in module xlslice_v1_0_3_xlslice__parameterized2 is either unconnected or has no load
WARNING: [Synth 8-7129] Port Din[18] in module xlslice_v1_0_3_xlslice__parameterized2 is either unconnected or has no load
WARNING: [Synth 8-7129] Port Din[17] in module xlslice_v1_0_3_xlslice__parameterized2 is either unconnected or has no load
WARNING: [Synth 8-7129] Port Din[16] in module xlslice_v1_0_3_xlslice__parameterized2 is either unconnected or has no load
WARNING: [Synth 8-7129] Port Din[15] in module xlslice_v1_0_3_xlslice__parameterized2 is either unconnected or has no load
WARNING: [Synth 8-7129] Port Din[14] in module xlslice_v1_0_3_xlslice__parameterized2 is either unconnected or has no load
WARNING: [Synth 8-7129] Port Din[13] in module xlslice_v1_0_3_xlslice__parameterized2 is either unconnected or has no load
WARNING: [Synth 8-7129] Port Din[12] in module xlslice_v1_0_3_xlslice__parameterized2 is either unconnected or has no load
WARNING: [Synth 8-7129] Port Din[11] in module xlslice_v1_0_3_xlslice__parameterized2 is either unconnected or has no load
WARNING: [Synth 8-7129] Port Din[10] in module xlslice_v1_0_3_xlslice__parameterized2 is either unconnected or has no load
WARNING: [Synth 8-7129] Port Din[9] in module xlslice_v1_0_3_xlslice__parameterized2 is either unconnected or has no load
WARNING: [Synth 8-7129] Port Din[8] in module xlslice_v1_0_3_xlslice__parameterized2 is either unconnected or has no load
WARNING: [Synth 8-7129] Port Din[7] in module xlslice_v1_0_3_xlslice__parameterized2 is either unconnected or has no load
WARNING: [Synth 8-7129] Port Din[6] in module xlslice_v1_0_3_xlslice__parameterized2 is either unconnected or has no load
WARNING: [Synth 8-7129] Port Din[5] in module xlslice_v1_0_3_xlslice__parameterized2 is either unconnected or has no load
WARNING: [Synth 8-7129] Port Din[3] in module xlslice_v1_0_3_xlslice__parameterized2 is either unconnected or has no load
WARNING: [Synth 8-7129] Port Din[2] in module xlslice_v1_0_3_xlslice__parameterized2 is either unconnected or has no load
WARNING: [Synth 8-7129] Port Din[1] in module xlslice_v1_0_3_xlslice__parameterized2 is either unconnected or has no load
WARNING: [Synth 8-7129] Port Din[0] in module xlslice_v1_0_3_xlslice__parameterized2 is either unconnected or has no load
WARNING: [Synth 8-7129] Port Din[7] in module xlslice_v1_0_3_xlslice__parameterized1 is either unconnected or has no load
WARNING: [Synth 8-7129] Port Din[6] in module xlslice_v1_0_3_xlslice__parameterized1 is either unconnected or has no load
WARNING: [Synth 8-7129] Port Din[5] in module xlslice_v1_0_3_xlslice__parameterized1 is either unconnected or has no load
WARNING: [Synth 8-7129] Port Din[4] in module xlslice_v1_0_3_xlslice__parameterized1 is either unconnected or has no load
WARNING: [Synth 8-7129] Port Din[3] in module xlslice_v1_0_3_xlslice__parameterized1 is either unconnected or has no load
WARNING: [Synth 8-7129] Port Din[2] in module xlslice_v1_0_3_xlslice__parameterized1 is either unconnected or has no load
WARNING: [Synth 8-7129] Port Din[1] in module xlslice_v1_0_3_xlslice__parameterized1 is either unconnected or has no load
WARNING: [Synth 8-7129] Port Din[6] in module xlslice_v1_0_3_xlslice__parameterized0 is either unconnected or has no load
WARNING: [Synth 8-7129] Port Din[5] in module xlslice_v1_0_3_xlslice__parameterized0 is either unconnected or has no load
WARNING: [Synth 8-7129] Port Din[4] in module xlslice_v1_0_3_xlslice__parameterized0 is either unconnected or has no load
WARNING: [Synth 8-7129] Port Din[3] in module xlslice_v1_0_3_xlslice__parameterized0 is either unconnected or has no load
WARNING: [Synth 8-7129] Port Din[2] in module xlslice_v1_0_3_xlslice__parameterized0 is either unconnected or has no load
WARNING: [Synth 8-7129] Port Din[1] in module xlslice_v1_0_3_xlslice__parameterized0 is either unconnected or has no load
WARNING: [Synth 8-7129] Port Din[0] in module xlslice_v1_0_3_xlslice__parameterized0 is either unconnected or has no load
WARNING: [Synth 8-7129] Port Din[7] in module xlslice_v1_0_3_xlslice is either unconnected or has no load
WARNING: [Synth 8-7129] Port In4[0] in module xlconcat_v2_1_5_xlconcat is either unconnected or has no load
WARNING: [Synth 8-7129] Port In5[0] in module xlconcat_v2_1_5_xlconcat is either unconnected or has no load
WARNING: [Synth 8-7129] Port In6[0] in module xlconcat_v2_1_5_xlconcat is either unconnected or has no load
WARNING: [Synth 8-7129] Port In7[0] in module xlconcat_v2_1_5_xlconcat is either unconnected or has no load
WARNING: [Synth 8-7129] Port In8[0] in module xlconcat_v2_1_5_xlconcat is either unconnected or has no load
WARNING: [Synth 8-7129] Port In9[0] in module xlconcat_v2_1_5_xlconcat is either unconnected or has no load
WARNING: [Synth 8-7129] Port In10[0] in module xlconcat_v2_1_5_xlconcat is either unconnected or has no load
WARNING: [Synth 8-7129] Port In11[0] in module xlconcat_v2_1_5_xlconcat is either unconnected or has no load
WARNING: [Synth 8-7129] Port In12[0] in module xlconcat_v2_1_5_xlconcat is either unconnected or has no load
WARNING: [Synth 8-7129] Port In13[0] in module xlconcat_v2_1_5_xlconcat is either unconnected or has no load
WARNING: [Synth 8-7129] Port In14[0] in module xlconcat_v2_1_5_xlconcat is either unconnected or has no load
WARNING: [Synth 8-7129] Port In15[0] in module xlconcat_v2_1_5_xlconcat is either unconnected or has no load
WARNING: [Synth 8-7129] Port In16[0] in module xlconcat_v2_1_5_xlconcat is either unconnected or has no load
WARNING: [Synth 8-7129] Port In17[0] in module xlconcat_v2_1_5_xlconcat is either unconnected or has no load
WARNING: [Synth 8-7129] Port In18[0] in module xlconcat_v2_1_5_xlconcat is either unconnected or has no load
WARNING: [Synth 8-7129] Port In19[0] in module xlconcat_v2_1_5_xlconcat is either unconnected or has no load
WARNING: [Synth 8-7129] Port In20[0] in module xlconcat_v2_1_5_xlconcat is either unconnected or has no load
WARNING: [Synth 8-7129] Port In21[0] in module xlconcat_v2_1_5_xlconcat is either unconnected or has no load
WARNING: [Synth 8-7129] Port In22[0] in module xlconcat_v2_1_5_xlconcat is either unconnected or has no load
WARNING: [Synth 8-7129] Port In23[0] in module xlconcat_v2_1_5_xlconcat is either unconnected or has no load
WARNING: [Synth 8-7129] Port In24[0] in module xlconcat_v2_1_5_xlconcat is either unconnected or has no load
WARNING: [Synth 8-7129] Port In25[0] in module xlconcat_v2_1_5_xlconcat is either unconnected or has no load
WARNING: [Synth 8-7129] Port In26[0] in module xlconcat_v2_1_5_xlconcat is either unconnected or has no load
INFO: [Common 17-14] Message 'Synth 8-7129' appears 100 times and further instances of the messages will be disabled. Use the Tcl command set_msg_config to change the current settings.
---------------------------------------------------------------------------------
Finished RTL Elaboration : Time (s): cpu = 00:00:01 ; elapsed = 00:00:10 . Memory (MB): peak = 1562.719 ; gain = 563.059
---------------------------------------------------------------------------------
---------------------------------------------------------------------------------
Start Handling Custom Attributes
---------------------------------------------------------------------------------
---------------------------------------------------------------------------------
Finished Handling Custom Attributes : Time (s): cpu = 00:00:01 ; elapsed = 00:00:10 . Memory (MB): peak = 1562.719 ; gain = 563.059
---------------------------------------------------------------------------------
---------------------------------------------------------------------------------
Finished RTL Optimization Phase 1 : Time (s): cpu = 00:00:01 ; elapsed = 00:00:10 . Memory (MB): peak = 1562.719 ; gain = 563.059
---------------------------------------------------------------------------------
Netlist sorting complete. Time (s): cpu = 00:00:00 ; elapsed = 00:00:00.048 . Memory (MB): peak = 1562.719 ; gain = 0.000
INFO: [Project 1-570] Preparing netlist for logic optimization

Processing XDC Constraints
Initializing timing engine
Parsing XDC File [d:/EECE387_1/Lab_8/Lab_8_v2/Lab_8_v2.gen/sources_1/bd/mb_lab1/ip/mb_lab1_microblaze_0_0/mb_lab1_microblaze_0_0/mb_lab1_microblaze_0_0_in_context.xdc] for cell 'mb_lab1_i/microblaze_0'
Finished Parsing XDC File [d:/EECE387_1/Lab_8/Lab_8_v2/Lab_8_v2.gen/sources_1/bd/mb_lab1/ip/mb_lab1_microblaze_0_0/mb_lab1_microblaze_0_0/mb_lab1_microblaze_0_0_in_context.xdc] for cell 'mb_lab1_i/microblaze_0'
Parsing XDC File [d:/EECE387_1/Lab_8/Lab_8_v2/Lab_8_v2.gen/sources_1/bd/mb_lab1/ip/mb_lab1_dlmb_v10_0/mb_lab1_dlmb_v10_0/mb_lab1_ilmb_v10_0_in_context.xdc] for cell 'mb_lab1_i/microblaze_0_local_memory/dlmb_v10'
Finished Parsing XDC File [d:/EECE387_1/Lab_8/Lab_8_v2/Lab_8_v2.gen/sources_1/bd/mb_lab1/ip/mb_lab1_dlmb_v10_0/mb_lab1_dlmb_v10_0/mb_lab1_ilmb_v10_0_in_context.xdc] for cell 'mb_lab1_i/microblaze_0_local_memory/dlmb_v10'
Parsing XDC File [d:/EECE387_1/Lab_8/Lab_8_v2/Lab_8_v2.gen/sources_1/bd/mb_lab1/ip/mb_lab1_ilmb_v10_0/mb_lab1_ilmb_v10_0/mb_lab1_ilmb_v10_0_in_context.xdc] for cell 'mb_lab1_i/microblaze_0_local_memory/ilmb_v10'
Finished Parsing XDC File [d:/EECE387_1/Lab_8/Lab_8_v2/Lab_8_v2.gen/sources_1/bd/mb_lab1/ip/mb_lab1_ilmb_v10_0/mb_lab1_ilmb_v10_0/mb_lab1_ilmb_v10_0_in_context.xdc] for cell 'mb_lab1_i/microblaze_0_local_memory/ilmb_v10'
Parsing XDC File [d:/EECE387_1/Lab_8/Lab_8_v2/Lab_8_v2.gen/sources_1/bd/mb_lab1/ip/mb_lab1_dlmb_bram_if_cntlr_0/mb_lab1_dlmb_bram_if_cntlr_0/mb_lab1_dlmb_bram_if_cntlr_0_in_context.xdc] for cell 'mb_lab1_i/microblaze_0_local_memory/dlmb_bram_if_cntlr'
Finished Parsing XDC File [d:/EECE387_1/Lab_8/Lab_8_v2/Lab_8_v2.gen/sources_1/bd/mb_lab1/ip/mb_lab1_dlmb_bram_if_cntlr_0/mb_lab1_dlmb_bram_if_cntlr_0/mb_lab1_dlmb_bram_if_cntlr_0_in_context.xdc] for cell 'mb_lab1_i/microblaze_0_local_memory/dlmb_bram_if_cntlr'
Parsing XDC File [d:/EECE387_1/Lab_8/Lab_8_v2/Lab_8_v2.gen/sources_1/bd/mb_lab1/ip/mb_lab1_ilmb_bram_if_cntlr_0/mb_lab1_ilmb_bram_if_cntlr_0/mb_lab1_ilmb_bram_if_cntlr_0_in_context.xdc] for cell 'mb_lab1_i/microblaze_0_local_memory/ilmb_bram_if_cntlr'
Finished Parsing XDC File [d:/EECE387_1/Lab_8/Lab_8_v2/Lab_8_v2.gen/sources_1/bd/mb_lab1/ip/mb_lab1_ilmb_bram_if_cntlr_0/mb_lab1_ilmb_bram_if_cntlr_0/mb_lab1_ilmb_bram_if_cntlr_0_in_context.xdc] for cell 'mb_lab1_i/microblaze_0_local_memory/ilmb_bram_if_cntlr'
Parsing XDC File [d:/EECE387_1/Lab_8/Lab_8_v2/Lab_8_v2.gen/sources_1/bd/mb_lab1/ip/mb_lab1_lmb_bram_0/mb_lab1_lmb_bram_0/mb_lab1_lmb_bram_0_in_context.xdc] for cell 'mb_lab1_i/microblaze_0_local_memory/lmb_bram'
Finished Parsing XDC File [d:/EECE387_1/Lab_8/Lab_8_v2/Lab_8_v2.gen/sources_1/bd/mb_lab1/ip/mb_lab1_lmb_bram_0/mb_lab1_lmb_bram_0/mb_lab1_lmb_bram_0_in_context.xdc] for cell 'mb_lab1_i/microblaze_0_local_memory/lmb_bram'
Parsing XDC File [d:/EECE387_1/Lab_8/Lab_8_v2/Lab_8_v2.gen/sources_1/bd/mb_lab1/ip/mb_lab1_mdm_1_0/mb_lab1_mdm_1_0/mb_lab1_mdm_1_0_in_context.xdc] for cell 'mb_lab1_i/mdm_1'
Finished Parsing XDC File [d:/EECE387_1/Lab_8/Lab_8_v2/Lab_8_v2.gen/sources_1/bd/mb_lab1/ip/mb_lab1_mdm_1_0/mb_lab1_mdm_1_0/mb_lab1_mdm_1_0_in_context.xdc] for cell 'mb_lab1_i/mdm_1'
Parsing XDC File [d:/EECE387_1/Lab_8/Lab_8_v2/Lab_8_v2.gen/sources_1/bd/mb_lab1/ip/mb_lab1_clk_wiz_1_0/mb_lab1_clk_wiz_1_0/mb_lab1_clk_wiz_1_0_in_context.xdc] for cell 'mb_lab1_i/clk_wiz_1'
Finished Parsing XDC File [d:/EECE387_1/Lab_8/Lab_8_v2/Lab_8_v2.gen/sources_1/bd/mb_lab1/ip/mb_lab1_clk_wiz_1_0/mb_lab1_clk_wiz_1_0/mb_lab1_clk_wiz_1_0_in_context.xdc] for cell 'mb_lab1_i/clk_wiz_1'
Parsing XDC File [d:/EECE387_1/Lab_8/Lab_8_v2/Lab_8_v2.gen/sources_1/bd/mb_lab1/ip/mb_lab1_rst_clk_wiz_1_100M_0/mb_lab1_rst_clk_wiz_1_100M_0/mb_lab1_rst_clk_wiz_1_100M_0_in_context.xdc] for cell 'mb_lab1_i/rst_clk_wiz_1_100M'
Finished Parsing XDC File [d:/EECE387_1/Lab_8/Lab_8_v2/Lab_8_v2.gen/sources_1/bd/mb_lab1/ip/mb_lab1_rst_clk_wiz_1_100M_0/mb_lab1_rst_clk_wiz_1_100M_0/mb_lab1_rst_clk_wiz_1_100M_0_in_context.xdc] for cell 'mb_lab1_i/rst_clk_wiz_1_100M'
Parsing XDC File [d:/EECE387_1/Lab_8/Lab_8_v2/Lab_8_v2.gen/sources_1/bd/mb_lab1/ip/mb_lab1_axi_uartlite_0_0/mb_lab1_axi_uartlite_0_0/mb_lab1_axi_uartlite_0_0_in_context.xdc] for cell 'mb_lab1_i/axi_uartlite_0'
Finished Parsing XDC File [d:/EECE387_1/Lab_8/Lab_8_v2/Lab_8_v2.gen/sources_1/bd/mb_lab1/ip/mb_lab1_axi_uartlite_0_0/mb_lab1_axi_uartlite_0_0/mb_lab1_axi_uartlite_0_0_in_context.xdc] for cell 'mb_lab1_i/axi_uartlite_0'
Parsing XDC File [d:/EECE387_1/Lab_8/Lab_8_v2/Lab_8_v2.gen/sources_1/bd/mb_lab1/ip/mb_lab1_xbar_0/mb_lab1_xbar_0/mb_lab1_xbar_0_in_context.xdc] for cell 'mb_lab1_i/microblaze_0_axi_periph/xbar'
Finished Parsing XDC File [d:/EECE387_1/Lab_8/Lab_8_v2/Lab_8_v2.gen/sources_1/bd/mb_lab1/ip/mb_lab1_xbar_0/mb_lab1_xbar_0/mb_lab1_xbar_0_in_context.xdc] for cell 'mb_lab1_i/microblaze_0_axi_periph/xbar'
Parsing XDC File [d:/EECE387_1/Lab_8/Lab_8_v2/Lab_8_v2.gen/sources_1/bd/mb_lab1/ip/mb_lab1_axi_gpio_0_0/mb_lab1_axi_gpio_0_0/mb_lab1_axi_gpio_0_0_in_context.xdc] for cell 'mb_lab1_i/axi_gpio_0'
Finished Parsing XDC File [d:/EECE387_1/Lab_8/Lab_8_v2/Lab_8_v2.gen/sources_1/bd/mb_lab1/ip/mb_lab1_axi_gpio_0_0/mb_lab1_axi_gpio_0_0/mb_lab1_axi_gpio_0_0_in_context.xdc] for cell 'mb_lab1_i/axi_gpio_0'
Parsing XDC File [d:/EECE387_1/Lab_8/Lab_8_v2/Lab_8_v2.gen/sources_1/bd/mb_lab1/ip/mb_lab1_axi_gpio_1_0/mb_lab1_axi_gpio_1_0/mb_lab1_axi_gpio_1_0_in_context.xdc] for cell 'mb_lab1_i/axi_gpio_1'
Finished Parsing XDC File [d:/EECE387_1/Lab_8/Lab_8_v2/Lab_8_v2.gen/sources_1/bd/mb_lab1/ip/mb_lab1_axi_gpio_1_0/mb_lab1_axi_gpio_1_0/mb_lab1_axi_gpio_1_0_in_context.xdc] for cell 'mb_lab1_i/axi_gpio_1'
Parsing XDC File [d:/EECE387_1/Lab_8/Lab_8_v2/Lab_8_v2.gen/sources_1/bd/mb_lab1/ip/mb_lab1_axi_gpio_2_0/mb_lab1_axi_gpio_2_0/mb_lab1_axi_gpio_2_0_in_context.xdc] for cell 'mb_lab1_i/axi_gpio_2'
Finished Parsing XDC File [d:/EECE387_1/Lab_8/Lab_8_v2/Lab_8_v2.gen/sources_1/bd/mb_lab1/ip/mb_lab1_axi_gpio_2_0/mb_lab1_axi_gpio_2_0/mb_lab1_axi_gpio_2_0_in_context.xdc] for cell 'mb_lab1_i/axi_gpio_2'
Parsing XDC File [d:/EECE387_1/Lab_8/Lab_8_v2/Lab_8_v2.gen/sources_1/bd/mb_lab1/ip/mb_lab1_axi_gpio_3_0/mb_lab1_axi_gpio_3_0/mb_lab1_axi_gpio_3_0_in_context.xdc] for cell 'mb_lab1_i/axi_gpio_3'
Finished Parsing XDC File [d:/EECE387_1/Lab_8/Lab_8_v2/Lab_8_v2.gen/sources_1/bd/mb_lab1/ip/mb_lab1_axi_gpio_3_0/mb_lab1_axi_gpio_3_0/mb_lab1_axi_gpio_3_0_in_context.xdc] for cell 'mb_lab1_i/axi_gpio_3'
Parsing XDC File [d:/EECE387_1/Lab_8/Lab_8_v2/Lab_8_v2.srcs/sources_1/bd/mb_lab1/ip/mb_lab1_alarm_timer_0_0/mb_lab1_alarm_timer_0_0/mb_lab1_alarm_timer_0_0_in_context.xdc] for cell 'mb_lab1_i/alarm_timer_0'
Finished Parsing XDC File [d:/EECE387_1/Lab_8/Lab_8_v2/Lab_8_v2.srcs/sources_1/bd/mb_lab1/ip/mb_lab1_alarm_timer_0_0/mb_lab1_alarm_timer_0_0/mb_lab1_alarm_timer_0_0_in_context.xdc] for cell 'mb_lab1_i/alarm_timer_0'
Parsing XDC File [d:/EECE387_1/Lab_8/Lab_8_v2/Lab_8_v2.srcs/sources_1/bd/mb_lab1/ip/mb_lab1_sensor_sonic_0_1/mb_lab1_sensor_sonic_0_1/mb_lab1_sensor_sonic_0_1_in_context.xdc] for cell 'mb_lab1_i/sensor_sonic_0'
Finished Parsing XDC File [d:/EECE387_1/Lab_8/Lab_8_v2/Lab_8_v2.srcs/sources_1/bd/mb_lab1/ip/mb_lab1_sensor_sonic_0_1/mb_lab1_sensor_sonic_0_1/mb_lab1_sensor_sonic_0_1_in_context.xdc] for cell 'mb_lab1_i/sensor_sonic_0'
Parsing XDC File [d:/EECE387_1/Lab_8/Lab_8_v2/Lab_8_v2.gen/sources_1/bd/mb_lab1/ip/mb_lab1_xadc_wiz_0_0/mb_lab1_xadc_wiz_0_0/mb_lab1_xadc_wiz_0_0_in_context.xdc] for cell 'mb_lab1_i/xadc_wiz_0'
Finished Parsing XDC File [d:/EECE387_1/Lab_8/Lab_8_v2/Lab_8_v2.gen/sources_1/bd/mb_lab1/ip/mb_lab1_xadc_wiz_0_0/mb_lab1_xadc_wiz_0_0/mb_lab1_xadc_wiz_0_0_in_context.xdc] for cell 'mb_lab1_i/xadc_wiz_0'
Parsing XDC File [D:/EECE387_1/Lab_8/Lab_8_v2/Lab_8_v2.srcs/constrs_1/imports/Downloads/Basys_3_Master.xdc]
Finished Parsing XDC File [D:/EECE387_1/Lab_8/Lab_8_v2/Lab_8_v2.srcs/constrs_1/imports/Downloads/Basys_3_Master.xdc]
INFO: [Project 1-236] Implementation specific constraints were found while reading constraint file [D:/EECE387_1/Lab_8/Lab_8_v2/Lab_8_v2.srcs/constrs_1/imports/Downloads/Basys_3_Master.xdc]. These constraints will be ignored for synthesis but will be used in implementation. Impacted constraints are listed in the file [.Xil/mb_lab1_wrapper_propImpl.xdc].
Resolution: To avoid this warning, move constraints listed in [.Xil/mb_lab1_wrapper_propImpl.xdc] to another XDC file and exclude this new file from synthesis with the used_in_synthesis property (File Properties dialog in GUI) and re-run elaboration/synthesis.
Parsing XDC File [D:/EECE387_1/Lab_8/Lab_8_v2/Lab_8_v2.runs/synth_1/dont_touch.xdc]
Finished Parsing XDC File [D:/EECE387_1/Lab_8/Lab_8_v2/Lab_8_v2.runs/synth_1/dont_touch.xdc]
Completed Processing XDC Constraints

Netlist sorting complete. Time (s): cpu = 00:00:00 ; elapsed = 00:00:00 . Memory (MB): peak = 1563.570 ; gain = 0.000
INFO: [Project 1-111] Unisim Transformation Summary:
No Unisim elements were transformed.

The system cannot find the path specified.
Constraint Validation Runtime : Time (s): cpu = 00:00:00 ; elapsed = 00:00:00.007 . Memory (MB): peak = 1563.570 ; gain = 0.000
WARNING: [Timing 38-316] Clock period '20.000' specified during out-of-context synthesis of instance 'mb_lab1_i/microblaze_0_local_memory/lmb_bram' at clock pin 'clka' is different from the actual clock period '10.000', this can lead to different synthesis results.
INFO: [Designutils 20-5440] No compile time benefit to using incremental synthesis; A full resynthesis will be run
INFO: [Designutils 20-4379] Flow is switching to default flow due to incremental criteria not met. If you would like to alter this behaviour and have the flow terminate instead, please set the following parameter config_implementation {autoIncr.Synth.RejectBehavior Terminate}
---------------------------------------------------------------------------------
Finished Constraint Validation : Time (s): cpu = 00:00:03 ; elapsed = 00:00:19 . Memory (MB): peak = 1565.156 ; gain = 565.496
---------------------------------------------------------------------------------
---------------------------------------------------------------------------------
Start Loading Part and Timing Information
---------------------------------------------------------------------------------
Loading part: xc7a35tcpg236-1
---------------------------------------------------------------------------------
Finished Loading Part and Timing Information : Time (s): cpu = 00:00:03 ; elapsed = 00:00:19 . Memory (MB): peak = 1565.156 ; gain = 565.496
---------------------------------------------------------------------------------
---------------------------------------------------------------------------------
Start Applying 'set_property' XDC Constraints
---------------------------------------------------------------------------------
Applied set_property IO_BUFFER_TYPE = NONE for clk. (constraint file  d:/EECE387_1/Lab_8/Lab_8_v2/Lab_8_v2.gen/sources_1/bd/mb_lab1/ip/mb_lab1_clk_wiz_1_0/mb_lab1_clk_wiz_1_0/mb_lab1_clk_wiz_1_0_in_context.xdc, line 3).
Applied set_property CLOCK_BUFFER_TYPE = NONE for clk. (constraint file  d:/EECE387_1/Lab_8/Lab_8_v2/Lab_8_v2.gen/sources_1/bd/mb_lab1/ip/mb_lab1_clk_wiz_1_0/mb_lab1_clk_wiz_1_0/mb_lab1_clk_wiz_1_0_in_context.xdc, line 4).
Applied set_property KEEP_HIERARCHY = SOFT for mb_lab1_i. (constraint file  auto generated constraint).
Applied set_property KEEP_HIERARCHY = SOFT for mb_lab1_i/microblaze_0. (constraint file  auto generated constraint).
Applied set_property KEEP_HIERARCHY = SOFT for mb_lab1_i/microblaze_0_local_memory/dlmb_v10. (constraint file  auto generated constraint).
Applied set_property KEEP_HIERARCHY = SOFT for mb_lab1_i/microblaze_0_local_memory/ilmb_v10. (constraint file  auto generated constraint).
Applied set_property KEEP_HIERARCHY = SOFT for mb_lab1_i/microblaze_0_local_memory/dlmb_bram_if_cntlr. (constraint file  auto generated constraint).
Applied set_property KEEP_HIERARCHY = SOFT for mb_lab1_i/microblaze_0_local_memory/ilmb_bram_if_cntlr. (constraint file  auto generated constraint).
Applied set_property KEEP_HIERARCHY = SOFT for mb_lab1_i/microblaze_0_local_memory/lmb_bram. (constraint file  auto generated constraint).
Applied set_property KEEP_HIERARCHY = SOFT for mb_lab1_i/mdm_1. (constraint file  auto generated constraint).
Applied set_property KEEP_HIERARCHY = SOFT for mb_lab1_i/clk_wiz_1. (constraint file  auto generated constraint).
Applied set_property KEEP_HIERARCHY = SOFT for mb_lab1_i/rst_clk_wiz_1_100M. (constraint file  auto generated constraint).
Applied set_property KEEP_HIERARCHY = SOFT for mb_lab1_i/axi_uartlite_0. (constraint file  auto generated constraint).
Applied set_property KEEP_HIERARCHY = SOFT for mb_lab1_i/microblaze_0_axi_periph/xbar. (constraint file  auto generated constraint).
Applied set_property KEEP_HIERARCHY = SOFT for mb_lab1_i/microblaze_0_axi_periph. (constraint file  auto generated constraint).
Applied set_property KEEP_HIERARCHY = SOFT for mb_lab1_i/axi_gpio_0. (constraint file  auto generated constraint).
Applied set_property KEEP_HIERARCHY = SOFT for mb_lab1_i/axi_gpio_1. (constraint file  auto generated constraint).
Applied set_property KEEP_HIERARCHY = SOFT for mb_lab1_i/axi_gpio_2. (constraint file  auto generated constraint).
Applied set_property KEEP_HIERARCHY = SOFT for mb_lab1_i/xlslice_0. (constraint file  auto generated constraint).
Applied set_property KEEP_HIERARCHY = SOFT for mb_lab1_i/xlslice_1. (constraint file  auto generated constraint).
Applied set_property KEEP_HIERARCHY = SOFT for mb_lab1_i/xlconcat_0. (constraint file  auto generated constraint).
Applied set_property KEEP_HIERARCHY = SOFT for mb_lab1_i/axi_gpio_3. (constraint file  auto generated constraint).
Applied set_property KEEP_HIERARCHY = SOFT for mb_lab1_i/xlslice_2. (constraint file  auto generated constraint).
Applied set_property KEEP_HIERARCHY = SOFT for mb_lab1_i/alarm_timer_0. (constraint file  auto generated constraint).
Applied set_property KEEP_HIERARCHY = SOFT for mb_lab1_i/sensor_sonic_0. (constraint file  auto generated constraint).
Applied set_property KEEP_HIERARCHY = SOFT for mb_lab1_i/xadc_wiz_0. (constraint file  auto generated constraint).
Applied set_property KEEP_HIERARCHY = SOFT for mb_lab1_i/xlslice_3. (constraint file  auto generated constraint).
Applied set_property KEEP_HIERARCHY = SOFT for mb_lab1_i/xlslice_4. (constraint file  auto generated constraint).
---------------------------------------------------------------------------------
Finished applying 'set_property' XDC Constraints : Time (s): cpu = 00:00:03 ; elapsed = 00:00:19 . Memory (MB): peak = 1565.156 ; gain = 565.496
---------------------------------------------------------------------------------
---------------------------------------------------------------------------------
Finished RTL Optimization Phase 2 : Time (s): cpu = 00:00:03 ; elapsed = 00:00:20 . Memory (MB): peak = 1565.156 ; gain = 565.496
---------------------------------------------------------------------------------
---------------------------------------------------------------------------------
Start RTL Component Statistics 
---------------------------------------------------------------------------------
Detailed RTL Component Info : 
---------------------------------------------------------------------------------
Finished RTL Component Statistics 
---------------------------------------------------------------------------------
---------------------------------------------------------------------------------
Start Part Resource Summary
---------------------------------------------------------------------------------
Part Resources:
DSPs: 90 (col length:60)
BRAMs: 100 (col length: RAMB18 60 RAMB36 30)
---------------------------------------------------------------------------------
Finished Part Resource Summary
---------------------------------------------------------------------------------
---------------------------------------------------------------------------------
Start Cross Boundary and Area Optimization
---------------------------------------------------------------------------------
WARNING: [Synth 8-7080] Parallel synthesis criteria is not met
---------------------------------------------------------------------------------
Finished Cross Boundary and Area Optimization : Time (s): cpu = 00:00:03 ; elapsed = 00:00:22 . Memory (MB): peak = 1565.156 ; gain = 565.496
---------------------------------------------------------------------------------
---------------------------------------------------------------------------------
Start Applying XDC Timing Constraints
---------------------------------------------------------------------------------
---------------------------------------------------------------------------------
Finished Applying XDC Timing Constraints : Time (s): cpu = 00:00:04 ; elapsed = 00:00:28 . Memory (MB): peak = 1565.156 ; gain = 565.496
---------------------------------------------------------------------------------
---------------------------------------------------------------------------------
Start Timing Optimization
---------------------------------------------------------------------------------
---------------------------------------------------------------------------------
Finished Timing Optimization : Time (s): cpu = 00:00:04 ; elapsed = 00:00:28 . Memory (MB): peak = 1565.156 ; gain = 565.496
---------------------------------------------------------------------------------
---------------------------------------------------------------------------------
Start Technology Mapping
---------------------------------------------------------------------------------
---------------------------------------------------------------------------------
Finished Technology Mapping : Time (s): cpu = 00:00:04 ; elapsed = 00:00:28 . Memory (MB): peak = 1565.156 ; gain = 565.496
---------------------------------------------------------------------------------
---------------------------------------------------------------------------------
Start IO Insertion
---------------------------------------------------------------------------------
---------------------------------------------------------------------------------
Start Flattening Before IO Insertion
---------------------------------------------------------------------------------
---------------------------------------------------------------------------------
Finished Flattening Before IO Insertion
---------------------------------------------------------------------------------
---------------------------------------------------------------------------------
Start Final Netlist Cleanup
---------------------------------------------------------------------------------
---------------------------------------------------------------------------------
Finished Final Netlist Cleanup
---------------------------------------------------------------------------------
---------------------------------------------------------------------------------
Finished IO Insertion : Time (s): cpu = 00:00:06 ; elapsed = 00:00:34 . Memory (MB): peak = 1565.156 ; gain = 565.496
---------------------------------------------------------------------------------
---------------------------------------------------------------------------------
Start Renaming Generated Instances
---------------------------------------------------------------------------------
---------------------------------------------------------------------------------
Finished Renaming Generated Instances : Time (s): cpu = 00:00:06 ; elapsed = 00:00:34 . Memory (MB): peak = 1565.156 ; gain = 565.496
---------------------------------------------------------------------------------
---------------------------------------------------------------------------------
Start Rebuilding User Hierarchy
---------------------------------------------------------------------------------
---------------------------------------------------------------------------------
Finished Rebuilding User Hierarchy : Time (s): cpu = 00:00:06 ; elapsed = 00:00:34 . Memory (MB): peak = 1565.156 ; gain = 565.496
---------------------------------------------------------------------------------
---------------------------------------------------------------------------------
Start Renaming Generated Ports
---------------------------------------------------------------------------------
---------------------------------------------------------------------------------
Finished Renaming Generated Ports : Time (s): cpu = 00:00:06 ; elapsed = 00:00:34 . Memory (MB): peak = 1565.156 ; gain = 565.496
---------------------------------------------------------------------------------
---------------------------------------------------------------------------------
Start Handling Custom Attributes
---------------------------------------------------------------------------------
---------------------------------------------------------------------------------
Finished Handling Custom Attributes : Time (s): cpu = 00:00:06 ; elapsed = 00:00:34 . Memory (MB): peak = 1565.156 ; gain = 565.496
---------------------------------------------------------------------------------
---------------------------------------------------------------------------------
Start Renaming Generated Nets
---------------------------------------------------------------------------------
---------------------------------------------------------------------------------
Finished Renaming Generated Nets : Time (s): cpu = 00:00:06 ; elapsed = 00:00:34 . Memory (MB): peak = 1565.156 ; gain = 565.496
---------------------------------------------------------------------------------
---------------------------------------------------------------------------------
Start Writing Synthesis Report
---------------------------------------------------------------------------------

Report BlackBoxes: 
+------+-----------------------------+----------+
|      |BlackBox name                |Instances |
+------+-----------------------------+----------+
|1     |mb_lab1_xbar_0               |         1|
|2     |mb_lab1_alarm_timer_0_0      |         1|
|3     |mb_lab1_axi_gpio_0_0         |         1|
|4     |mb_lab1_axi_gpio_1_0         |         1|
|5     |mb_lab1_axi_gpio_2_0         |         1|
|6     |mb_lab1_axi_gpio_3_0         |         1|
|7     |mb_lab1_axi_uartlite_0_0     |         1|
|8     |mb_lab1_clk_wiz_1_0          |         1|
|9     |mb_lab1_mdm_1_0              |         1|
|10    |mb_lab1_microblaze_0_0       |         1|
|11    |mb_lab1_rst_clk_wiz_1_100M_0 |         1|
|12    |mb_lab1_sensor_sonic_0_1     |         1|
|13    |mb_lab1_xadc_wiz_0_0         |         1|
|14    |mb_lab1_dlmb_bram_if_cntlr_0 |         1|
|15    |mb_lab1_dlmb_v10_0           |         1|
|16    |mb_lab1_ilmb_bram_if_cntlr_0 |         1|
|17    |mb_lab1_ilmb_v10_0           |         1|
|18    |mb_lab1_lmb_bram_0           |         1|
+------+-----------------------------+----------+

Report Cell Usage: 
+------+----------------------------------+------+
|      |Cell                              |Count |
+------+----------------------------------+------+
|1     |mb_lab1_alarm_timer_0_0_bbox      |     1|
|2     |mb_lab1_axi_gpio_0_0_bbox         |     1|
|3     |mb_lab1_axi_gpio_1_0_bbox         |     1|
|4     |mb_lab1_axi_gpio_2_0_bbox         |     1|
|5     |mb_lab1_axi_gpio_3_0_bbox         |     1|
|6     |mb_lab1_axi_uartlite_0_0_bbox     |     1|
|7     |mb_lab1_clk_wiz_1_0_bbox          |     1|
|8     |mb_lab1_dlmb_bram_if_cntlr_0_bbox |     1|
|9     |mb_lab1_dlmb_v10_0_bbox           |     1|
|10    |mb_lab1_ilmb_bram_if_cntlr_0_bbox |     1|
|11    |mb_lab1_ilmb_v10_0_bbox           |     1|
|12    |mb_lab1_lmb_bram_0_bbox           |     1|
|13    |mb_lab1_mdm_1_0_bbox              |     1|
|14    |mb_lab1_microblaze_0_0_bbox       |     1|
|15    |mb_lab1_rst_clk_wiz_1_100M_0_bbox |     1|
|16    |mb_lab1_sensor_sonic_0_1_bbox     |     1|
|17    |mb_lab1_xadc_wiz_0_0_bbox         |     1|
|18    |mb_lab1_xbar_0_bbox               |     1|
|19    |IBUF                              |    25|
|20    |OBUF                              |    37|
+------+----------------------------------+------+
---------------------------------------------------------------------------------
Finished Writing Synthesis Report : Time (s): cpu = 00:00:06 ; elapsed = 00:00:34 . Memory (MB): peak = 1565.156 ; gain = 565.496
---------------------------------------------------------------------------------
Synthesis finished with 0 errors, 0 critical warnings and 96 warnings.
Synthesis Optimization Runtime : Time (s): cpu = 00:00:04 ; elapsed = 00:00:32 . Memory (MB): peak = 1565.156 ; gain = 563.059
Synthesis Optimization Complete : Time (s): cpu = 00:00:06 ; elapsed = 00:00:35 . Memory (MB): peak = 1565.156 ; gain = 565.496
INFO: [Project 1-571] Translating synthesized netlist
Netlist sorting complete. Time (s): cpu = 00:00:00 ; elapsed = 00:00:00.026 . Memory (MB): peak = 1577.125 ; gain = 0.000
INFO: [Project 1-570] Preparing netlist for logic optimization
INFO: [Opt 31-138] Pushed 0 inverter(s) to 0 load pin(s).
Netlist sorting complete. Time (s): cpu = 00:00:00 ; elapsed = 00:00:00 . Memory (MB): peak = 1580.805 ; gain = 0.000
INFO: [Project 1-111] Unisim Transformation Summary:
No Unisim elements were transformed.

The system cannot find the path specified.
Synth Design complete | Checksum: 2ecbc9ce
INFO: [Common 17-83] Releasing license: Synthesis
116 Infos, 107 Warnings, 0 Critical Warnings and 0 Errors encountered.
synth_design completed successfully
synth_design: Time (s): cpu = 00:00:07 ; elapsed = 00:00:40 . Memory (MB): peak = 1580.805 ; gain = 975.918
Write ShapeDB Complete: Time (s): cpu = 00:00:00 ; elapsed = 00:00:00.001 . Memory (MB): peak = 1580.805 ; gain = 0.000
INFO: [Common 17-1381] The checkpoint 'D:/EECE387_1/Lab_8/Lab_8_v2/Lab_8_v2.runs/synth_1/mb_lab1_wrapper.dcp' has been generated.
INFO: [runtcl-4] Executing : report_utilization -file mb_lab1_wrapper_utilization_synth.rpt -pb mb_lab1_wrapper_utilization_synth.pb
INFO: [Common 17-206] Exiting Vivado at Fri Apr 19 16:01:15 2024...
