Copyright 1986-2022 Xilinx, Inc. All Rights Reserved. Copyright 2022-2023 Advanced Micro Devices, Inc. All Rights Reserved.
---------------------------------------------------------------------------------------------------------------------------------------------
| Tool Version : Vivado v.2023.2 (win64) Build 4029153 Fri Oct 13 20:14:34 MDT 2023
| Date         : Fri Apr 19 16:02:30 2024
| Host         : LAPTOP-F28O89LN running 64-bit major release  (build 9200)
| Command      : report_control_sets -verbose -file mb_lab1_wrapper_control_sets_placed.rpt
| Design       : mb_lab1_wrapper
| Device       : xc7a35t
---------------------------------------------------------------------------------------------------------------------------------------------

Control Set Information

Table of Contents
-----------------
1. Summary
2. Histogram
3. Flip-Flop Distribution
4. Detailed Control Set Information

1. Summary
----------

+----------------------------------------------------------+-------+
|                          Status                          | Count |
+----------------------------------------------------------+-------+
| Total control sets                                       |   115 |
|    Minimum number of control sets                        |   115 |
|    Addition due to synthesis replication                 |     0 |
|    Addition due to physical synthesis replication        |     0 |
| Unused register locations in slices containing registers |   327 |
+----------------------------------------------------------+-------+
* Control sets can be merged at opt_design using control_set_merge or merge_equivalent_drivers
** Run report_qor_suggestions for automated merging and remapping suggestions


2. Histogram
------------

+--------------------+-------+
|       Fanout       | Count |
+--------------------+-------+
| Total control sets |   115 |
| >= 0 to < 4        |    12 |
| >= 4 to < 6        |    24 |
| >= 6 to < 8        |     8 |
| >= 8 to < 10       |    19 |
| >= 10 to < 12      |     3 |
| >= 12 to < 14      |     1 |
| >= 14 to < 16      |     1 |
| >= 16              |    47 |
+--------------------+-------+
* Control sets can be remapped at either synth_design or opt_design


3. Flip-Flop Distribution
-------------------------

+--------------+-----------------------+------------------------+-----------------+--------------+
| Clock Enable | Synchronous Set/Reset | Asynchronous Set/Reset | Total Registers | Total Slices |
+--------------+-----------------------+------------------------+-----------------+--------------+
| No           | No                    | No                     |             319 |          115 |
| No           | No                    | Yes                    |              29 |            7 |
| No           | Yes                   | No                     |             639 |          197 |
| Yes          | No                    | No                     |             251 |           69 |
| Yes          | No                    | Yes                    |              15 |            8 |
| Yes          | Yes                   | No                     |            1036 |          307 |
+--------------+-----------------------+------------------------+-----------------+--------------+


4. Detailed Control Set Information
-----------------------------------

+-----------------------------------------------------------+--------------------------------------------------------------------------------------------------------------------------------------------------------------------------------------------------------+-----------------------------------------------------------------------------------------------------------------------------------------------+------------------+----------------+--------------+
|                        Clock Signal                       |                                                                                              Enable Signal                                                                                             |                                                                Set/Reset Signal                                                               | Slice Load Count | Bel Load Count | Bels / Slice |
+-----------------------------------------------------------+--------------------------------------------------------------------------------------------------------------------------------------------------------------------------------------------------------+-----------------------------------------------------------------------------------------------------------------------------------------------+------------------+----------------+--------------+
|  mb_lab1_i/mdm_1/U0/Use_E2.BSCAN_I/Dbg_Update_0_BUFG      | mb_lab1_i/microblaze_0/U0/MicroBlaze_Core_I/Performance.Core/Use_Debug_Logic.Master_Core.Debug_Perf/Control_Reg_En                                                                                     | mb_lab1_i/microblaze_0/U0/MicroBlaze_Core_I/Performance.Core/Use_Debug_Logic.Master_Core.Debug_Perf/start_single_step_reg_n_0                 |                1 |              1 |         1.00 |
|  mb_lab1_i/clk_wiz_1/inst/clk_out1                        |                                                                                                                                                                                                        | mb_lab1_i/microblaze_0/U0/MicroBlaze_Core_I/Performance.Core/Use_Debug_Logic.Master_Core.Debug_Perf/Serial_Dbg_Intf.capture_1                 |                1 |              1 |         1.00 |
| ~mb_lab1_i/mdm_1/U0/No_Dbg_Reg_Access.BUFG_DRCK/Dbg_Clk_0 | mb_lab1_i/mdm_1/U0/MDM_Core_I1/JTAG_CONTROL_I/Use_BSCAN.FDC_I/CE                                                                                                                                       | mb_lab1_i/mdm_1/U0/MDM_Core_I1/JTAG_CONTROL_I/Use_BSCAN.FDC_I/D                                                                               |                1 |              1 |         1.00 |
|  mb_lab1_i/mdm_1/U0/No_Dbg_Reg_Access.BUFG_DRCK/Dbg_Clk_0 | mb_lab1_i/mdm_1/U0/Use_E2.BSCAN_I/Use_E2.BSCANE2_I_0                                                                                                                                                   | mb_lab1_i/mdm_1/U0/MDM_Core_I1/JTAG_CONTROL_I/Functional_Reset                                                                                |                1 |              1 |         1.00 |
|  mb_lab1_i/mdm_1/U0/Use_E2.BSCAN_I/Dbg_Update_0_BUFG      | mb_lab1_i/microblaze_0/U0/MicroBlaze_Core_I/Performance.Core/Use_Debug_Logic.Master_Core.Debug_Perf/Control_Reg_En                                                                                     | mb_lab1_i/microblaze_0/U0/MicroBlaze_Core_I/Performance.Core/Use_Debug_Logic.Master_Core.Debug_Perf/Serial_Dbg_Intf.continue_from_brk_reg_n_0 |                1 |              1 |         1.00 |
|  mb_lab1_i/mdm_1/U0/Use_E2.BSCAN_I/Dbg_Update_0_BUFG      | mb_lab1_i/microblaze_0/U0/MicroBlaze_Core_I/Performance.Core/Use_Debug_Logic.Master_Core.Debug_Perf/Control_Reg_En                                                                                     | mb_lab1_i/microblaze_0/U0/MicroBlaze_Core_I/Performance.Core/Use_Debug_Logic.Master_Core.Debug_Perf/Serial_Dbg_Intf.normal_stop_cmd_i_reg_n_0 |                1 |              1 |         1.00 |
|  mb_lab1_i/mdm_1/U0/Use_E2.BSCAN_I/Dbg_Update_0_BUFG      | mb_lab1_i/microblaze_0/U0/MicroBlaze_Core_I/Performance.Core/Use_Debug_Logic.Master_Core.Debug_Perf/Control_Reg_En                                                                                     | mb_lab1_i/microblaze_0/U0/MicroBlaze_Core_I/Performance.Core/Use_Debug_Logic.Master_Core.Debug_Perf/Serial_Dbg_Intf.force_stop_cmd_i_reg_0    |                1 |              1 |         1.00 |
| ~mb_lab1_i/mdm_1/U0/Use_E2.BSCAN_I/Dbg_Update_0_BUFG      |                                                                                                                                                                                                        | mb_lab1_i/mdm_1/U0/MDM_Core_I1/JTAG_CONTROL_I/sel_n                                                                                           |                1 |              1 |         1.00 |
|  mb_lab1_i/mdm_1/U0/Use_E2.BSCAN_I/Dbg_Update_0_BUFG      | mb_lab1_i/microblaze_0/U0/MicroBlaze_Core_I/Performance.Core/Use_Debug_Logic.Master_Core.Debug_Perf/Command_Reg_En                                                                                     | mb_lab1_i/microblaze_0/U0/MicroBlaze_Core_I/Performance.Core/Use_Debug_Logic.Master_Core.Debug_Perf/command_reg_clear                         |                1 |              2 |         2.00 |
|  mb_lab1_i/clk_wiz_1/inst/clk_out1                        | mb_lab1_i/rst_clk_wiz_1_100M/U0/peripheral_aresetn[0]                                                                                                                                                  | mb_lab1_i/alarm_timer_0/U0/alarm_timer_v1_0_S00_AXI_inst/write_alarm02_out                                                                    |                1 |              2 |         2.00 |
|  mb_lab1_i/clk_wiz_1/inst/clk_out1                        | mb_lab1_i/rst_clk_wiz_1_100M/U0/peripheral_aresetn[0]                                                                                                                                                  |                                                                                                                                               |                1 |              2 |         2.00 |
|  mb_lab1_i/mdm_1/U0/Use_E2.BSCAN_I/Dbg_Update_0_BUFG      |                                                                                                                                                                                                        |                                                                                                                                               |                1 |              3 |         3.00 |
|  mb_lab1_i/mdm_1/U0/Use_E2.BSCAN_I/Dbg_Update_0_BUFG      | mb_lab1_i/mdm_1/U0/MDM_Core_I1/Use_BSCAN.MDM_SEL                                                                                                                                                       | mb_lab1_i/mdm_1/U0/Use_E2.BSCAN_I/AR[0]                                                                                                       |                1 |              4 |         4.00 |
|  mb_lab1_i/clk_wiz_1/inst/clk_out1                        |                                                                                                                                                                                                        | mb_lab1_i/axi_gpio_0/U0/AXI_LITE_IPIF_I/I_SLAVE_ATTACHMENT/clear                                                                              |                1 |              4 |         4.00 |
|  mb_lab1_i/clk_wiz_1/inst/clk_out1                        |                                                                                                                                                                                                        | mb_lab1_i/axi_gpio_3/U0/AXI_LITE_IPIF_I/I_SLAVE_ATTACHMENT/I_DECODER/bus2ip_rnw_i_reg                                                         |                1 |              4 |         4.00 |
|  mb_lab1_i/clk_wiz_1/inst/clk_out1                        |                                                                                                                                                                                                        | mb_lab1_i/axi_gpio_1/U0/AXI_LITE_IPIF_I/I_SLAVE_ATTACHMENT/clear                                                                              |                1 |              4 |         4.00 |
|  mb_lab1_i/mdm_1/U0/Use_E2.BSCAN_I/Dbg_Update_0_BUFG      | mb_lab1_i/microblaze_0/U0/MicroBlaze_Core_I/Performance.Core/Use_Debug_Logic.Master_Core.Debug_Perf/Control_Reg_En                                                                                     |                                                                                                                                               |                3 |              4 |         1.33 |
| ~mb_lab1_i/mdm_1/U0/Use_E2.BSCAN_I/Dbg_Update_0_BUFG      |                                                                                                                                                                                                        | mb_lab1_i/mdm_1/U0/Use_E2.BSCAN_I/AR[0]                                                                                                       |                1 |              4 |         4.00 |
|  mb_lab1_i/clk_wiz_1/inst/clk_out1                        |                                                                                                                                                                                                        | mb_lab1_i/axi_gpio_2/U0/AXI_LITE_IPIF_I/I_SLAVE_ATTACHMENT/clear                                                                              |                1 |              4 |         4.00 |
|  mb_lab1_i/clk_wiz_1/inst/clk_out1                        |                                                                                                                                                                                                        | mb_lab1_i/axi_gpio_3/U0/AXI_LITE_IPIF_I/I_SLAVE_ATTACHMENT/clear                                                                              |                1 |              4 |         4.00 |
|  mb_lab1_i/clk_wiz_1/inst/clk_out1                        | mb_lab1_i/axi_gpio_1/U0/AXI_LITE_IPIF_I/I_SLAVE_ATTACHMENT/bus2ip_addr_i[8]_i_1_n_0                                                                                                                    | mb_lab1_i/axi_gpio_1/U0/AXI_LITE_IPIF_I/I_SLAVE_ATTACHMENT/SR[0]                                                                              |                1 |              4 |         4.00 |
|  mb_lab1_i/clk_wiz_1/inst/clk_out1                        | mb_lab1_i/axi_gpio_3/U0/AXI_LITE_IPIF_I/I_SLAVE_ATTACHMENT/I_DECODER/E[0]                                                                                                                              | mb_lab1_i/axi_gpio_3/U0/AXI_LITE_IPIF_I/I_SLAVE_ATTACHMENT/SR[0]                                                                              |                1 |              4 |         4.00 |
|  mb_lab1_i/clk_wiz_1/inst/clk_out1                        | mb_lab1_i/axi_gpio_0/U0/AXI_LITE_IPIF_I/I_SLAVE_ATTACHMENT/start2                                                                                                                                      | mb_lab1_i/axi_gpio_0/U0/AXI_LITE_IPIF_I/I_SLAVE_ATTACHMENT/I_DECODER/cs_ce_clr                                                                |                2 |              4 |         2.00 |
|  mb_lab1_i/clk_wiz_1/inst/clk_out1                        | mb_lab1_i/axi_gpio_0/U0/AXI_LITE_IPIF_I/I_SLAVE_ATTACHMENT/bus2ip_addr_i[8]_i_1_n_0                                                                                                                    | mb_lab1_i/axi_gpio_0/U0/AXI_LITE_IPIF_I/I_SLAVE_ATTACHMENT/SR[0]                                                                              |                1 |              4 |         4.00 |
|  mb_lab1_i/clk_wiz_1/inst/clk_out1                        | mb_lab1_i/axi_gpio_2/U0/AXI_LITE_IPIF_I/I_SLAVE_ATTACHMENT/bus2ip_addr_i[8]_i_1_n_0                                                                                                                    | mb_lab1_i/axi_gpio_2/U0/AXI_LITE_IPIF_I/I_SLAVE_ATTACHMENT/SR[0]                                                                              |                1 |              4 |         4.00 |
|  mb_lab1_i/clk_wiz_1/inst/clk_out1                        | mb_lab1_i/axi_gpio_2/U0/AXI_LITE_IPIF_I/I_SLAVE_ATTACHMENT/start2                                                                                                                                      | mb_lab1_i/axi_gpio_2/U0/AXI_LITE_IPIF_I/I_SLAVE_ATTACHMENT/I_DECODER/cs_ce_clr                                                                |                1 |              4 |         4.00 |
|  mb_lab1_i/clk_wiz_1/inst/clk_out1                        | mb_lab1_i/xadc_wiz_0/U0/AXI_XADC_CORE_I/D[6]                                                                                                                                                           | mb_lab1_i/xadc_wiz_0/U0/AXI_LITE_IPIF_I/I_SLAVE_ATTACHMENT/reset2ip_reset                                                                     |                1 |              4 |         4.00 |
|  mb_lab1_i/clk_wiz_1/inst/clk_out1                        | mb_lab1_i/axi_gpio_1/U0/AXI_LITE_IPIF_I/I_SLAVE_ATTACHMENT/start2                                                                                                                                      | mb_lab1_i/axi_gpio_1/U0/AXI_LITE_IPIF_I/I_SLAVE_ATTACHMENT/I_DECODER/cs_ce_clr                                                                |                1 |              4 |         4.00 |
|  mb_lab1_i/clk_wiz_1/inst/clk_out1                        | mb_lab1_i/axi_gpio_3/U0/AXI_LITE_IPIF_I/I_SLAVE_ATTACHMENT/start2                                                                                                                                      | mb_lab1_i/axi_gpio_3/U0/AXI_LITE_IPIF_I/I_SLAVE_ATTACHMENT/I_DECODER/cs_ce_clr                                                                |                1 |              4 |         4.00 |
|  mb_lab1_i/clk_wiz_1/inst/clk_out1                        | mb_lab1_i/axi_gpio_3/U0/AXI_LITE_IPIF_I/I_SLAVE_ATTACHMENT/bus2ip_addr_i[8]_i_1_n_0                                                                                                                    | mb_lab1_i/axi_gpio_3/U0/AXI_LITE_IPIF_I/I_SLAVE_ATTACHMENT/SR[0]                                                                              |                1 |              4 |         4.00 |
|  mb_lab1_i/clk_wiz_1/inst/clk_out1                        | mb_lab1_i/axi_uartlite_0/U0/AXI_LITE_IPIF_I/I_SLAVE_ATTACHMENT/start2                                                                                                                                  | mb_lab1_i/axi_uartlite_0/U0/AXI_LITE_IPIF_I/I_SLAVE_ATTACHMENT/I_DECODER/cs_ce_clr                                                            |                1 |              4 |         4.00 |
|  mb_lab1_i/clk_wiz_1/inst/clk_out1                        | mb_lab1_i/axi_uartlite_0/U0/UARTLITE_CORE_I/BAUD_RATE_I/en_16x_Baud                                                                                                                                    |                                                                                                                                               |                1 |              4 |         4.00 |
|  mb_lab1_i/mdm_1/U0/No_Dbg_Reg_Access.BUFG_DRCK/Dbg_Clk_0 | mb_lab1_i/mdm_1/U0/MDM_Core_I1/Use_BSCAN.TDI_Shifter0                                                                                                                                                  | mb_lab1_i/mdm_1/U0/Use_E2.BSCAN_I/AR[0]                                                                                                       |                1 |              4 |         4.00 |
|  mb_lab1_i/clk_wiz_1/inst/clk_out1                        | mb_lab1_i/axi_gpio_3/U0/AXI_LITE_IPIF_I/I_SLAVE_ATTACHMENT/s_axi_rresp_i                                                                                                                               | mb_lab1_i/axi_gpio_3/U0/AXI_LITE_IPIF_I/I_SLAVE_ATTACHMENT/SR[0]                                                                              |                1 |              5 |         5.00 |
|  mb_lab1_i/clk_wiz_1/inst/clk_out1                        |                                                                                                                                                                                                        | mb_lab1_i/rst_clk_wiz_1_100M/U0/EXT_LPF/lpf_int                                                                                               |                2 |              5 |         2.50 |
|  mb_lab1_i/clk_wiz_1/inst/clk_out1                        | mb_lab1_i/microblaze_0/U0/MicroBlaze_Core_I/Performance.Core/Decode_I/wb_Halted                                                                                                                        | mb_lab1_i/microblaze_0/U0/MicroBlaze_Core_I/sync_reset                                                                                        |                1 |              5 |         5.00 |
|  mb_lab1_i/clk_wiz_1/inst/clk_out1                        |                                                                                                                                                                                                        | mb_lab1_i/axi_uartlite_0/U0/UARTLITE_CORE_I/UARTLITE_TX_I/SRL_FIFO_I/I_SRL_FIFO_RBU_F/CNTR_INCR_DECR_ADDN_F_I/SS[0]                           |                3 |              6 |         2.00 |
|  mb_lab1_i/clk_wiz_1/inst/clk_out1                        | mb_lab1_i/rst_clk_wiz_1_100M/U0/SEQ/seq_cnt_en                                                                                                                                                         | mb_lab1_i/rst_clk_wiz_1_100M/U0/SEQ/SEQ_COUNTER/clear                                                                                         |                1 |              6 |         6.00 |
|  mb_lab1_i/mdm_1/U0/No_Dbg_Reg_Access.BUFG_DRCK/Dbg_Clk_0 | mb_lab1_i/mdm_1/U0/MDM_Core_I1/JTAG_CONTROL_I/Use_BSCAN.FDC_I/sample_1                                                                                                                                 |                                                                                                                                               |                2 |              6 |         3.00 |
|  mb_lab1_i/mdm_1/U0/No_Dbg_Reg_Access.BUFG_DRCK/Dbg_Clk_0 | mb_lab1_i/mdm_1/U0/Use_E2.BSCAN_I/Use_E2.BSCANE2_I_2                                                                                                                                                   |                                                                                                                                               |                1 |              6 |         6.00 |
|  mb_lab1_i/clk_wiz_1/inst/clk_out1                        |                                                                                                                                                                                                        | mb_lab1_i/axi_uartlite_0/U0/UARTLITE_CORE_I/UARTLITE_RX_I/SRL_FIFO_I/I_SRL_FIFO_RBU_F/CNTR_INCR_DECR_ADDN_F_I/SS[0]                           |                2 |              6 |         3.00 |
|  mb_lab1_i/mdm_1/U0/No_Dbg_Reg_Access.BUFG_DRCK/Dbg_Clk_0 | mb_lab1_i/mdm_1/U0/Use_E2.BSCAN_I/sel                                                                                                                                                                  |                                                                                                                                               |                3 |              6 |         2.00 |
|  mb_lab1_i/clk_wiz_1/inst/clk_out1                        | mb_lab1_i/axi_uartlite_0/U0/UARTLITE_CORE_I/BAUD_RATE_I/en_16x_Baud                                                                                                                                    | mb_lab1_i/axi_uartlite_0/U0/UARTLITE_CORE_I/UARTLITE_RX_I/SERIAL_TO_PARALLEL[8].fifo_din[8]_i_1_n_0                                           |                1 |              7 |         7.00 |
|  mb_lab1_i/clk_wiz_1/inst/clk_out1                        |                                                                                                                                                                                                        | mb_lab1_i/xadc_wiz_0/U0/AXI_LITE_IPIF_I/I_SLAVE_ATTACHMENT/INCLUDE_DPHASE_TIMER.dpto_cnt0                                                     |                2 |              7 |         3.50 |
|  mb_lab1_i/clk_wiz_1/inst/clk_out1                        | mb_lab1_i/sensor_sonic_0/U0/sensor_sonic_v1_0_S00_AXI_inst/slv_reg2[23]_i_1_n_0                                                                                                                        | mb_lab1_i/sensor_sonic_0/U0/sensor_sonic_v1_0_S00_AXI_inst/clear                                                                              |                1 |              8 |         8.00 |
|  mb_lab1_i/clk_wiz_1/inst/clk_out1                        | mb_lab1_i/axi_gpio_2/U0/AXI_LITE_IPIF_I/I_SLAVE_ATTACHMENT/I_DECODER/bus2ip_rnw_i_reg[0]                                                                                                               | mb_lab1_i/axi_gpio_2/U0/AXI_LITE_IPIF_I/I_SLAVE_ATTACHMENT/SR[0]                                                                              |                3 |              8 |         2.67 |
|  mb_lab1_i/clk_wiz_1/inst/clk_out1                        | mb_lab1_i/sensor_sonic_0/U0/sensor_sonic_v1_0_S00_AXI_inst/slv_reg2[31]_i_1_n_0                                                                                                                        | mb_lab1_i/sensor_sonic_0/U0/sensor_sonic_v1_0_S00_AXI_inst/clear                                                                              |                1 |              8 |         8.00 |
|  mb_lab1_i/clk_wiz_1/inst/clk_out1                        | mb_lab1_i/sensor_sonic_0/U0/sensor_sonic_v1_0_S00_AXI_inst/slv_reg2[15]_i_1_n_0                                                                                                                        | mb_lab1_i/sensor_sonic_0/U0/sensor_sonic_v1_0_S00_AXI_inst/clear                                                                              |                2 |              8 |         4.00 |
|  mb_lab1_i/clk_wiz_1/inst/clk_out1                        | mb_lab1_i/sensor_sonic_0/U0/sensor_sonic_v1_0_S00_AXI_inst/slv_reg3[7]_i_1_n_0                                                                                                                         | mb_lab1_i/sensor_sonic_0/U0/sensor_sonic_v1_0_S00_AXI_inst/clear                                                                              |                1 |              8 |         8.00 |
|  mb_lab1_i/clk_wiz_1/inst/clk_out1                        | mb_lab1_i/sensor_sonic_0/U0/sensor_sonic_v1_0_S00_AXI_inst/slv_reg2[7]_i_1_n_0                                                                                                                         | mb_lab1_i/sensor_sonic_0/U0/sensor_sonic_v1_0_S00_AXI_inst/clear                                                                              |                1 |              8 |         8.00 |
|  mb_lab1_i/clk_wiz_1/inst/clk_out1                        | mb_lab1_i/sensor_sonic_0/U0/sensor_sonic_v1_0_S00_AXI_inst/slv_reg3[15]_i_1_n_0                                                                                                                        | mb_lab1_i/sensor_sonic_0/U0/sensor_sonic_v1_0_S00_AXI_inst/clear                                                                              |                2 |              8 |         4.00 |
|  mb_lab1_i/clk_wiz_1/inst/clk_out1                        | mb_lab1_i/sensor_sonic_0/U0/sensor_sonic_v1_0_S00_AXI_inst/slv_reg3[23]_i_1_n_0                                                                                                                        | mb_lab1_i/sensor_sonic_0/U0/sensor_sonic_v1_0_S00_AXI_inst/clear                                                                              |                1 |              8 |         8.00 |
|  mb_lab1_i/clk_wiz_1/inst/clk_out1                        | mb_lab1_i/sensor_sonic_0/U0/sensor_sonic_v1_0_S00_AXI_inst/slv_reg3[31]_i_1_n_0                                                                                                                        | mb_lab1_i/sensor_sonic_0/U0/sensor_sonic_v1_0_S00_AXI_inst/clear                                                                              |                2 |              8 |         4.00 |
|  mb_lab1_i/mdm_1/U0/Use_E2.BSCAN_I/Dbg_Update_0_BUFG      | mb_lab1_i/mdm_1/U0/MDM_Core_I1/JTAG_CONTROL_I/Use_BSCAN.FDC_I/command_10                                                                                                                               |                                                                                                                                               |                2 |              8 |         4.00 |
|  mb_lab1_i/clk_wiz_1/inst/clk_out1                        |                                                                                                                                                                                                        | mb_lab1_i/axi_gpio_1/U0/gpio_core_1/Read_Reg_Rst__0                                                                                           |                1 |              8 |         8.00 |
| ~mb_lab1_i/mdm_1/U0/Use_E2.BSCAN_I/Dbg_Update_0_BUFG      | mb_lab1_i/mdm_1/U0/MDM_Core_I1/JTAG_CONTROL_I/Use_BSCAN.command[0]_i_1_n_0                                                                                                                             |                                                                                                                                               |                2 |              8 |         4.00 |
|  mb_lab1_i/mdm_1/U0/No_Dbg_Reg_Access.BUFG_DRCK/Dbg_Clk_0 | mb_lab1_i/microblaze_0/U0/MicroBlaze_Core_I/Performance.Core/Use_Debug_Logic.Master_Core.Debug_Perf/Using_PC_Breakpoints.All_PC_Brks[0].Serial_Interface_1.address_hit_I/Compare[0].SRLC16E_I/which_pc |                                                                                                                                               |                7 |              8 |         1.14 |
|  mb_lab1_i/mdm_1/U0/No_Dbg_Reg_Access.BUFG_DRCK/Dbg_Clk_0 | mb_lab1_i/mdm_1/U0/MDM_Core_I1/JTAG_CONTROL_I/tdi_shifter0                                                                                                                                             |                                                                                                                                               |                2 |              8 |         4.00 |
|  mb_lab1_i/clk_wiz_1/inst/clk_out1                        | mb_lab1_i/axi_uartlite_0/U0/UARTLITE_CORE_I/UARTLITE_RX_I/SRL_FIFO_I/I_SRL_FIFO_RBU_F/DYNSHREG_F_I/fifo_wr                                                                                             |                                                                                                                                               |                1 |              8 |         8.00 |
|  mb_lab1_i/clk_wiz_1/inst/clk_out1                        | mb_lab1_i/axi_uartlite_0/U0/AXI_LITE_IPIF_I/I_SLAVE_ATTACHMENT/I_DECODER/fifo_wr                                                                                                                       |                                                                                                                                               |                1 |              8 |         8.00 |
|  mb_lab1_i/clk_wiz_1/inst/clk_out1                        | mb_lab1_i/axi_uartlite_0/U0/AXI_LITE_IPIF_I/I_SLAVE_ATTACHMENT/s_axi_rresp_i                                                                                                                           | mb_lab1_i/axi_uartlite_0/U0/AXI_LITE_IPIF_I/I_SLAVE_ATTACHMENT/rst                                                                            |                2 |              8 |         4.00 |
|  mb_lab1_i/clk_wiz_1/inst/clk_out1                        | mb_lab1_i/axi_gpio_2/U0/AXI_LITE_IPIF_I/I_SLAVE_ATTACHMENT/s_axi_rresp_i                                                                                                                               | mb_lab1_i/axi_gpio_2/U0/AXI_LITE_IPIF_I/I_SLAVE_ATTACHMENT/SR[0]                                                                              |                2 |              9 |         4.50 |
|  mb_lab1_i/clk_wiz_1/inst/clk_out1                        | mb_lab1_i/axi_gpio_1/U0/AXI_LITE_IPIF_I/I_SLAVE_ATTACHMENT/s_axi_rresp_i                                                                                                                               | mb_lab1_i/axi_gpio_1/U0/AXI_LITE_IPIF_I/I_SLAVE_ATTACHMENT/SR[0]                                                                              |                2 |              9 |         4.50 |
|  mb_lab1_i/clk_wiz_1/inst/clk_out1                        |                                                                                                                                                                                                        | mb_lab1_i/axi_uartlite_0/U0/AXI_LITE_IPIF_I/I_SLAVE_ATTACHMENT/rst                                                                            |                3 |             10 |         3.33 |
|  mb_lab1_i/mdm_1/U0/No_Dbg_Reg_Access.BUFG_DRCK/Dbg_Clk_0 | mb_lab1_i/mdm_1/U0/MDM_Core_I1/JTAG_CONTROL_I/Use_BSCAN.FDC_I/Use_Serial_Unified_Completion.completion_block_reg                                                                                       |                                                                                                                                               |                3 |             10 |         3.33 |
|  mb_lab1_i/clk_wiz_1/inst/clk_out1                        |                                                                                                                                                                                                        | mb_lab1_i/sensor_sonic_0/U0/sensor_sonic_v1_0_S00_AXI_inst/clear                                                                              |                3 |             11 |         3.67 |
|  mb_lab1_i/clk_wiz_1/inst/clk_out1                        |                                                                                                                                                                                                        | mb_lab1_i/axi_gpio_2/U0/AXI_LITE_IPIF_I/I_SLAVE_ATTACHMENT/I_DECODER/bus2ip_rnw_i_reg_0                                                       |                3 |             12 |         4.00 |
|  mb_lab1_i/clk_wiz_1/inst/clk_out1                        | mb_lab1_i/microblaze_0_axi_periph/xbar/inst/gen_sasd.crossbar_sasd_0/reg_slice_r/aa_rready                                                                                                             |                                                                                                                                               |                7 |             15 |         2.14 |
|  mb_lab1_i/clk_wiz_1/inst/clk_out1                        | mb_lab1_i/axi_gpio_0/U0/AXI_LITE_IPIF_I/I_SLAVE_ATTACHMENT/I_DECODER/bus2ip_rnw_i_reg[0]                                                                                                               | mb_lab1_i/axi_gpio_0/U0/AXI_LITE_IPIF_I/I_SLAVE_ATTACHMENT/SR[0]                                                                              |                3 |             16 |         5.33 |
|  mb_lab1_i/clk_wiz_1/inst/clk_out1                        |                                                                                                                                                                                                        | mb_lab1_i/xadc_wiz_0/U0/AXI_XADC_CORE_I/do_reg[15]_i_1_n_0                                                                                    |                4 |             16 |         4.00 |
|  mb_lab1_i/clk_wiz_1/inst/clk_out1                        | mb_lab1_i/axi_gpio_2/U0/AXI_LITE_IPIF_I/I_SLAVE_ATTACHMENT/I_DECODER/E[0]                                                                                                                              | mb_lab1_i/axi_gpio_2/U0/AXI_LITE_IPIF_I/I_SLAVE_ATTACHMENT/SR[0]                                                                              |                3 |             16 |         5.33 |
|  mb_lab1_i/clk_wiz_1/inst/clk_out1                        | mb_lab1_i/axi_gpio_1/U0/AXI_LITE_IPIF_I/I_SLAVE_ATTACHMENT/I_DECODER/E[0]                                                                                                                              | mb_lab1_i/axi_gpio_1/U0/AXI_LITE_IPIF_I/I_SLAVE_ATTACHMENT/SR[0]                                                                              |                3 |             16 |         5.33 |
|  mb_lab1_i/clk_wiz_1/inst/clk_out1                        | mb_lab1_i/microblaze_0/U0/MicroBlaze_Core_I/Performance.Core/Decode_I/PreFetch_Buffer_I1/OF_Valid_DFF/E[0]                                                                                             | mb_lab1_i/microblaze_0/U0/MicroBlaze_Core_I/sync_reset                                                                                        |                5 |             16 |         3.20 |
|  mb_lab1_i/clk_wiz_1/inst/clk_out1                        |                                                                                                                                                                                                        | mb_lab1_i/microblaze_0_axi_periph/xbar/inst/gen_sasd.crossbar_sasd_0/addr_arbiter_inst/SR[0]                                                  |                7 |             17 |         2.43 |
|  mb_lab1_i/clk_wiz_1/inst/clk_out1                        | mb_lab1_i/axi_gpio_0/U0/AXI_LITE_IPIF_I/I_SLAVE_ATTACHMENT/s_axi_rresp_i                                                                                                                               | mb_lab1_i/axi_gpio_0/U0/AXI_LITE_IPIF_I/I_SLAVE_ATTACHMENT/SR[0]                                                                              |                5 |             17 |         3.40 |
|  mb_lab1_i/clk_wiz_1/inst/clk_out1                        | mb_lab1_i/xadc_wiz_0/U0/AXI_LITE_IPIF_I/I_SLAVE_ATTACHMENT/I_DECODER/E[0]                                                                                                                              | mb_lab1_i/xadc_wiz_0/U0/AXI_LITE_IPIF_I/I_SLAVE_ATTACHMENT/reset2ip_reset                                                                     |                3 |             17 |         5.67 |
|  mb_lab1_i/clk_wiz_1/inst/clk_out1                        | mb_lab1_i/xadc_wiz_0/U0/AXI_LITE_IPIF_I/I_SLAVE_ATTACHMENT/s_axi_rresp_i                                                                                                                               | mb_lab1_i/xadc_wiz_0/U0/AXI_LITE_IPIF_I/I_SLAVE_ATTACHMENT/SR[0]                                                                              |                3 |             19 |         6.33 |
|  mb_lab1_i/clk_wiz_1/inst/clk_out1                        |                                                                                                                                                                                                        | mb_lab1_i/axi_gpio_3/U0/AXI_LITE_IPIF_I/I_SLAVE_ATTACHMENT/SR[0]                                                                              |                7 |             20 |         2.86 |
|  mb_lab1_i/clk_wiz_1/inst/clk_out1                        | mb_lab1_i/microblaze_0/U0/MicroBlaze_Core_I/Performance.Core/Decode_I/mem_wait_on_ready_N_carry_or/MUXCY_I/lopt_1                                                                                      | mb_lab1_i/microblaze_0/U0/MicroBlaze_Core_I/sync_reset                                                                                        |                7 |             20 |         2.86 |
|  mb_lab1_i/mdm_1/U0/No_Dbg_Reg_Access.BUFG_DRCK/Dbg_Clk_0 |                                                                                                                                                                                                        | mb_lab1_i/mdm_1/U0/Use_E2.BSCAN_I/Use_E2.BSCANE2_I_4                                                                                          |                4 |             23 |         5.75 |
|  mb_lab1_i/clk_wiz_1/inst/clk_out1                        |                                                                                                                                                                                                        | mb_lab1_i/axi_gpio_2/U0/AXI_LITE_IPIF_I/I_SLAVE_ATTACHMENT/SR[0]                                                                              |                8 |             24 |         3.00 |
|  mb_lab1_i/clk_wiz_1/inst/clk_out1                        |                                                                                                                                                                                                        | mb_lab1_i/axi_gpio_1/U0/AXI_LITE_IPIF_I/I_SLAVE_ATTACHMENT/SR[0]                                                                              |                7 |             24 |         3.43 |
|  mb_lab1_i/clk_wiz_1/inst/clk_out1                        | mb_lab1_i/microblaze_0_axi_periph/xbar/inst/gen_sasd.crossbar_sasd_0/addr_arbiter_inst/p_0_in1_in                                                                                                      | mb_lab1_i/microblaze_0_axi_periph/xbar/inst/gen_sasd.crossbar_sasd_0/addr_arbiter_inst/SR[0]                                                  |                6 |             24 |         4.00 |
|  mb_lab1_i/clk_wiz_1/inst/clk_out1                        | mb_lab1_i/xadc_wiz_0/U0/AXI_LITE_IPIF_I/I_SLAVE_ATTACHMENT/I_DECODER/start                                                                                                                             | mb_lab1_i/xadc_wiz_0/U0/AXI_LITE_IPIF_I/I_SLAVE_ATTACHMENT/I_DECODER/cs_ce_clr                                                                |               10 |             25 |         2.50 |
|  mb_lab1_i/clk_wiz_1/inst/clk_out1                        |                                                                                                                                                                                                        | mb_lab1_i/xadc_wiz_0/U0/AXI_LITE_IPIF_I/I_SLAVE_ATTACHMENT/SR[0]                                                                              |                6 |             25 |         4.17 |
|  mb_lab1_i/clk_wiz_1/inst/clk_out1                        |                                                                                                                                                                                                        | mb_lab1_i/axi_uartlite_0/U0/UARTLITE_CORE_I/UARTLITE_RX_I/s_axi_aresetn_0                                                                     |                9 |             26 |         2.89 |
|  mb_lab1_i/clk_wiz_1/inst/clk_out1                        | mb_lab1_i/axi_uartlite_0/U0/UARTLITE_CORE_I/BAUD_RATE_I/en_16x_Baud                                                                                                                                    | mb_lab1_i/axi_uartlite_0/U0/UARTLITE_CORE_I/UARTLITE_RX_I/s_axi_aresetn_0                                                                     |                7 |             28 |         4.00 |
|  mb_lab1_i/clk_wiz_1/inst/clk_out1                        |                                                                                                                                                                                                        | mb_lab1_i/axi_gpio_0/U0/AXI_LITE_IPIF_I/I_SLAVE_ATTACHMENT/SR[0]                                                                              |               10 |             32 |         3.20 |
|  mb_lab1_i/clk_wiz_1/inst/clk_out1                        | mb_lab1_i/sensor_sonic_0/U0/sensor_sonic_v1_0_S00_AXI_inst/echo_sync                                                                                                                                   | mb_lab1_i/sensor_sonic_0/U0/sensor_sonic_v1_0_S00_AXI_inst/clear                                                                              |                8 |             32 |         4.00 |
|  mb_lab1_i/clk_wiz_1/inst/clk_out1                        |                                                                                                                                                                                                        | mb_lab1_i/axi_gpio_0/U0/AXI_LITE_IPIF_I/I_SLAVE_ATTACHMENT/I_DECODER/bus2ip_rnw_i_reg_0                                                       |                5 |             32 |         6.40 |
|  mb_lab1_i/clk_wiz_1/inst/clk_out1                        | mb_lab1_i/sensor_sonic_0/U0/sensor_sonic_v1_0_S00_AXI_inst/slv_reg_rden                                                                                                                                | mb_lab1_i/sensor_sonic_0/U0/sensor_sonic_v1_0_S00_AXI_inst/clear                                                                              |               15 |             32 |         2.13 |
|  mb_lab1_i/clk_wiz_1/inst/clk_out1                        |                                                                                                                                                                                                        | mb_lab1_i/microblaze_0/U0/MicroBlaze_Core_I/Performance.Core/wb_dlmb_valid_read_data0                                                         |                9 |             32 |         3.56 |
|  mb_lab1_i/clk_wiz_1/inst/clk_out1                        | mb_lab1_i/microblaze_0/U0/MicroBlaze_Core_I/Performance.Core/Decode_I/Use_MuxCy[3].OF_Piperun_Stage/MUXCY_I/E[0]                                                                                       | mb_lab1_i/microblaze_0/U0/MicroBlaze_Core_I/sync_reset                                                                                        |                6 |             32 |         5.33 |
|  mb_lab1_i/clk_wiz_1/inst/clk_out1                        | mb_lab1_i/microblaze_0/U0/MicroBlaze_Core_I/Performance.Core/Decode_I/Use_MuxCy[3].OF_Piperun_Stage/MUXCY_I/Using_FPGA.Native_0                                                                        | mb_lab1_i/microblaze_0/U0/MicroBlaze_Core_I/Performance.Core/Decode_I/R                                                                       |               13 |             32 |         2.46 |
|  mb_lab1_i/clk_wiz_1/inst/clk_out1                        | mb_lab1_i/axi_gpio_0/U0/AXI_LITE_IPIF_I/I_SLAVE_ATTACHMENT/I_DECODER/E[0]                                                                                                                              | mb_lab1_i/axi_gpio_0/U0/AXI_LITE_IPIF_I/I_SLAVE_ATTACHMENT/SR[0]                                                                              |               11 |             32 |         2.91 |
|  mb_lab1_i/clk_wiz_1/inst/clk_out1                        | mb_lab1_i/alarm_timer_0/U0/alarm_timer_v1_0_S00_AXI_inst/write_alarm0                                                                                                                                  | mb_lab1_i/alarm_timer_0/U0/alarm_timer_v1_0_S00_AXI_inst/clear                                                                                |                8 |             32 |         4.00 |
|  mb_lab1_i/clk_wiz_1/inst/clk_out1                        | mb_lab1_i/alarm_timer_0/U0/alarm_timer_v1_0_S00_AXI_inst/slv_reg_rden                                                                                                                                  | mb_lab1_i/alarm_timer_0/U0/alarm_timer_v1_0_S00_AXI_inst/clear                                                                                |               12 |             32 |         2.67 |
|  mb_lab1_i/clk_wiz_1/inst/clk_out1                        | mb_lab1_i/microblaze_0/U0/MicroBlaze_Core_I/Performance.Core/Decode_I/PreFetch_Buffer_I1/Gen_Mux_Select_LUT6[1].Gen_Sel_DFF/if_fetch_in_progress_reg[0]                                                | mb_lab1_i/microblaze_0/U0/MicroBlaze_Core_I/sync_reset                                                                                        |                6 |             32 |         5.33 |
|  mb_lab1_i/clk_wiz_1/inst/clk_out1                        | mb_lab1_i/microblaze_0/U0/MicroBlaze_Core_I/Performance.Core/Decode_I/mem_wait_on_ready_N_carry_or/MUXCY_I/lopt_1                                                                                      | mb_lab1_i/microblaze_0/U0/MicroBlaze_Core_I/Performance.Core/Decode_I/SR[0]                                                                   |               11 |             32 |         2.91 |
|  mb_lab1_i/mdm_1/U0/No_Dbg_Reg_Access.BUFG_DRCK/Dbg_Clk_0 | mb_lab1_i/microblaze_0/U0/MicroBlaze_Core_I/Performance.Core/Use_Debug_Logic.Master_Core.Debug_Perf/Serial_Dbg_Intf.New_Dbg_Instr_TCK                                                                  |                                                                                                                                               |               10 |             32 |         3.20 |
|  mb_lab1_i/clk_wiz_1/inst/clk_out1                        | mb_lab1_i/alarm_timer_0/U0/alarm_timer_v1_0_S00_AXI_inst/alarm1_value_1                                                                                                                                |                                                                                                                                               |                6 |             32 |         5.33 |
|  mb_lab1_i/clk_wiz_1/inst/clk_out1                        | mb_lab1_i/microblaze_0/U0/MicroBlaze_Core_I/Performance.Core/Decode_I/mem_wait_on_ready_N_carry_or/MUXCY_I/lopt_1                                                                                      |                                                                                                                                               |                6 |             32 |         5.33 |
|  mb_lab1_i/clk_wiz_1/inst/clk_out1                        | mb_lab1_i/microblaze_0/U0/MicroBlaze_Core_I/Performance.Core/Use_Debug_Logic.Master_Core.Debug_Perf/data_rd_reg[0]_i_1_n_0                                                                             | mb_lab1_i/microblaze_0/U0/MicroBlaze_Core_I/sync_reset                                                                                        |               10 |             32 |         3.20 |
|  mb_lab1_i/clk_wiz_1/inst/clk_out1                        | mb_lab1_i/microblaze_0_axi_periph/xbar/inst/gen_sasd.crossbar_sasd_0/reg_slice_r/s_axi_rvalid[0]                                                                                                       | mb_lab1_i/microblaze_0/U0/MicroBlaze_Core_I/sync_reset                                                                                        |               10 |             32 |         3.20 |
|  mb_lab1_i/clk_wiz_1/inst/clk_out1                        | mb_lab1_i/microblaze_0_axi_periph/xbar/inst/gen_sasd.crossbar_sasd_0/addr_arbiter_inst/E[0]                                                                                                            |                                                                                                                                               |                9 |             33 |         3.67 |
|  mb_lab1_i/clk_wiz_1/inst/clk_out1                        |                                                                                                                                                                                                        | mb_lab1_i/alarm_timer_0/U0/alarm_timer_v1_0_S00_AXI_inst/clear                                                                                |               12 |             42 |         3.50 |
|  mb_lab1_i/mdm_1/U0/No_Dbg_Reg_Access.BUFG_DRCK/Dbg_Clk_0 | mb_lab1_i/mdm_1/U0/Use_E2.BSCAN_I/Use_E2.BSCANE2_I_0                                                                                                                                                   |                                                                                                                                               |               11 |             47 |         4.27 |
|  mb_lab1_i/clk_wiz_1/inst/clk_out1                        | mb_lab1_i/microblaze_0/U0/MicroBlaze_Core_I/Performance.Core/Decode_I/PreFetch_Buffer_I1/Instruction_Prefetch_Mux[42].Instr_Mux_MUXF7/IReady_0                                                         |                                                                                                                                               |               11 |             75 |         6.82 |
|  mb_lab1_i/mdm_1/U0/No_Dbg_Reg_Access.BUFG_DRCK/Dbg_Clk_0 |                                                                                                                                                                                                        |                                                                                                                                               |               30 |             80 |         2.67 |
|  mb_lab1_i/clk_wiz_1/inst/clk_out1                        | mb_lab1_i/microblaze_0/U0/MicroBlaze_Core_I/Performance.Core/Decode_I/Use_MuxCy[3].OF_Piperun_Stage/MUXCY_I/Using_FPGA.Native_0                                                                        | mb_lab1_i/microblaze_0/U0/MicroBlaze_Core_I/sync_reset                                                                                        |               29 |             84 |         2.90 |
|  mb_lab1_i/clk_wiz_1/inst/clk_out1                        |                                                                                                                                                                                                        | mb_lab1_i/xadc_wiz_0/U0/AXI_LITE_IPIF_I/I_SLAVE_ATTACHMENT/reset2ip_reset                                                                     |               21 |            114 |         5.43 |
|  mb_lab1_i/clk_wiz_1/inst/clk_out1                        | mb_lab1_i/microblaze_0/U0/MicroBlaze_Core_I/Performance.Core/Decode_I/WB_GPR_Wr                                                                                                                        |                                                                                                                                               |               16 |            128 |         8.00 |
|  mb_lab1_i/clk_wiz_1/inst/clk_out1                        |                                                                                                                                                                                                        | mb_lab1_i/microblaze_0/U0/MicroBlaze_Core_I/sync_reset                                                                                        |               68 |            150 |         2.21 |
|  mb_lab1_i/clk_wiz_1/inst/clk_out1                        | mb_lab1_i/microblaze_0/U0/MicroBlaze_Core_I/Performance.Core/Decode_I/Use_MuxCy[11].OF_Piperun_Stage/MUXCY_I/Using_FPGA.Native_0                                                                       | mb_lab1_i/microblaze_0/U0/MicroBlaze_Core_I/sync_reset                                                                                        |               75 |            218 |         2.91 |
|  mb_lab1_i/clk_wiz_1/inst/clk_out1                        |                                                                                                                                                                                                        |                                                                                                                                               |               89 |            253 |         2.84 |
+-----------------------------------------------------------+--------------------------------------------------------------------------------------------------------------------------------------------------------------------------------------------------------+-----------------------------------------------------------------------------------------------------------------------------------------------+------------------+----------------+--------------+


