
*** Running vivado
    with args -log mb_lab1_xadc_wiz_0_0.vds -m64 -product Vivado -mode batch -messageDb vivado.pb -notrace -source mb_lab1_xadc_wiz_0_0.tcl



****** Vivado v2023.2 (64-bit)
  **** SW Build 4029153 on Fri Oct 13 20:14:34 MDT 2023
  **** IP Build 4028589 on Sat Oct 14 00:45:43 MDT 2023
  **** SharedData Build 4025554 on Tue Oct 10 17:18:54 MDT 2023
    ** Copyright 1986-2022 Xilinx, Inc. All Rights Reserved.
    ** Copyright 2022-2023 Advanced Micro Devices, Inc. All Rights Reserved.

source mb_lab1_xadc_wiz_0_0.tcl -notrace
create_project: Time (s): cpu = 00:00:01 ; elapsed = 00:00:06 . Memory (MB): peak = 564.738 ; gain = 181.059
INFO: [IP_Flow 19-234] Refreshing IP repositories
WARNING: [IP_Flow 19-3685] Ignored loading user repository 'd:/EECE387_1/Lab_8/ip_repo/sensor_sonic_1_0'. The path is contained within another repository.
INFO: [IP_Flow 19-1700] Loaded user IP repository 'd:/EECE387_1/ip_repo'.
WARNING: [IP_Flow 19-3685] Ignored loading user repository 'd:/EECE387_1/Lab_8/ip_repo/Pmod_encod_1_0'. The path is contained within another repository.
WARNING: [IP_Flow 19-2248] Failed to load user IP repository 'd:/EECE387_1/Lab_8/ip_repo'; Can't find the specified path.
If this directory should no longer be in your list of user repositories, go to the IP Settings dialog and remove it.
WARNING: [IP_Flow 19-3685] Ignored loading user repository 'd:/EECE387_1/Lab_8/ip_repo/test_port_1_1'. The path is contained within another repository.
WARNING: [IP_Flow 19-3685] Ignored loading user repository 'd:/EECE387_1/Lab_8/ip_repo/test_port_1_0'. The path is contained within another repository.
INFO: [IP_Flow 19-2313] Loaded Vivado IP repository 'D:/Vivado/2023.2/data/ip'.
INFO: [IP_Flow 19-6924] IPCACHE: Running cache check for IP inst: mb_lab1_xadc_wiz_0_0
Command: synth_design -top mb_lab1_xadc_wiz_0_0 -part xc7a35tcpg236-1 -incremental_mode off -mode out_of_context
Starting synth_design
Attempting to get a license for feature 'Synthesis' and/or device 'xc7a35t'
INFO: [Common 17-349] Got license for feature 'Synthesis' and/or device 'xc7a35t'
INFO: [Device 21-403] Loading part xc7a35tcpg236-1
INFO: [Synth 8-7079] Multithreading enabled for synth_design using a maximum of 2 processes.
INFO: [Synth 8-7078] Launching helper process for spawning children vivado processes
INFO: [Synth 8-7075] Helper process launched with PID 396
---------------------------------------------------------------------------------
Starting RTL Elaboration : Time (s): cpu = 00:00:01 ; elapsed = 00:00:06 . Memory (MB): peak = 1408.547 ; gain = 439.664
---------------------------------------------------------------------------------
INFO: [Synth 8-638] synthesizing module 'mb_lab1_xadc_wiz_0_0' [d:/EECE387_1/Lab_8/Lab_8_v2/Lab_8_v2.gen/sources_1/bd/mb_lab1/ip/mb_lab1_xadc_wiz_0_0/mb_lab1_xadc_wiz_0_0.vhd:101]
	Parameter C_INSTANCE bound to: mb_lab1_xadc_wiz_0_0_axi_xadc - type: string 
	Parameter C_FAMILY bound to: virtex7 - type: string 
	Parameter C_S_AXI_ADDR_WIDTH bound to: 11 - type: integer 
	Parameter C_S_AXI_DATA_WIDTH bound to: 32 - type: integer 
	Parameter C_INCLUDE_INTR bound to: 1 - type: integer 
	Parameter C_SIM_MONITOR_FILE bound to: design.txt - type: string 
INFO: [Synth 8-3491] module 'mb_lab1_xadc_wiz_0_0_axi_xadc' declared at 'd:/EECE387_1/Lab_8/Lab_8_v2/Lab_8_v2.gen/sources_1/bd/mb_lab1/ip/mb_lab1_xadc_wiz_0_0/mb_lab1_xadc_wiz_0_0_axi_xadc.vhd:143' bound to instance 'U0' of component 'mb_lab1_xadc_wiz_0_0_axi_xadc' [d:/EECE387_1/Lab_8/Lab_8_v2/Lab_8_v2.gen/sources_1/bd/mb_lab1/ip/mb_lab1_xadc_wiz_0_0/mb_lab1_xadc_wiz_0_0.vhd:178]
INFO: [Synth 8-638] synthesizing module 'mb_lab1_xadc_wiz_0_0_axi_xadc' [d:/EECE387_1/Lab_8/Lab_8_v2/Lab_8_v2.gen/sources_1/bd/mb_lab1/ip/mb_lab1_xadc_wiz_0_0/mb_lab1_xadc_wiz_0_0_axi_xadc.vhd:236]
	Parameter C_INSTANCE bound to: mb_lab1_xadc_wiz_0_0_axi_xadc - type: string 
	Parameter C_FAMILY bound to: virtex7 - type: string 
	Parameter C_S_AXI_ADDR_WIDTH bound to: 11 - type: integer 
	Parameter C_S_AXI_DATA_WIDTH bound to: 32 - type: integer 
	Parameter C_INCLUDE_INTR bound to: 1 - type: integer 
	Parameter C_SIM_MONITOR_FILE bound to: design.txt - type: string 
INFO: [Synth 8-638] synthesizing module 'mb_lab1_xadc_wiz_0_0_axi_lite_ipif' [d:/EECE387_1/Lab_8/Lab_8_v2/Lab_8_v2.gen/sources_1/bd/mb_lab1/ip/mb_lab1_xadc_wiz_0_0/axi_lite_ipif_v1_01_a/hdl/src/vhdl/mb_lab1_xadc_wiz_0_0_axi_lite_ipif.vhd:241]
	Parameter C_S_AXI_DATA_WIDTH bound to: 32 - type: integer 
	Parameter C_S_AXI_ADDR_WIDTH bound to: 11 - type: integer 
	Parameter C_S_AXI_MIN_SIZE bound to: 32'b00000000000000000000001111111111 
	Parameter C_USE_WSTRB bound to: 1 - type: integer 
	Parameter C_DPHASE_TIMEOUT bound to: 64 - type: integer 
	Parameter C_ARD_ADDR_RANGE_ARRAY bound to: 384'b000000000000000000000000000000000000000000000000000000000000000000000000000000000000000000000000000000000000000000000000000111110000000000000000000000000000000000000000000000000000000001000000000000000000000000000000000000000000000000000000000000000111111100000000000000000000000000000000000000000000000000000010000000000000000000000000000000000000000000000000000000000000001111111111 
	Parameter C_ARD_NUM_CE_ARRAY bound to: 96'b000000000000000000000000000010000000000000000000000000000001000000000000000000000000000000000001 
	Parameter C_FAMILY bound to: virtex7 - type: string 
INFO: [Synth 8-638] synthesizing module 'mb_lab1_xadc_wiz_0_0_slave_attachment' [d:/EECE387_1/Lab_8/Lab_8_v2/Lab_8_v2.gen/sources_1/bd/mb_lab1/ip/mb_lab1_xadc_wiz_0_0/axi_lite_ipif_v1_01_a/hdl/src/vhdl/mb_lab1_xadc_wiz_0_0_slave_attachment.vhd:227]
	Parameter C_ARD_ADDR_RANGE_ARRAY bound to: 384'b000000000000000000000000000000000000000000000000000000000000000000000000000000000000000000000000000000000000000000000000000111110000000000000000000000000000000000000000000000000000000001000000000000000000000000000000000000000000000000000000000000000111111100000000000000000000000000000000000000000000000000000010000000000000000000000000000000000000000000000000000000000000001111111111 
	Parameter C_ARD_NUM_CE_ARRAY bound to: 96'b000000000000000000000000000010000000000000000000000000000001000000000000000000000000000000000001 
	Parameter C_IPIF_ABUS_WIDTH bound to: 11 - type: integer 
	Parameter C_IPIF_DBUS_WIDTH bound to: 32 - type: integer 
	Parameter C_S_AXI_MIN_SIZE bound to: 32'b00000000000000000000001111111111 
	Parameter C_USE_WSTRB bound to: 1 - type: integer 
	Parameter C_DPHASE_TIMEOUT bound to: 64 - type: integer 
	Parameter C_FAMILY bound to: virtex7 - type: string 
INFO: [Synth 8-638] synthesizing module 'mb_lab1_xadc_wiz_0_0_address_decoder' [d:/EECE387_1/Lab_8/Lab_8_v2/Lab_8_v2.gen/sources_1/bd/mb_lab1/ip/mb_lab1_xadc_wiz_0_0/axi_lite_ipif_v1_01_a/hdl/src/vhdl/mb_lab1_xadc_wiz_0_0_address_decoder.vhd:176]
	Parameter C_BUS_AWIDTH bound to: 10 - type: integer 
	Parameter C_S_AXI_MIN_SIZE bound to: 32'b00000000000000000000001111111111 
	Parameter C_ARD_ADDR_RANGE_ARRAY bound to: 384'b000000000000000000000000000000000000000000000000000000000000000000000000000000000000000000000000000000000000000000000000000111110000000000000000000000000000000000000000000000000000000001000000000000000000000000000000000000000000000000000000000000000111111100000000000000000000000000000000000000000000000000000010000000000000000000000000000000000000000000000000000000000000001111111111 
	Parameter C_ARD_NUM_CE_ARRAY bound to: 96'b000000000000000000000000000010000000000000000000000000000001000000000000000000000000000000000001 
	Parameter C_FAMILY bound to: nofamily - type: string 
INFO: [Synth 8-638] synthesizing module 'mb_lab1_xadc_wiz_0_0_pselect_f' [d:/EECE387_1/Lab_8/Lab_8_v2/Lab_8_v2.gen/sources_1/bd/mb_lab1/ip/mb_lab1_xadc_wiz_0_0/proc_common_v3_30_a/hdl/src/vhdl/mb_lab1_xadc_wiz_0_0_pselect_f.vhd:167]
	Parameter C_AB bound to: 5 - type: integer 
	Parameter C_AW bound to: 10 - type: integer 
	Parameter C_BAR bound to: 10'b0000000000 
	Parameter C_FAMILY bound to: nofamily - type: string 
INFO: [Synth 8-256] done synthesizing module 'mb_lab1_xadc_wiz_0_0_pselect_f' (0#1) [d:/EECE387_1/Lab_8/Lab_8_v2/Lab_8_v2.gen/sources_1/bd/mb_lab1/ip/mb_lab1_xadc_wiz_0_0/proc_common_v3_30_a/hdl/src/vhdl/mb_lab1_xadc_wiz_0_0_pselect_f.vhd:167]
INFO: [Synth 8-638] synthesizing module 'mb_lab1_xadc_wiz_0_0_pselect_f__parameterized0' [d:/EECE387_1/Lab_8/Lab_8_v2/Lab_8_v2.gen/sources_1/bd/mb_lab1/ip/mb_lab1_xadc_wiz_0_0/proc_common_v3_30_a/hdl/src/vhdl/mb_lab1_xadc_wiz_0_0_pselect_f.vhd:167]
	Parameter C_AB bound to: 3 - type: integer 
	Parameter C_AW bound to: 3 - type: integer 
	Parameter C_BAR bound to: 3'b000 
	Parameter C_FAMILY bound to: nofamily - type: string 
INFO: [Synth 8-256] done synthesizing module 'mb_lab1_xadc_wiz_0_0_pselect_f__parameterized0' (0#1) [d:/EECE387_1/Lab_8/Lab_8_v2/Lab_8_v2.gen/sources_1/bd/mb_lab1/ip/mb_lab1_xadc_wiz_0_0/proc_common_v3_30_a/hdl/src/vhdl/mb_lab1_xadc_wiz_0_0_pselect_f.vhd:167]
INFO: [Synth 8-638] synthesizing module 'mb_lab1_xadc_wiz_0_0_pselect_f__parameterized1' [d:/EECE387_1/Lab_8/Lab_8_v2/Lab_8_v2.gen/sources_1/bd/mb_lab1/ip/mb_lab1_xadc_wiz_0_0/proc_common_v3_30_a/hdl/src/vhdl/mb_lab1_xadc_wiz_0_0_pselect_f.vhd:167]
	Parameter C_AB bound to: 3 - type: integer 
	Parameter C_AW bound to: 3 - type: integer 
	Parameter C_BAR bound to: 3'b001 
	Parameter C_FAMILY bound to: nofamily - type: string 
INFO: [Synth 8-256] done synthesizing module 'mb_lab1_xadc_wiz_0_0_pselect_f__parameterized1' (0#1) [d:/EECE387_1/Lab_8/Lab_8_v2/Lab_8_v2.gen/sources_1/bd/mb_lab1/ip/mb_lab1_xadc_wiz_0_0/proc_common_v3_30_a/hdl/src/vhdl/mb_lab1_xadc_wiz_0_0_pselect_f.vhd:167]
INFO: [Synth 8-638] synthesizing module 'mb_lab1_xadc_wiz_0_0_pselect_f__parameterized2' [d:/EECE387_1/Lab_8/Lab_8_v2/Lab_8_v2.gen/sources_1/bd/mb_lab1/ip/mb_lab1_xadc_wiz_0_0/proc_common_v3_30_a/hdl/src/vhdl/mb_lab1_xadc_wiz_0_0_pselect_f.vhd:167]
	Parameter C_AB bound to: 3 - type: integer 
	Parameter C_AW bound to: 3 - type: integer 
	Parameter C_BAR bound to: 3'b010 
	Parameter C_FAMILY bound to: nofamily - type: string 
INFO: [Synth 8-256] done synthesizing module 'mb_lab1_xadc_wiz_0_0_pselect_f__parameterized2' (0#1) [d:/EECE387_1/Lab_8/Lab_8_v2/Lab_8_v2.gen/sources_1/bd/mb_lab1/ip/mb_lab1_xadc_wiz_0_0/proc_common_v3_30_a/hdl/src/vhdl/mb_lab1_xadc_wiz_0_0_pselect_f.vhd:167]
INFO: [Synth 8-638] synthesizing module 'mb_lab1_xadc_wiz_0_0_pselect_f__parameterized3' [d:/EECE387_1/Lab_8/Lab_8_v2/Lab_8_v2.gen/sources_1/bd/mb_lab1/ip/mb_lab1_xadc_wiz_0_0/proc_common_v3_30_a/hdl/src/vhdl/mb_lab1_xadc_wiz_0_0_pselect_f.vhd:167]
	Parameter C_AB bound to: 3 - type: integer 
	Parameter C_AW bound to: 3 - type: integer 
	Parameter C_BAR bound to: 3'b011 
	Parameter C_FAMILY bound to: nofamily - type: string 
INFO: [Synth 8-256] done synthesizing module 'mb_lab1_xadc_wiz_0_0_pselect_f__parameterized3' (0#1) [d:/EECE387_1/Lab_8/Lab_8_v2/Lab_8_v2.gen/sources_1/bd/mb_lab1/ip/mb_lab1_xadc_wiz_0_0/proc_common_v3_30_a/hdl/src/vhdl/mb_lab1_xadc_wiz_0_0_pselect_f.vhd:167]
INFO: [Synth 8-638] synthesizing module 'mb_lab1_xadc_wiz_0_0_pselect_f__parameterized4' [d:/EECE387_1/Lab_8/Lab_8_v2/Lab_8_v2.gen/sources_1/bd/mb_lab1/ip/mb_lab1_xadc_wiz_0_0/proc_common_v3_30_a/hdl/src/vhdl/mb_lab1_xadc_wiz_0_0_pselect_f.vhd:167]
	Parameter C_AB bound to: 3 - type: integer 
	Parameter C_AW bound to: 3 - type: integer 
	Parameter C_BAR bound to: 3'b100 
	Parameter C_FAMILY bound to: nofamily - type: string 
INFO: [Synth 8-256] done synthesizing module 'mb_lab1_xadc_wiz_0_0_pselect_f__parameterized4' (0#1) [d:/EECE387_1/Lab_8/Lab_8_v2/Lab_8_v2.gen/sources_1/bd/mb_lab1/ip/mb_lab1_xadc_wiz_0_0/proc_common_v3_30_a/hdl/src/vhdl/mb_lab1_xadc_wiz_0_0_pselect_f.vhd:167]
INFO: [Synth 8-638] synthesizing module 'mb_lab1_xadc_wiz_0_0_pselect_f__parameterized5' [d:/EECE387_1/Lab_8/Lab_8_v2/Lab_8_v2.gen/sources_1/bd/mb_lab1/ip/mb_lab1_xadc_wiz_0_0/proc_common_v3_30_a/hdl/src/vhdl/mb_lab1_xadc_wiz_0_0_pselect_f.vhd:167]
	Parameter C_AB bound to: 3 - type: integer 
	Parameter C_AW bound to: 3 - type: integer 
	Parameter C_BAR bound to: 3'b101 
	Parameter C_FAMILY bound to: nofamily - type: string 
INFO: [Synth 8-256] done synthesizing module 'mb_lab1_xadc_wiz_0_0_pselect_f__parameterized5' (0#1) [d:/EECE387_1/Lab_8/Lab_8_v2/Lab_8_v2.gen/sources_1/bd/mb_lab1/ip/mb_lab1_xadc_wiz_0_0/proc_common_v3_30_a/hdl/src/vhdl/mb_lab1_xadc_wiz_0_0_pselect_f.vhd:167]
INFO: [Synth 8-638] synthesizing module 'mb_lab1_xadc_wiz_0_0_pselect_f__parameterized6' [d:/EECE387_1/Lab_8/Lab_8_v2/Lab_8_v2.gen/sources_1/bd/mb_lab1/ip/mb_lab1_xadc_wiz_0_0/proc_common_v3_30_a/hdl/src/vhdl/mb_lab1_xadc_wiz_0_0_pselect_f.vhd:167]
	Parameter C_AB bound to: 3 - type: integer 
	Parameter C_AW bound to: 3 - type: integer 
	Parameter C_BAR bound to: 3'b110 
	Parameter C_FAMILY bound to: nofamily - type: string 
INFO: [Synth 8-256] done synthesizing module 'mb_lab1_xadc_wiz_0_0_pselect_f__parameterized6' (0#1) [d:/EECE387_1/Lab_8/Lab_8_v2/Lab_8_v2.gen/sources_1/bd/mb_lab1/ip/mb_lab1_xadc_wiz_0_0/proc_common_v3_30_a/hdl/src/vhdl/mb_lab1_xadc_wiz_0_0_pselect_f.vhd:167]
INFO: [Synth 8-638] synthesizing module 'mb_lab1_xadc_wiz_0_0_pselect_f__parameterized7' [d:/EECE387_1/Lab_8/Lab_8_v2/Lab_8_v2.gen/sources_1/bd/mb_lab1/ip/mb_lab1_xadc_wiz_0_0/proc_common_v3_30_a/hdl/src/vhdl/mb_lab1_xadc_wiz_0_0_pselect_f.vhd:167]
	Parameter C_AB bound to: 3 - type: integer 
	Parameter C_AW bound to: 3 - type: integer 
	Parameter C_BAR bound to: 3'b111 
	Parameter C_FAMILY bound to: nofamily - type: string 
INFO: [Synth 8-256] done synthesizing module 'mb_lab1_xadc_wiz_0_0_pselect_f__parameterized7' (0#1) [d:/EECE387_1/Lab_8/Lab_8_v2/Lab_8_v2.gen/sources_1/bd/mb_lab1/ip/mb_lab1_xadc_wiz_0_0/proc_common_v3_30_a/hdl/src/vhdl/mb_lab1_xadc_wiz_0_0_pselect_f.vhd:167]
INFO: [Synth 8-638] synthesizing module 'mb_lab1_xadc_wiz_0_0_pselect_f__parameterized8' [d:/EECE387_1/Lab_8/Lab_8_v2/Lab_8_v2.gen/sources_1/bd/mb_lab1/ip/mb_lab1_xadc_wiz_0_0/proc_common_v3_30_a/hdl/src/vhdl/mb_lab1_xadc_wiz_0_0_pselect_f.vhd:167]
	Parameter C_AB bound to: 4 - type: integer 
	Parameter C_AW bound to: 10 - type: integer 
	Parameter C_BAR bound to: 10'b0001000000 
	Parameter C_FAMILY bound to: nofamily - type: string 
INFO: [Synth 8-256] done synthesizing module 'mb_lab1_xadc_wiz_0_0_pselect_f__parameterized8' (0#1) [d:/EECE387_1/Lab_8/Lab_8_v2/Lab_8_v2.gen/sources_1/bd/mb_lab1/ip/mb_lab1_xadc_wiz_0_0/proc_common_v3_30_a/hdl/src/vhdl/mb_lab1_xadc_wiz_0_0_pselect_f.vhd:167]
INFO: [Synth 8-638] synthesizing module 'mb_lab1_xadc_wiz_0_0_pselect_f__parameterized9' [d:/EECE387_1/Lab_8/Lab_8_v2/Lab_8_v2.gen/sources_1/bd/mb_lab1/ip/mb_lab1_xadc_wiz_0_0/proc_common_v3_30_a/hdl/src/vhdl/mb_lab1_xadc_wiz_0_0_pselect_f.vhd:167]
	Parameter C_AB bound to: 4 - type: integer 
	Parameter C_AW bound to: 4 - type: integer 
	Parameter C_BAR bound to: 4'b0000 
	Parameter C_FAMILY bound to: nofamily - type: string 
INFO: [Synth 8-256] done synthesizing module 'mb_lab1_xadc_wiz_0_0_pselect_f__parameterized9' (0#1) [d:/EECE387_1/Lab_8/Lab_8_v2/Lab_8_v2.gen/sources_1/bd/mb_lab1/ip/mb_lab1_xadc_wiz_0_0/proc_common_v3_30_a/hdl/src/vhdl/mb_lab1_xadc_wiz_0_0_pselect_f.vhd:167]
INFO: [Synth 8-638] synthesizing module 'mb_lab1_xadc_wiz_0_0_pselect_f__parameterized10' [d:/EECE387_1/Lab_8/Lab_8_v2/Lab_8_v2.gen/sources_1/bd/mb_lab1/ip/mb_lab1_xadc_wiz_0_0/proc_common_v3_30_a/hdl/src/vhdl/mb_lab1_xadc_wiz_0_0_pselect_f.vhd:167]
	Parameter C_AB bound to: 4 - type: integer 
	Parameter C_AW bound to: 4 - type: integer 
	Parameter C_BAR bound to: 4'b0001 
	Parameter C_FAMILY bound to: nofamily - type: string 
INFO: [Synth 8-256] done synthesizing module 'mb_lab1_xadc_wiz_0_0_pselect_f__parameterized10' (0#1) [d:/EECE387_1/Lab_8/Lab_8_v2/Lab_8_v2.gen/sources_1/bd/mb_lab1/ip/mb_lab1_xadc_wiz_0_0/proc_common_v3_30_a/hdl/src/vhdl/mb_lab1_xadc_wiz_0_0_pselect_f.vhd:167]
INFO: [Synth 8-638] synthesizing module 'mb_lab1_xadc_wiz_0_0_pselect_f__parameterized11' [d:/EECE387_1/Lab_8/Lab_8_v2/Lab_8_v2.gen/sources_1/bd/mb_lab1/ip/mb_lab1_xadc_wiz_0_0/proc_common_v3_30_a/hdl/src/vhdl/mb_lab1_xadc_wiz_0_0_pselect_f.vhd:167]
	Parameter C_AB bound to: 4 - type: integer 
	Parameter C_AW bound to: 4 - type: integer 
	Parameter C_BAR bound to: 4'b0010 
	Parameter C_FAMILY bound to: nofamily - type: string 
INFO: [Synth 8-256] done synthesizing module 'mb_lab1_xadc_wiz_0_0_pselect_f__parameterized11' (0#1) [d:/EECE387_1/Lab_8/Lab_8_v2/Lab_8_v2.gen/sources_1/bd/mb_lab1/ip/mb_lab1_xadc_wiz_0_0/proc_common_v3_30_a/hdl/src/vhdl/mb_lab1_xadc_wiz_0_0_pselect_f.vhd:167]
INFO: [Synth 8-638] synthesizing module 'mb_lab1_xadc_wiz_0_0_pselect_f__parameterized12' [d:/EECE387_1/Lab_8/Lab_8_v2/Lab_8_v2.gen/sources_1/bd/mb_lab1/ip/mb_lab1_xadc_wiz_0_0/proc_common_v3_30_a/hdl/src/vhdl/mb_lab1_xadc_wiz_0_0_pselect_f.vhd:167]
	Parameter C_AB bound to: 4 - type: integer 
	Parameter C_AW bound to: 4 - type: integer 
	Parameter C_BAR bound to: 4'b0011 
	Parameter C_FAMILY bound to: nofamily - type: string 
INFO: [Synth 8-256] done synthesizing module 'mb_lab1_xadc_wiz_0_0_pselect_f__parameterized12' (0#1) [d:/EECE387_1/Lab_8/Lab_8_v2/Lab_8_v2.gen/sources_1/bd/mb_lab1/ip/mb_lab1_xadc_wiz_0_0/proc_common_v3_30_a/hdl/src/vhdl/mb_lab1_xadc_wiz_0_0_pselect_f.vhd:167]
INFO: [Synth 8-638] synthesizing module 'mb_lab1_xadc_wiz_0_0_pselect_f__parameterized13' [d:/EECE387_1/Lab_8/Lab_8_v2/Lab_8_v2.gen/sources_1/bd/mb_lab1/ip/mb_lab1_xadc_wiz_0_0/proc_common_v3_30_a/hdl/src/vhdl/mb_lab1_xadc_wiz_0_0_pselect_f.vhd:167]
	Parameter C_AB bound to: 4 - type: integer 
	Parameter C_AW bound to: 4 - type: integer 
	Parameter C_BAR bound to: 4'b0100 
	Parameter C_FAMILY bound to: nofamily - type: string 
INFO: [Synth 8-256] done synthesizing module 'mb_lab1_xadc_wiz_0_0_pselect_f__parameterized13' (0#1) [d:/EECE387_1/Lab_8/Lab_8_v2/Lab_8_v2.gen/sources_1/bd/mb_lab1/ip/mb_lab1_xadc_wiz_0_0/proc_common_v3_30_a/hdl/src/vhdl/mb_lab1_xadc_wiz_0_0_pselect_f.vhd:167]
INFO: [Synth 8-638] synthesizing module 'mb_lab1_xadc_wiz_0_0_pselect_f__parameterized14' [d:/EECE387_1/Lab_8/Lab_8_v2/Lab_8_v2.gen/sources_1/bd/mb_lab1/ip/mb_lab1_xadc_wiz_0_0/proc_common_v3_30_a/hdl/src/vhdl/mb_lab1_xadc_wiz_0_0_pselect_f.vhd:167]
	Parameter C_AB bound to: 4 - type: integer 
	Parameter C_AW bound to: 4 - type: integer 
	Parameter C_BAR bound to: 4'b0101 
	Parameter C_FAMILY bound to: nofamily - type: string 
INFO: [Synth 8-256] done synthesizing module 'mb_lab1_xadc_wiz_0_0_pselect_f__parameterized14' (0#1) [d:/EECE387_1/Lab_8/Lab_8_v2/Lab_8_v2.gen/sources_1/bd/mb_lab1/ip/mb_lab1_xadc_wiz_0_0/proc_common_v3_30_a/hdl/src/vhdl/mb_lab1_xadc_wiz_0_0_pselect_f.vhd:167]
INFO: [Synth 8-638] synthesizing module 'mb_lab1_xadc_wiz_0_0_pselect_f__parameterized15' [d:/EECE387_1/Lab_8/Lab_8_v2/Lab_8_v2.gen/sources_1/bd/mb_lab1/ip/mb_lab1_xadc_wiz_0_0/proc_common_v3_30_a/hdl/src/vhdl/mb_lab1_xadc_wiz_0_0_pselect_f.vhd:167]
	Parameter C_AB bound to: 4 - type: integer 
	Parameter C_AW bound to: 4 - type: integer 
	Parameter C_BAR bound to: 4'b0110 
	Parameter C_FAMILY bound to: nofamily - type: string 
INFO: [Synth 8-256] done synthesizing module 'mb_lab1_xadc_wiz_0_0_pselect_f__parameterized15' (0#1) [d:/EECE387_1/Lab_8/Lab_8_v2/Lab_8_v2.gen/sources_1/bd/mb_lab1/ip/mb_lab1_xadc_wiz_0_0/proc_common_v3_30_a/hdl/src/vhdl/mb_lab1_xadc_wiz_0_0_pselect_f.vhd:167]
INFO: [Synth 8-638] synthesizing module 'mb_lab1_xadc_wiz_0_0_pselect_f__parameterized16' [d:/EECE387_1/Lab_8/Lab_8_v2/Lab_8_v2.gen/sources_1/bd/mb_lab1/ip/mb_lab1_xadc_wiz_0_0/proc_common_v3_30_a/hdl/src/vhdl/mb_lab1_xadc_wiz_0_0_pselect_f.vhd:167]
	Parameter C_AB bound to: 4 - type: integer 
	Parameter C_AW bound to: 4 - type: integer 
	Parameter C_BAR bound to: 4'b0111 
	Parameter C_FAMILY bound to: nofamily - type: string 
INFO: [Synth 8-256] done synthesizing module 'mb_lab1_xadc_wiz_0_0_pselect_f__parameterized16' (0#1) [d:/EECE387_1/Lab_8/Lab_8_v2/Lab_8_v2.gen/sources_1/bd/mb_lab1/ip/mb_lab1_xadc_wiz_0_0/proc_common_v3_30_a/hdl/src/vhdl/mb_lab1_xadc_wiz_0_0_pselect_f.vhd:167]
INFO: [Synth 8-638] synthesizing module 'mb_lab1_xadc_wiz_0_0_pselect_f__parameterized17' [d:/EECE387_1/Lab_8/Lab_8_v2/Lab_8_v2.gen/sources_1/bd/mb_lab1/ip/mb_lab1_xadc_wiz_0_0/proc_common_v3_30_a/hdl/src/vhdl/mb_lab1_xadc_wiz_0_0_pselect_f.vhd:167]
	Parameter C_AB bound to: 4 - type: integer 
	Parameter C_AW bound to: 4 - type: integer 
	Parameter C_BAR bound to: 4'b1000 
	Parameter C_FAMILY bound to: nofamily - type: string 
INFO: [Synth 8-256] done synthesizing module 'mb_lab1_xadc_wiz_0_0_pselect_f__parameterized17' (0#1) [d:/EECE387_1/Lab_8/Lab_8_v2/Lab_8_v2.gen/sources_1/bd/mb_lab1/ip/mb_lab1_xadc_wiz_0_0/proc_common_v3_30_a/hdl/src/vhdl/mb_lab1_xadc_wiz_0_0_pselect_f.vhd:167]
INFO: [Synth 8-638] synthesizing module 'mb_lab1_xadc_wiz_0_0_pselect_f__parameterized18' [d:/EECE387_1/Lab_8/Lab_8_v2/Lab_8_v2.gen/sources_1/bd/mb_lab1/ip/mb_lab1_xadc_wiz_0_0/proc_common_v3_30_a/hdl/src/vhdl/mb_lab1_xadc_wiz_0_0_pselect_f.vhd:167]
	Parameter C_AB bound to: 4 - type: integer 
	Parameter C_AW bound to: 4 - type: integer 
	Parameter C_BAR bound to: 4'b1001 
	Parameter C_FAMILY bound to: nofamily - type: string 
INFO: [Synth 8-256] done synthesizing module 'mb_lab1_xadc_wiz_0_0_pselect_f__parameterized18' (0#1) [d:/EECE387_1/Lab_8/Lab_8_v2/Lab_8_v2.gen/sources_1/bd/mb_lab1/ip/mb_lab1_xadc_wiz_0_0/proc_common_v3_30_a/hdl/src/vhdl/mb_lab1_xadc_wiz_0_0_pselect_f.vhd:167]
INFO: [Synth 8-638] synthesizing module 'mb_lab1_xadc_wiz_0_0_pselect_f__parameterized19' [d:/EECE387_1/Lab_8/Lab_8_v2/Lab_8_v2.gen/sources_1/bd/mb_lab1/ip/mb_lab1_xadc_wiz_0_0/proc_common_v3_30_a/hdl/src/vhdl/mb_lab1_xadc_wiz_0_0_pselect_f.vhd:167]
	Parameter C_AB bound to: 4 - type: integer 
	Parameter C_AW bound to: 4 - type: integer 
	Parameter C_BAR bound to: 4'b1010 
	Parameter C_FAMILY bound to: nofamily - type: string 
INFO: [Synth 8-256] done synthesizing module 'mb_lab1_xadc_wiz_0_0_pselect_f__parameterized19' (0#1) [d:/EECE387_1/Lab_8/Lab_8_v2/Lab_8_v2.gen/sources_1/bd/mb_lab1/ip/mb_lab1_xadc_wiz_0_0/proc_common_v3_30_a/hdl/src/vhdl/mb_lab1_xadc_wiz_0_0_pselect_f.vhd:167]
INFO: [Synth 8-638] synthesizing module 'mb_lab1_xadc_wiz_0_0_pselect_f__parameterized20' [d:/EECE387_1/Lab_8/Lab_8_v2/Lab_8_v2.gen/sources_1/bd/mb_lab1/ip/mb_lab1_xadc_wiz_0_0/proc_common_v3_30_a/hdl/src/vhdl/mb_lab1_xadc_wiz_0_0_pselect_f.vhd:167]
	Parameter C_AB bound to: 4 - type: integer 
	Parameter C_AW bound to: 4 - type: integer 
	Parameter C_BAR bound to: 4'b1011 
	Parameter C_FAMILY bound to: nofamily - type: string 
INFO: [Synth 8-256] done synthesizing module 'mb_lab1_xadc_wiz_0_0_pselect_f__parameterized20' (0#1) [d:/EECE387_1/Lab_8/Lab_8_v2/Lab_8_v2.gen/sources_1/bd/mb_lab1/ip/mb_lab1_xadc_wiz_0_0/proc_common_v3_30_a/hdl/src/vhdl/mb_lab1_xadc_wiz_0_0_pselect_f.vhd:167]
INFO: [Synth 8-638] synthesizing module 'mb_lab1_xadc_wiz_0_0_pselect_f__parameterized21' [d:/EECE387_1/Lab_8/Lab_8_v2/Lab_8_v2.gen/sources_1/bd/mb_lab1/ip/mb_lab1_xadc_wiz_0_0/proc_common_v3_30_a/hdl/src/vhdl/mb_lab1_xadc_wiz_0_0_pselect_f.vhd:167]
	Parameter C_AB bound to: 4 - type: integer 
	Parameter C_AW bound to: 4 - type: integer 
	Parameter C_BAR bound to: 4'b1100 
	Parameter C_FAMILY bound to: nofamily - type: string 
INFO: [Synth 8-256] done synthesizing module 'mb_lab1_xadc_wiz_0_0_pselect_f__parameterized21' (0#1) [d:/EECE387_1/Lab_8/Lab_8_v2/Lab_8_v2.gen/sources_1/bd/mb_lab1/ip/mb_lab1_xadc_wiz_0_0/proc_common_v3_30_a/hdl/src/vhdl/mb_lab1_xadc_wiz_0_0_pselect_f.vhd:167]
INFO: [Synth 8-638] synthesizing module 'mb_lab1_xadc_wiz_0_0_pselect_f__parameterized22' [d:/EECE387_1/Lab_8/Lab_8_v2/Lab_8_v2.gen/sources_1/bd/mb_lab1/ip/mb_lab1_xadc_wiz_0_0/proc_common_v3_30_a/hdl/src/vhdl/mb_lab1_xadc_wiz_0_0_pselect_f.vhd:167]
	Parameter C_AB bound to: 4 - type: integer 
	Parameter C_AW bound to: 4 - type: integer 
	Parameter C_BAR bound to: 4'b1101 
	Parameter C_FAMILY bound to: nofamily - type: string 
INFO: [Synth 8-256] done synthesizing module 'mb_lab1_xadc_wiz_0_0_pselect_f__parameterized22' (0#1) [d:/EECE387_1/Lab_8/Lab_8_v2/Lab_8_v2.gen/sources_1/bd/mb_lab1/ip/mb_lab1_xadc_wiz_0_0/proc_common_v3_30_a/hdl/src/vhdl/mb_lab1_xadc_wiz_0_0_pselect_f.vhd:167]
INFO: [Synth 8-638] synthesizing module 'mb_lab1_xadc_wiz_0_0_pselect_f__parameterized23' [d:/EECE387_1/Lab_8/Lab_8_v2/Lab_8_v2.gen/sources_1/bd/mb_lab1/ip/mb_lab1_xadc_wiz_0_0/proc_common_v3_30_a/hdl/src/vhdl/mb_lab1_xadc_wiz_0_0_pselect_f.vhd:167]
	Parameter C_AB bound to: 4 - type: integer 
	Parameter C_AW bound to: 4 - type: integer 
	Parameter C_BAR bound to: 4'b1110 
	Parameter C_FAMILY bound to: nofamily - type: string 
INFO: [Synth 8-256] done synthesizing module 'mb_lab1_xadc_wiz_0_0_pselect_f__parameterized23' (0#1) [d:/EECE387_1/Lab_8/Lab_8_v2/Lab_8_v2.gen/sources_1/bd/mb_lab1/ip/mb_lab1_xadc_wiz_0_0/proc_common_v3_30_a/hdl/src/vhdl/mb_lab1_xadc_wiz_0_0_pselect_f.vhd:167]
INFO: [Synth 8-638] synthesizing module 'mb_lab1_xadc_wiz_0_0_pselect_f__parameterized24' [d:/EECE387_1/Lab_8/Lab_8_v2/Lab_8_v2.gen/sources_1/bd/mb_lab1/ip/mb_lab1_xadc_wiz_0_0/proc_common_v3_30_a/hdl/src/vhdl/mb_lab1_xadc_wiz_0_0_pselect_f.vhd:167]
	Parameter C_AB bound to: 4 - type: integer 
	Parameter C_AW bound to: 4 - type: integer 
	Parameter C_BAR bound to: 4'b1111 
	Parameter C_FAMILY bound to: nofamily - type: string 
INFO: [Synth 8-256] done synthesizing module 'mb_lab1_xadc_wiz_0_0_pselect_f__parameterized24' (0#1) [d:/EECE387_1/Lab_8/Lab_8_v2/Lab_8_v2.gen/sources_1/bd/mb_lab1/ip/mb_lab1_xadc_wiz_0_0/proc_common_v3_30_a/hdl/src/vhdl/mb_lab1_xadc_wiz_0_0_pselect_f.vhd:167]
INFO: [Synth 8-638] synthesizing module 'mb_lab1_xadc_wiz_0_0_pselect_f__parameterized25' [d:/EECE387_1/Lab_8/Lab_8_v2/Lab_8_v2.gen/sources_1/bd/mb_lab1/ip/mb_lab1_xadc_wiz_0_0/proc_common_v3_30_a/hdl/src/vhdl/mb_lab1_xadc_wiz_0_0_pselect_f.vhd:167]
	Parameter C_AB bound to: 1 - type: integer 
	Parameter C_AW bound to: 10 - type: integer 
	Parameter C_BAR bound to: 10'b1000000000 
	Parameter C_FAMILY bound to: nofamily - type: string 
INFO: [Synth 8-256] done synthesizing module 'mb_lab1_xadc_wiz_0_0_pselect_f__parameterized25' (0#1) [d:/EECE387_1/Lab_8/Lab_8_v2/Lab_8_v2.gen/sources_1/bd/mb_lab1/ip/mb_lab1_xadc_wiz_0_0/proc_common_v3_30_a/hdl/src/vhdl/mb_lab1_xadc_wiz_0_0_pselect_f.vhd:167]
INFO: [Synth 8-256] done synthesizing module 'mb_lab1_xadc_wiz_0_0_address_decoder' (0#1) [d:/EECE387_1/Lab_8/Lab_8_v2/Lab_8_v2.gen/sources_1/bd/mb_lab1/ip/mb_lab1_xadc_wiz_0_0/axi_lite_ipif_v1_01_a/hdl/src/vhdl/mb_lab1_xadc_wiz_0_0_address_decoder.vhd:176]
INFO: [Synth 8-226] default block is never used [d:/EECE387_1/Lab_8/Lab_8_v2/Lab_8_v2.gen/sources_1/bd/mb_lab1/ip/mb_lab1_xadc_wiz_0_0/axi_lite_ipif_v1_01_a/hdl/src/vhdl/mb_lab1_xadc_wiz_0_0_slave_attachment.vhd:381]
INFO: [Synth 8-256] done synthesizing module 'mb_lab1_xadc_wiz_0_0_slave_attachment' (0#1) [d:/EECE387_1/Lab_8/Lab_8_v2/Lab_8_v2.gen/sources_1/bd/mb_lab1/ip/mb_lab1_xadc_wiz_0_0/axi_lite_ipif_v1_01_a/hdl/src/vhdl/mb_lab1_xadc_wiz_0_0_slave_attachment.vhd:227]
INFO: [Synth 8-256] done synthesizing module 'mb_lab1_xadc_wiz_0_0_axi_lite_ipif' (0#1) [d:/EECE387_1/Lab_8/Lab_8_v2/Lab_8_v2.gen/sources_1/bd/mb_lab1/ip/mb_lab1_xadc_wiz_0_0/axi_lite_ipif_v1_01_a/hdl/src/vhdl/mb_lab1_xadc_wiz_0_0_axi_lite_ipif.vhd:241]
	Parameter C_S_AXI_ADDR_WIDTH bound to: 11 - type: integer 
	Parameter C_S_AXI_DATA_WIDTH bound to: 32 - type: integer 
	Parameter C_FAMILY bound to: virtex7 - type: string 
	Parameter CE_NUMBERS bound to: 9 - type: integer 
	Parameter IP_INTR_NUM bound to: 17 - type: integer 
	Parameter C_SIM_MONITOR_FILE bound to: design.txt - type: string 
	Parameter MUX_ADDR_NO bound to: 5 - type: integer 
INFO: [Synth 8-3491] module 'mb_lab1_xadc_wiz_0_0_xadc_core_drp' declared at 'd:/EECE387_1/Lab_8/Lab_8_v2/Lab_8_v2.gen/sources_1/bd/mb_lab1/ip/mb_lab1_xadc_wiz_0_0/mb_lab1_xadc_wiz_0_0_xadc_core_drp.vhd:141' bound to instance 'AXI_XADC_CORE_I' of component 'mb_lab1_xadc_wiz_0_0_xadc_core_drp' [d:/EECE387_1/Lab_8/Lab_8_v2/Lab_8_v2.gen/sources_1/bd/mb_lab1/ip/mb_lab1_xadc_wiz_0_0/mb_lab1_xadc_wiz_0_0_axi_xadc.vhd:691]
INFO: [Synth 8-638] synthesizing module 'mb_lab1_xadc_wiz_0_0_xadc_core_drp' [d:/EECE387_1/Lab_8/Lab_8_v2/Lab_8_v2.gen/sources_1/bd/mb_lab1/ip/mb_lab1_xadc_wiz_0_0/mb_lab1_xadc_wiz_0_0_xadc_core_drp.vhd:187]
	Parameter C_S_AXI_ADDR_WIDTH bound to: 11 - type: integer 
	Parameter C_S_AXI_DATA_WIDTH bound to: 32 - type: integer 
	Parameter C_FAMILY bound to: virtex7 - type: string 
	Parameter CE_NUMBERS bound to: 9 - type: integer 
	Parameter IP_INTR_NUM bound to: 17 - type: integer 
	Parameter C_SIM_MONITOR_FILE bound to: design.txt - type: string 
	Parameter MUX_ADDR_NO bound to: 5 - type: integer 
	Parameter INIT_40 bound to: 16'b0000000000010110 
	Parameter INIT_41 bound to: 16'b0011000110100001 
	Parameter INIT_42 bound to: 16'b0000010000000000 
	Parameter INIT_48 bound to: 16'b0000000100000000 
	Parameter INIT_49 bound to: 16'b0000000000000000 
	Parameter INIT_4A bound to: 16'b0000000000000000 
	Parameter INIT_4B bound to: 16'b0000000000000000 
	Parameter INIT_4C bound to: 16'b0000000000000000 
	Parameter INIT_4D bound to: 16'b0000000000000000 
	Parameter INIT_4E bound to: 16'b0000000000000000 
	Parameter INIT_4F bound to: 16'b0000000000000000 
	Parameter INIT_50 bound to: 16'b1011010111101101 
	Parameter INIT_51 bound to: 16'b0101011111100100 
	Parameter INIT_52 bound to: 16'b1010000101000111 
	Parameter INIT_53 bound to: 16'b1100101000110011 
	Parameter INIT_54 bound to: 16'b1010100100111010 
	Parameter INIT_55 bound to: 16'b0101001011000110 
	Parameter INIT_56 bound to: 16'b1001010101010101 
	Parameter INIT_57 bound to: 16'b1010111001001110 
	Parameter INIT_58 bound to: 16'b0101100110011001 
	Parameter INIT_5C bound to: 16'b0101000100010001 
	Parameter SIM_DEVICE bound to: 7SERIES - type: string 
	Parameter SIM_MONITOR_FILE bound to: design.txt - type: string 
INFO: [Synth 8-113] binding component instance 'XADC_INST' to cell 'XADC' [d:/EECE387_1/Lab_8/Lab_8_v2/Lab_8_v2.gen/sources_1/bd/mb_lab1/ip/mb_lab1_xadc_wiz_0_0/mb_lab1_xadc_wiz_0_0_xadc_core_drp.vhd:968]
INFO: [Synth 8-256] done synthesizing module 'mb_lab1_xadc_wiz_0_0_xadc_core_drp' (0#1) [d:/EECE387_1/Lab_8/Lab_8_v2/Lab_8_v2.gen/sources_1/bd/mb_lab1/ip/mb_lab1_xadc_wiz_0_0/mb_lab1_xadc_wiz_0_0_xadc_core_drp.vhd:187]
INFO: [Synth 8-638] synthesizing module 'mb_lab1_xadc_wiz_0_0_soft_reset' [d:/EECE387_1/Lab_8/Lab_8_v2/Lab_8_v2.gen/sources_1/bd/mb_lab1/ip/mb_lab1_xadc_wiz_0_0/proc_common_v3_30_a/hdl/src/vhdl/mb_lab1_xadc_wiz_0_0_soft_reset.vhd:142]
	Parameter C_SIPIF_DWIDTH bound to: 32 - type: integer 
	Parameter C_RESET_WIDTH bound to: 16 - type: integer 
INFO: [Synth 8-113] binding component instance 'RST_FLOPS' to cell 'FDRSE' [d:/EECE387_1/Lab_8/Lab_8_v2/Lab_8_v2.gen/sources_1/bd/mb_lab1/ip/mb_lab1_xadc_wiz_0_0/proc_common_v3_30_a/hdl/src/vhdl/mb_lab1_xadc_wiz_0_0_soft_reset.vhd:273]
INFO: [Synth 8-113] binding component instance 'RST_FLOPS' to cell 'FDRSE' [d:/EECE387_1/Lab_8/Lab_8_v2/Lab_8_v2.gen/sources_1/bd/mb_lab1/ip/mb_lab1_xadc_wiz_0_0/proc_common_v3_30_a/hdl/src/vhdl/mb_lab1_xadc_wiz_0_0_soft_reset.vhd:273]
INFO: [Synth 8-113] binding component instance 'RST_FLOPS' to cell 'FDRSE' [d:/EECE387_1/Lab_8/Lab_8_v2/Lab_8_v2.gen/sources_1/bd/mb_lab1/ip/mb_lab1_xadc_wiz_0_0/proc_common_v3_30_a/hdl/src/vhdl/mb_lab1_xadc_wiz_0_0_soft_reset.vhd:273]
INFO: [Synth 8-113] binding component instance 'RST_FLOPS' to cell 'FDRSE' [d:/EECE387_1/Lab_8/Lab_8_v2/Lab_8_v2.gen/sources_1/bd/mb_lab1/ip/mb_lab1_xadc_wiz_0_0/proc_common_v3_30_a/hdl/src/vhdl/mb_lab1_xadc_wiz_0_0_soft_reset.vhd:273]
INFO: [Synth 8-113] binding component instance 'RST_FLOPS' to cell 'FDRSE' [d:/EECE387_1/Lab_8/Lab_8_v2/Lab_8_v2.gen/sources_1/bd/mb_lab1/ip/mb_lab1_xadc_wiz_0_0/proc_common_v3_30_a/hdl/src/vhdl/mb_lab1_xadc_wiz_0_0_soft_reset.vhd:273]
INFO: [Synth 8-113] binding component instance 'RST_FLOPS' to cell 'FDRSE' [d:/EECE387_1/Lab_8/Lab_8_v2/Lab_8_v2.gen/sources_1/bd/mb_lab1/ip/mb_lab1_xadc_wiz_0_0/proc_common_v3_30_a/hdl/src/vhdl/mb_lab1_xadc_wiz_0_0_soft_reset.vhd:273]
INFO: [Synth 8-113] binding component instance 'RST_FLOPS' to cell 'FDRSE' [d:/EECE387_1/Lab_8/Lab_8_v2/Lab_8_v2.gen/sources_1/bd/mb_lab1/ip/mb_lab1_xadc_wiz_0_0/proc_common_v3_30_a/hdl/src/vhdl/mb_lab1_xadc_wiz_0_0_soft_reset.vhd:273]
INFO: [Synth 8-113] binding component instance 'RST_FLOPS' to cell 'FDRSE' [d:/EECE387_1/Lab_8/Lab_8_v2/Lab_8_v2.gen/sources_1/bd/mb_lab1/ip/mb_lab1_xadc_wiz_0_0/proc_common_v3_30_a/hdl/src/vhdl/mb_lab1_xadc_wiz_0_0_soft_reset.vhd:273]
INFO: [Synth 8-113] binding component instance 'RST_FLOPS' to cell 'FDRSE' [d:/EECE387_1/Lab_8/Lab_8_v2/Lab_8_v2.gen/sources_1/bd/mb_lab1/ip/mb_lab1_xadc_wiz_0_0/proc_common_v3_30_a/hdl/src/vhdl/mb_lab1_xadc_wiz_0_0_soft_reset.vhd:273]
INFO: [Synth 8-113] binding component instance 'RST_FLOPS' to cell 'FDRSE' [d:/EECE387_1/Lab_8/Lab_8_v2/Lab_8_v2.gen/sources_1/bd/mb_lab1/ip/mb_lab1_xadc_wiz_0_0/proc_common_v3_30_a/hdl/src/vhdl/mb_lab1_xadc_wiz_0_0_soft_reset.vhd:273]
INFO: [Synth 8-113] binding component instance 'RST_FLOPS' to cell 'FDRSE' [d:/EECE387_1/Lab_8/Lab_8_v2/Lab_8_v2.gen/sources_1/bd/mb_lab1/ip/mb_lab1_xadc_wiz_0_0/proc_common_v3_30_a/hdl/src/vhdl/mb_lab1_xadc_wiz_0_0_soft_reset.vhd:273]
INFO: [Synth 8-113] binding component instance 'RST_FLOPS' to cell 'FDRSE' [d:/EECE387_1/Lab_8/Lab_8_v2/Lab_8_v2.gen/sources_1/bd/mb_lab1/ip/mb_lab1_xadc_wiz_0_0/proc_common_v3_30_a/hdl/src/vhdl/mb_lab1_xadc_wiz_0_0_soft_reset.vhd:273]
INFO: [Synth 8-113] binding component instance 'RST_FLOPS' to cell 'FDRSE' [d:/EECE387_1/Lab_8/Lab_8_v2/Lab_8_v2.gen/sources_1/bd/mb_lab1/ip/mb_lab1_xadc_wiz_0_0/proc_common_v3_30_a/hdl/src/vhdl/mb_lab1_xadc_wiz_0_0_soft_reset.vhd:273]
INFO: [Synth 8-113] binding component instance 'RST_FLOPS' to cell 'FDRSE' [d:/EECE387_1/Lab_8/Lab_8_v2/Lab_8_v2.gen/sources_1/bd/mb_lab1/ip/mb_lab1_xadc_wiz_0_0/proc_common_v3_30_a/hdl/src/vhdl/mb_lab1_xadc_wiz_0_0_soft_reset.vhd:273]
INFO: [Synth 8-113] binding component instance 'RST_FLOPS' to cell 'FDRSE' [d:/EECE387_1/Lab_8/Lab_8_v2/Lab_8_v2.gen/sources_1/bd/mb_lab1/ip/mb_lab1_xadc_wiz_0_0/proc_common_v3_30_a/hdl/src/vhdl/mb_lab1_xadc_wiz_0_0_soft_reset.vhd:273]
INFO: [Synth 8-113] binding component instance 'RST_FLOPS' to cell 'FDRSE' [d:/EECE387_1/Lab_8/Lab_8_v2/Lab_8_v2.gen/sources_1/bd/mb_lab1/ip/mb_lab1_xadc_wiz_0_0/proc_common_v3_30_a/hdl/src/vhdl/mb_lab1_xadc_wiz_0_0_soft_reset.vhd:273]
INFO: [Synth 8-113] binding component instance 'FF_WRACK' to cell 'FDRSE' [d:/EECE387_1/Lab_8/Lab_8_v2/Lab_8_v2.gen/sources_1/bd/mb_lab1/ip/mb_lab1_xadc_wiz_0_0/proc_common_v3_30_a/hdl/src/vhdl/mb_lab1_xadc_wiz_0_0_soft_reset.vhd:296]
INFO: [Synth 8-256] done synthesizing module 'mb_lab1_xadc_wiz_0_0_soft_reset' (0#1) [d:/EECE387_1/Lab_8/Lab_8_v2/Lab_8_v2.gen/sources_1/bd/mb_lab1/ip/mb_lab1_xadc_wiz_0_0/proc_common_v3_30_a/hdl/src/vhdl/mb_lab1_xadc_wiz_0_0_soft_reset.vhd:142]
INFO: [Synth 8-638] synthesizing module 'mb_lab1_xadc_wiz_0_0_interrupt_control' [d:/EECE387_1/Lab_8/Lab_8_v2/Lab_8_v2.gen/sources_1/bd/mb_lab1/ip/mb_lab1_xadc_wiz_0_0/interrupt_control_v2_01_a/hdl/src/vhdl/mb_lab1_xadc_wiz_0_0_interrupt_control.vhd:240]
	Parameter C_NUM_CE bound to: 16 - type: integer 
	Parameter C_NUM_IPIF_IRPT_SRC bound to: 1 - type: integer 
	Parameter C_IP_INTR_MODE_ARRAY bound to: 544'b0000000000000000000000000000010100000000000000000000000000000101000000000000000000000000000001010000000000000000000000000000010100000000000000000000000000000101000000000000000000000000000001010000000000000000000000000000010100000000000000000000000000000101000000000000000000000000000001010000000000000000000000000000010100000000000000000000000000000101000000000000000000000000000001010000000000000000000000000000010100000000000000000000000000000101000000000000000000000000000001010000000000000000000000000000010100000000000000000000000000000101 
	Parameter C_INCLUDE_DEV_PENCODER bound to: 0 - type: bool 
	Parameter C_INCLUDE_DEV_ISC bound to: 0 - type: bool 
	Parameter C_IPIF_DWIDTH bound to: 32 - type: integer 
INFO: [Synth 8-256] done synthesizing module 'mb_lab1_xadc_wiz_0_0_interrupt_control' (0#1) [d:/EECE387_1/Lab_8/Lab_8_v2/Lab_8_v2.gen/sources_1/bd/mb_lab1/ip/mb_lab1_xadc_wiz_0_0/interrupt_control_v2_01_a/hdl/src/vhdl/mb_lab1_xadc_wiz_0_0_interrupt_control.vhd:240]
INFO: [Synth 8-256] done synthesizing module 'mb_lab1_xadc_wiz_0_0_axi_xadc' (0#1) [d:/EECE387_1/Lab_8/Lab_8_v2/Lab_8_v2.gen/sources_1/bd/mb_lab1/ip/mb_lab1_xadc_wiz_0_0/mb_lab1_xadc_wiz_0_0_axi_xadc.vhd:236]
INFO: [Synth 8-256] done synthesizing module 'mb_lab1_xadc_wiz_0_0' (0#1) [d:/EECE387_1/Lab_8/Lab_8_v2/Lab_8_v2.gen/sources_1/bd/mb_lab1/ip/mb_lab1_xadc_wiz_0_0/mb_lab1_xadc_wiz_0_0.vhd:101]
WARNING: [Synth 8-6014] Unused sequential element convst_reg_input_reg was removed.  [d:/EECE387_1/Lab_8/Lab_8_v2/Lab_8_v2.gen/sources_1/bd/mb_lab1/ip/mb_lab1_xadc_wiz_0_0/mb_lab1_xadc_wiz_0_0_xadc_core_drp.vhd:499]
WARNING: [Synth 8-7129] Port Bus2IP_Data[1] in module mb_lab1_xadc_wiz_0_0_interrupt_control is either unconnected or has no load
WARNING: [Synth 8-7129] Port Bus2IP_Data[2] in module mb_lab1_xadc_wiz_0_0_interrupt_control is either unconnected or has no load
WARNING: [Synth 8-7129] Port Bus2IP_Data[3] in module mb_lab1_xadc_wiz_0_0_interrupt_control is either unconnected or has no load
WARNING: [Synth 8-7129] Port Bus2IP_Data[4] in module mb_lab1_xadc_wiz_0_0_interrupt_control is either unconnected or has no load
WARNING: [Synth 8-7129] Port Bus2IP_Data[5] in module mb_lab1_xadc_wiz_0_0_interrupt_control is either unconnected or has no load
WARNING: [Synth 8-7129] Port Bus2IP_Data[6] in module mb_lab1_xadc_wiz_0_0_interrupt_control is either unconnected or has no load
WARNING: [Synth 8-7129] Port Bus2IP_Data[7] in module mb_lab1_xadc_wiz_0_0_interrupt_control is either unconnected or has no load
WARNING: [Synth 8-7129] Port Bus2IP_Data[8] in module mb_lab1_xadc_wiz_0_0_interrupt_control is either unconnected or has no load
WARNING: [Synth 8-7129] Port Bus2IP_Data[9] in module mb_lab1_xadc_wiz_0_0_interrupt_control is either unconnected or has no load
WARNING: [Synth 8-7129] Port Bus2IP_Data[10] in module mb_lab1_xadc_wiz_0_0_interrupt_control is either unconnected or has no load
WARNING: [Synth 8-7129] Port Bus2IP_Data[11] in module mb_lab1_xadc_wiz_0_0_interrupt_control is either unconnected or has no load
WARNING: [Synth 8-7129] Port Bus2IP_Data[12] in module mb_lab1_xadc_wiz_0_0_interrupt_control is either unconnected or has no load
WARNING: [Synth 8-7129] Port Bus2IP_Data[13] in module mb_lab1_xadc_wiz_0_0_interrupt_control is either unconnected or has no load
WARNING: [Synth 8-7129] Port Bus2IP_Data[14] in module mb_lab1_xadc_wiz_0_0_interrupt_control is either unconnected or has no load
WARNING: [Synth 8-7129] Port Bus2IP_BE[1] in module mb_lab1_xadc_wiz_0_0_interrupt_control is either unconnected or has no load
WARNING: [Synth 8-7129] Port Bus2IP_BE[2] in module mb_lab1_xadc_wiz_0_0_interrupt_control is either unconnected or has no load
WARNING: [Synth 8-7129] Port Bus2IP_BE[3] in module mb_lab1_xadc_wiz_0_0_interrupt_control is either unconnected or has no load
WARNING: [Synth 8-7129] Port Interrupt_RdCE[0] in module mb_lab1_xadc_wiz_0_0_interrupt_control is either unconnected or has no load
WARNING: [Synth 8-7129] Port Interrupt_RdCE[1] in module mb_lab1_xadc_wiz_0_0_interrupt_control is either unconnected or has no load
WARNING: [Synth 8-7129] Port Interrupt_RdCE[2] in module mb_lab1_xadc_wiz_0_0_interrupt_control is either unconnected or has no load
WARNING: [Synth 8-7129] Port Interrupt_RdCE[3] in module mb_lab1_xadc_wiz_0_0_interrupt_control is either unconnected or has no load
WARNING: [Synth 8-7129] Port Interrupt_RdCE[4] in module mb_lab1_xadc_wiz_0_0_interrupt_control is either unconnected or has no load
WARNING: [Synth 8-7129] Port Interrupt_RdCE[5] in module mb_lab1_xadc_wiz_0_0_interrupt_control is either unconnected or has no load
WARNING: [Synth 8-7129] Port Interrupt_RdCE[6] in module mb_lab1_xadc_wiz_0_0_interrupt_control is either unconnected or has no load
WARNING: [Synth 8-7129] Port Interrupt_RdCE[9] in module mb_lab1_xadc_wiz_0_0_interrupt_control is either unconnected or has no load
WARNING: [Synth 8-7129] Port Interrupt_RdCE[11] in module mb_lab1_xadc_wiz_0_0_interrupt_control is either unconnected or has no load
WARNING: [Synth 8-7129] Port Interrupt_RdCE[12] in module mb_lab1_xadc_wiz_0_0_interrupt_control is either unconnected or has no load
WARNING: [Synth 8-7129] Port Interrupt_RdCE[13] in module mb_lab1_xadc_wiz_0_0_interrupt_control is either unconnected or has no load
WARNING: [Synth 8-7129] Port Interrupt_RdCE[14] in module mb_lab1_xadc_wiz_0_0_interrupt_control is either unconnected or has no load
WARNING: [Synth 8-7129] Port Interrupt_RdCE[15] in module mb_lab1_xadc_wiz_0_0_interrupt_control is either unconnected or has no load
WARNING: [Synth 8-7129] Port Interrupt_WrCE[0] in module mb_lab1_xadc_wiz_0_0_interrupt_control is either unconnected or has no load
WARNING: [Synth 8-7129] Port Interrupt_WrCE[1] in module mb_lab1_xadc_wiz_0_0_interrupt_control is either unconnected or has no load
WARNING: [Synth 8-7129] Port Interrupt_WrCE[2] in module mb_lab1_xadc_wiz_0_0_interrupt_control is either unconnected or has no load
WARNING: [Synth 8-7129] Port Interrupt_WrCE[3] in module mb_lab1_xadc_wiz_0_0_interrupt_control is either unconnected or has no load
WARNING: [Synth 8-7129] Port Interrupt_WrCE[4] in module mb_lab1_xadc_wiz_0_0_interrupt_control is either unconnected or has no load
WARNING: [Synth 8-7129] Port Interrupt_WrCE[5] in module mb_lab1_xadc_wiz_0_0_interrupt_control is either unconnected or has no load
WARNING: [Synth 8-7129] Port Interrupt_WrCE[6] in module mb_lab1_xadc_wiz_0_0_interrupt_control is either unconnected or has no load
WARNING: [Synth 8-7129] Port Interrupt_WrCE[9] in module mb_lab1_xadc_wiz_0_0_interrupt_control is either unconnected or has no load
WARNING: [Synth 8-7129] Port Interrupt_WrCE[11] in module mb_lab1_xadc_wiz_0_0_interrupt_control is either unconnected or has no load
WARNING: [Synth 8-7129] Port Interrupt_WrCE[12] in module mb_lab1_xadc_wiz_0_0_interrupt_control is either unconnected or has no load
WARNING: [Synth 8-7129] Port Interrupt_WrCE[13] in module mb_lab1_xadc_wiz_0_0_interrupt_control is either unconnected or has no load
WARNING: [Synth 8-7129] Port Interrupt_WrCE[14] in module mb_lab1_xadc_wiz_0_0_interrupt_control is either unconnected or has no load
WARNING: [Synth 8-7129] Port Interrupt_WrCE[15] in module mb_lab1_xadc_wiz_0_0_interrupt_control is either unconnected or has no load
WARNING: [Synth 8-7129] Port IPIF_Reg_Interrupts[0] in module mb_lab1_xadc_wiz_0_0_interrupt_control is either unconnected or has no load
WARNING: [Synth 8-7129] Port IPIF_Reg_Interrupts[1] in module mb_lab1_xadc_wiz_0_0_interrupt_control is either unconnected or has no load
WARNING: [Synth 8-7129] Port IPIF_Lvl_Interrupts[0] in module mb_lab1_xadc_wiz_0_0_interrupt_control is either unconnected or has no load
WARNING: [Synth 8-7129] Port Bus2IP_Data[0] in module mb_lab1_xadc_wiz_0_0_soft_reset is either unconnected or has no load
WARNING: [Synth 8-7129] Port Bus2IP_Data[1] in module mb_lab1_xadc_wiz_0_0_soft_reset is either unconnected or has no load
WARNING: [Synth 8-7129] Port Bus2IP_Data[2] in module mb_lab1_xadc_wiz_0_0_soft_reset is either unconnected or has no load
WARNING: [Synth 8-7129] Port Bus2IP_Data[3] in module mb_lab1_xadc_wiz_0_0_soft_reset is either unconnected or has no load
WARNING: [Synth 8-7129] Port Bus2IP_Data[4] in module mb_lab1_xadc_wiz_0_0_soft_reset is either unconnected or has no load
WARNING: [Synth 8-7129] Port Bus2IP_Data[5] in module mb_lab1_xadc_wiz_0_0_soft_reset is either unconnected or has no load
WARNING: [Synth 8-7129] Port Bus2IP_Data[6] in module mb_lab1_xadc_wiz_0_0_soft_reset is either unconnected or has no load
WARNING: [Synth 8-7129] Port Bus2IP_Data[7] in module mb_lab1_xadc_wiz_0_0_soft_reset is either unconnected or has no load
WARNING: [Synth 8-7129] Port Bus2IP_Data[8] in module mb_lab1_xadc_wiz_0_0_soft_reset is either unconnected or has no load
WARNING: [Synth 8-7129] Port Bus2IP_Data[9] in module mb_lab1_xadc_wiz_0_0_soft_reset is either unconnected or has no load
WARNING: [Synth 8-7129] Port Bus2IP_Data[10] in module mb_lab1_xadc_wiz_0_0_soft_reset is either unconnected or has no load
WARNING: [Synth 8-7129] Port Bus2IP_Data[11] in module mb_lab1_xadc_wiz_0_0_soft_reset is either unconnected or has no load
WARNING: [Synth 8-7129] Port Bus2IP_Data[12] in module mb_lab1_xadc_wiz_0_0_soft_reset is either unconnected or has no load
WARNING: [Synth 8-7129] Port Bus2IP_Data[13] in module mb_lab1_xadc_wiz_0_0_soft_reset is either unconnected or has no load
WARNING: [Synth 8-7129] Port Bus2IP_Data[14] in module mb_lab1_xadc_wiz_0_0_soft_reset is either unconnected or has no load
WARNING: [Synth 8-7129] Port Bus2IP_Data[15] in module mb_lab1_xadc_wiz_0_0_soft_reset is either unconnected or has no load
WARNING: [Synth 8-7129] Port Bus2IP_Data[16] in module mb_lab1_xadc_wiz_0_0_soft_reset is either unconnected or has no load
WARNING: [Synth 8-7129] Port Bus2IP_Data[17] in module mb_lab1_xadc_wiz_0_0_soft_reset is either unconnected or has no load
WARNING: [Synth 8-7129] Port Bus2IP_Data[18] in module mb_lab1_xadc_wiz_0_0_soft_reset is either unconnected or has no load
WARNING: [Synth 8-7129] Port Bus2IP_Data[19] in module mb_lab1_xadc_wiz_0_0_soft_reset is either unconnected or has no load
WARNING: [Synth 8-7129] Port Bus2IP_Data[20] in module mb_lab1_xadc_wiz_0_0_soft_reset is either unconnected or has no load
WARNING: [Synth 8-7129] Port Bus2IP_Data[21] in module mb_lab1_xadc_wiz_0_0_soft_reset is either unconnected or has no load
WARNING: [Synth 8-7129] Port Bus2IP_Data[22] in module mb_lab1_xadc_wiz_0_0_soft_reset is either unconnected or has no load
WARNING: [Synth 8-7129] Port Bus2IP_Data[23] in module mb_lab1_xadc_wiz_0_0_soft_reset is either unconnected or has no load
WARNING: [Synth 8-7129] Port Bus2IP_Data[24] in module mb_lab1_xadc_wiz_0_0_soft_reset is either unconnected or has no load
WARNING: [Synth 8-7129] Port Bus2IP_Data[25] in module mb_lab1_xadc_wiz_0_0_soft_reset is either unconnected or has no load
WARNING: [Synth 8-7129] Port Bus2IP_Data[26] in module mb_lab1_xadc_wiz_0_0_soft_reset is either unconnected or has no load
WARNING: [Synth 8-7129] Port Bus2IP_Data[27] in module mb_lab1_xadc_wiz_0_0_soft_reset is either unconnected or has no load
WARNING: [Synth 8-7129] Port Bus2IP_BE[0] in module mb_lab1_xadc_wiz_0_0_soft_reset is either unconnected or has no load
WARNING: [Synth 8-7129] Port Bus2IP_BE[1] in module mb_lab1_xadc_wiz_0_0_soft_reset is either unconnected or has no load
WARNING: [Synth 8-7129] Port Bus2IP_BE[2] in module mb_lab1_xadc_wiz_0_0_soft_reset is either unconnected or has no load
WARNING: [Synth 8-7129] Port Bus2IP_RdCE[0] in module mb_lab1_xadc_wiz_0_0_xadc_core_drp is either unconnected or has no load
WARNING: [Synth 8-7129] Port Bus2IP_RdCE[5] in module mb_lab1_xadc_wiz_0_0_xadc_core_drp is either unconnected or has no load
WARNING: [Synth 8-7129] Port Bus2IP_RdCE[6] in module mb_lab1_xadc_wiz_0_0_xadc_core_drp is either unconnected or has no load
WARNING: [Synth 8-7129] Port Bus2IP_RdCE[7] in module mb_lab1_xadc_wiz_0_0_xadc_core_drp is either unconnected or has no load
WARNING: [Synth 8-7129] Port Bus2IP_WrCE[0] in module mb_lab1_xadc_wiz_0_0_xadc_core_drp is either unconnected or has no load
WARNING: [Synth 8-7129] Port Bus2IP_WrCE[5] in module mb_lab1_xadc_wiz_0_0_xadc_core_drp is either unconnected or has no load
WARNING: [Synth 8-7129] Port Bus2IP_WrCE[6] in module mb_lab1_xadc_wiz_0_0_xadc_core_drp is either unconnected or has no load
WARNING: [Synth 8-7129] Port Bus2IP_WrCE[7] in module mb_lab1_xadc_wiz_0_0_xadc_core_drp is either unconnected or has no load
WARNING: [Synth 8-7129] Port Bus2IP_Addr[0] in module mb_lab1_xadc_wiz_0_0_xadc_core_drp is either unconnected or has no load
WARNING: [Synth 8-7129] Port Bus2IP_Addr[1] in module mb_lab1_xadc_wiz_0_0_xadc_core_drp is either unconnected or has no load
WARNING: [Synth 8-7129] Port Bus2IP_Addr[9] in module mb_lab1_xadc_wiz_0_0_xadc_core_drp is either unconnected or has no load
WARNING: [Synth 8-7129] Port Bus2IP_Addr[10] in module mb_lab1_xadc_wiz_0_0_xadc_core_drp is either unconnected or has no load
WARNING: [Synth 8-7129] Port Bus2IP_Data[0] in module mb_lab1_xadc_wiz_0_0_xadc_core_drp is either unconnected or has no load
WARNING: [Synth 8-7129] Port Bus2IP_Data[1] in module mb_lab1_xadc_wiz_0_0_xadc_core_drp is either unconnected or has no load
WARNING: [Synth 8-7129] Port Bus2IP_Data[2] in module mb_lab1_xadc_wiz_0_0_xadc_core_drp is either unconnected or has no load
WARNING: [Synth 8-7129] Port Bus2IP_Data[3] in module mb_lab1_xadc_wiz_0_0_xadc_core_drp is either unconnected or has no load
WARNING: [Synth 8-7129] Port Bus2IP_Data[4] in module mb_lab1_xadc_wiz_0_0_xadc_core_drp is either unconnected or has no load
WARNING: [Synth 8-7129] Port Bus2IP_Data[5] in module mb_lab1_xadc_wiz_0_0_xadc_core_drp is either unconnected or has no load
WARNING: [Synth 8-7129] Port Bus2IP_Data[6] in module mb_lab1_xadc_wiz_0_0_xadc_core_drp is either unconnected or has no load
WARNING: [Synth 8-7129] Port Bus2IP_Data[7] in module mb_lab1_xadc_wiz_0_0_xadc_core_drp is either unconnected or has no load
WARNING: [Synth 8-7129] Port Bus2IP_Data[8] in module mb_lab1_xadc_wiz_0_0_xadc_core_drp is either unconnected or has no load
WARNING: [Synth 8-7129] Port Bus2IP_Data[9] in module mb_lab1_xadc_wiz_0_0_xadc_core_drp is either unconnected or has no load
WARNING: [Synth 8-7129] Port Bus2IP_Data[10] in module mb_lab1_xadc_wiz_0_0_xadc_core_drp is either unconnected or has no load
INFO: [Common 17-14] Message 'Synth 8-7129' appears 100 times and further instances of the messages will be disabled. Use the Tcl command set_msg_config to change the current settings.
---------------------------------------------------------------------------------
Finished RTL Elaboration : Time (s): cpu = 00:00:01 ; elapsed = 00:00:10 . Memory (MB): peak = 1565.348 ; gain = 596.465
---------------------------------------------------------------------------------
---------------------------------------------------------------------------------
Start Handling Custom Attributes
---------------------------------------------------------------------------------
---------------------------------------------------------------------------------
Finished Handling Custom Attributes : Time (s): cpu = 00:00:01 ; elapsed = 00:00:10 . Memory (MB): peak = 1565.348 ; gain = 596.465
---------------------------------------------------------------------------------
---------------------------------------------------------------------------------
Finished RTL Optimization Phase 1 : Time (s): cpu = 00:00:01 ; elapsed = 00:00:10 . Memory (MB): peak = 1565.348 ; gain = 596.465
---------------------------------------------------------------------------------
Netlist sorting complete. Time (s): cpu = 00:00:00 ; elapsed = 00:00:00.015 . Memory (MB): peak = 1565.348 ; gain = 0.000
INFO: [Netlist 29-17] Analyzing 18 Unisim elements for replacement
INFO: [Netlist 29-28] Unisim Transformation completed in 0 CPU seconds
INFO: [Project 1-570] Preparing netlist for logic optimization

Processing XDC Constraints
Initializing timing engine
Parsing XDC File [d:/EECE387_1/Lab_8/Lab_8_v2/Lab_8_v2.gen/sources_1/bd/mb_lab1/ip/mb_lab1_xadc_wiz_0_0/mb_lab1_xadc_wiz_0_0_ooc.xdc] for cell 'U0'
Finished Parsing XDC File [d:/EECE387_1/Lab_8/Lab_8_v2/Lab_8_v2.gen/sources_1/bd/mb_lab1/ip/mb_lab1_xadc_wiz_0_0/mb_lab1_xadc_wiz_0_0_ooc.xdc] for cell 'U0'
Parsing XDC File [d:/EECE387_1/Lab_8/Lab_8_v2/Lab_8_v2.gen/sources_1/bd/mb_lab1/ip/mb_lab1_xadc_wiz_0_0/mb_lab1_xadc_wiz_0_0.xdc] for cell 'U0'
Finished Parsing XDC File [d:/EECE387_1/Lab_8/Lab_8_v2/Lab_8_v2.gen/sources_1/bd/mb_lab1/ip/mb_lab1_xadc_wiz_0_0/mb_lab1_xadc_wiz_0_0.xdc] for cell 'U0'
Parsing XDC File [D:/EECE387_1/Lab_8/Lab_8_v2/Lab_8_v2.runs/mb_lab1_xadc_wiz_0_0_synth_1/dont_touch.xdc]
Finished Parsing XDC File [D:/EECE387_1/Lab_8/Lab_8_v2/Lab_8_v2.runs/mb_lab1_xadc_wiz_0_0_synth_1/dont_touch.xdc]
Completed Processing XDC Constraints

Netlist sorting complete. Time (s): cpu = 00:00:00 ; elapsed = 00:00:00 . Memory (MB): peak = 1567.918 ; gain = 0.000
INFO: [Project 1-111] Unisim Transformation Summary:
  A total of 17 instances were transformed.
  FDRSE => FDRSE (FDRE, LUT4, VCC): 17 instances

The system cannot find the path specified.
Constraint Validation Runtime : Time (s): cpu = 00:00:00 ; elapsed = 00:00:00.029 . Memory (MB): peak = 1572.020 ; gain = 4.102
INFO: [Designutils 20-5008] Incremental synthesis strategy off
---------------------------------------------------------------------------------
Finished Constraint Validation : Time (s): cpu = 00:00:03 ; elapsed = 00:00:19 . Memory (MB): peak = 1572.020 ; gain = 603.137
---------------------------------------------------------------------------------
---------------------------------------------------------------------------------
Start Loading Part and Timing Information
---------------------------------------------------------------------------------
Loading part: xc7a35tcpg236-1
---------------------------------------------------------------------------------
Finished Loading Part and Timing Information : Time (s): cpu = 00:00:03 ; elapsed = 00:00:19 . Memory (MB): peak = 1572.020 ; gain = 603.137
---------------------------------------------------------------------------------
---------------------------------------------------------------------------------
Start Applying 'set_property' XDC Constraints
---------------------------------------------------------------------------------
Applied set_property KEEP_HIERARCHY = SOFT for U0. (constraint file  D:/EECE387_1/Lab_8/Lab_8_v2/Lab_8_v2.runs/mb_lab1_xadc_wiz_0_0_synth_1/dont_touch.xdc, line 9).
---------------------------------------------------------------------------------
Finished applying 'set_property' XDC Constraints : Time (s): cpu = 00:00:03 ; elapsed = 00:00:19 . Memory (MB): peak = 1572.020 ; gain = 603.137
---------------------------------------------------------------------------------
INFO: [Synth 8-802] inferred FSM for state register 'state_reg' in module 'mb_lab1_xadc_wiz_0_0_slave_attachment'
---------------------------------------------------------------------------------------------------
                   State |                     New Encoding |                Previous Encoding 
---------------------------------------------------------------------------------------------------
                 sm_idle |                             0010 |                               00
                 sm_read |                             1000 |                               01
                sm_write |                             0100 |                               10
                 sm_resp |                             0001 |                               11
---------------------------------------------------------------------------------------------------
INFO: [Synth 8-3354] encoded FSM with state register 'state_reg' using encoding 'one-hot' in module 'mb_lab1_xadc_wiz_0_0_slave_attachment'
---------------------------------------------------------------------------------
Finished RTL Optimization Phase 2 : Time (s): cpu = 00:00:04 ; elapsed = 00:00:20 . Memory (MB): peak = 1572.020 ; gain = 603.137
---------------------------------------------------------------------------------
---------------------------------------------------------------------------------
Start RTL Component Statistics 
---------------------------------------------------------------------------------
Detailed RTL Component Info : 
+---Adders : 
	   2 Input    7 Bit       Adders := 1     
+---XORs : 
	   2 Input      1 Bit         XORs := 17    
+---Registers : 
	               32 Bit    Registers := 2     
	               17 Bit    Registers := 1     
	               16 Bit    Registers := 1     
	               11 Bit    Registers := 1     
	                9 Bit    Registers := 1     
	                7 Bit    Registers := 1     
	                2 Bit    Registers := 2     
	                1 Bit    Registers := 124   
+---Muxes : 
	   2 Input   32 Bit        Muxes := 3     
	   4 Input   18 Bit        Muxes := 1     
	   2 Input   10 Bit        Muxes := 1     
	   4 Input    4 Bit        Muxes := 1     
	   2 Input    4 Bit        Muxes := 6     
	   2 Input    2 Bit        Muxes := 2     
	   2 Input    1 Bit        Muxes := 53    
	   3 Input    1 Bit        Muxes := 1     
---------------------------------------------------------------------------------
Finished RTL Component Statistics 
---------------------------------------------------------------------------------
---------------------------------------------------------------------------------
Start Part Resource Summary
---------------------------------------------------------------------------------
Part Resources:
DSPs: 90 (col length:60)
BRAMs: 100 (col length: RAMB18 60 RAMB36 30)
---------------------------------------------------------------------------------
Finished Part Resource Summary
---------------------------------------------------------------------------------
---------------------------------------------------------------------------------
Start Cross Boundary and Area Optimization
---------------------------------------------------------------------------------
WARNING: [Synth 8-7080] Parallel synthesis criteria is not met
---------------------------------------------------------------------------------
Finished Cross Boundary and Area Optimization : Time (s): cpu = 00:00:04 ; elapsed = 00:00:24 . Memory (MB): peak = 1572.020 ; gain = 603.137
---------------------------------------------------------------------------------
---------------------------------------------------------------------------------
Start Applying XDC Timing Constraints
---------------------------------------------------------------------------------
---------------------------------------------------------------------------------
Finished Applying XDC Timing Constraints : Time (s): cpu = 00:00:05 ; elapsed = 00:00:30 . Memory (MB): peak = 1572.020 ; gain = 603.137
---------------------------------------------------------------------------------
---------------------------------------------------------------------------------
Start Timing Optimization
---------------------------------------------------------------------------------
---------------------------------------------------------------------------------
Finished Timing Optimization : Time (s): cpu = 00:00:06 ; elapsed = 00:00:31 . Memory (MB): peak = 1572.020 ; gain = 603.137
---------------------------------------------------------------------------------
---------------------------------------------------------------------------------
Start Technology Mapping
---------------------------------------------------------------------------------
---------------------------------------------------------------------------------
Finished Technology Mapping : Time (s): cpu = 00:00:06 ; elapsed = 00:00:31 . Memory (MB): peak = 1572.020 ; gain = 603.137
---------------------------------------------------------------------------------
---------------------------------------------------------------------------------
Start IO Insertion
---------------------------------------------------------------------------------
---------------------------------------------------------------------------------
Start Flattening Before IO Insertion
---------------------------------------------------------------------------------
---------------------------------------------------------------------------------
Finished Flattening Before IO Insertion
---------------------------------------------------------------------------------
---------------------------------------------------------------------------------
Start Final Netlist Cleanup
---------------------------------------------------------------------------------
---------------------------------------------------------------------------------
Finished Final Netlist Cleanup
---------------------------------------------------------------------------------
---------------------------------------------------------------------------------
Finished IO Insertion : Time (s): cpu = 00:00:07 ; elapsed = 00:00:37 . Memory (MB): peak = 1572.020 ; gain = 603.137
---------------------------------------------------------------------------------
---------------------------------------------------------------------------------
Start Renaming Generated Instances
---------------------------------------------------------------------------------
---------------------------------------------------------------------------------
Finished Renaming Generated Instances : Time (s): cpu = 00:00:07 ; elapsed = 00:00:37 . Memory (MB): peak = 1572.020 ; gain = 603.137
---------------------------------------------------------------------------------
---------------------------------------------------------------------------------
Start Rebuilding User Hierarchy
---------------------------------------------------------------------------------
---------------------------------------------------------------------------------
Finished Rebuilding User Hierarchy : Time (s): cpu = 00:00:07 ; elapsed = 00:00:37 . Memory (MB): peak = 1572.020 ; gain = 603.137
---------------------------------------------------------------------------------
---------------------------------------------------------------------------------
Start Renaming Generated Ports
---------------------------------------------------------------------------------
---------------------------------------------------------------------------------
Finished Renaming Generated Ports : Time (s): cpu = 00:00:07 ; elapsed = 00:00:37 . Memory (MB): peak = 1572.020 ; gain = 603.137
---------------------------------------------------------------------------------
---------------------------------------------------------------------------------
Start Handling Custom Attributes
---------------------------------------------------------------------------------
---------------------------------------------------------------------------------
Finished Handling Custom Attributes : Time (s): cpu = 00:00:07 ; elapsed = 00:00:37 . Memory (MB): peak = 1572.020 ; gain = 603.137
---------------------------------------------------------------------------------
---------------------------------------------------------------------------------
Start Renaming Generated Nets
---------------------------------------------------------------------------------
---------------------------------------------------------------------------------
Finished Renaming Generated Nets : Time (s): cpu = 00:00:07 ; elapsed = 00:00:37 . Memory (MB): peak = 1572.020 ; gain = 603.137
---------------------------------------------------------------------------------
---------------------------------------------------------------------------------
Start Writing Synthesis Report
---------------------------------------------------------------------------------

Report BlackBoxes: 
+-+--------------+----------+
| |BlackBox name |Instances |
+-+--------------+----------+
+-+--------------+----------+

Report Cell Usage: 
+------+-----+------+
|      |Cell |Count |
+------+-----+------+
|1     |LUT1 |     2|
|2     |LUT2 |    35|
|3     |LUT3 |    25|
|4     |LUT4 |    19|
|5     |LUT5 |    54|
|6     |LUT6 |    61|
|7     |XADC |     1|
|8     |FDRE |   206|
|9     |FDSE |    31|
+------+-----+------+
---------------------------------------------------------------------------------
Finished Writing Synthesis Report : Time (s): cpu = 00:00:07 ; elapsed = 00:00:37 . Memory (MB): peak = 1572.020 ; gain = 603.137
---------------------------------------------------------------------------------
Synthesis finished with 0 errors, 0 critical warnings and 17 warnings.
Synthesis Optimization Runtime : Time (s): cpu = 00:00:05 ; elapsed = 00:00:35 . Memory (MB): peak = 1572.020 ; gain = 596.465
Synthesis Optimization Complete : Time (s): cpu = 00:00:07 ; elapsed = 00:00:38 . Memory (MB): peak = 1572.020 ; gain = 603.137
INFO: [Project 1-571] Translating synthesized netlist
Netlist sorting complete. Time (s): cpu = 00:00:00 ; elapsed = 00:00:00.013 . Memory (MB): peak = 1572.020 ; gain = 0.000
INFO: [Netlist 29-17] Analyzing 1 Unisim elements for replacement
INFO: [Netlist 29-28] Unisim Transformation completed in 0 CPU seconds
INFO: [Project 1-570] Preparing netlist for logic optimization
INFO: [Opt 31-138] Pushed 0 inverter(s) to 0 load pin(s).
Netlist sorting complete. Time (s): cpu = 00:00:00 ; elapsed = 00:00:00 . Memory (MB): peak = 1572.020 ; gain = 0.000
INFO: [Project 1-111] Unisim Transformation Summary:
No Unisim elements were transformed.

The system cannot find the path specified.
Synth Design complete | Checksum: f3d361ee
INFO: [Common 17-83] Releasing license: Synthesis
115 Infos, 107 Warnings, 0 Critical Warnings and 0 Errors encountered.
synth_design completed successfully
synth_design: Time (s): cpu = 00:00:07 ; elapsed = 00:00:43 . Memory (MB): peak = 1572.020 ; gain = 995.090
Write ShapeDB Complete: Time (s): cpu = 00:00:00 ; elapsed = 00:00:00.001 . Memory (MB): peak = 1572.020 ; gain = 0.000
INFO: [Common 17-1381] The checkpoint 'D:/EECE387_1/Lab_8/Lab_8_v2/Lab_8_v2.runs/mb_lab1_xadc_wiz_0_0_synth_1/mb_lab1_xadc_wiz_0_0.dcp' has been generated.
INFO: [Coretcl 2-1648] Added synthesis output to IP cache for IP mb_lab1_xadc_wiz_0_0, cache-ID = 518f6e7d7b8e0410
Write ShapeDB Complete: Time (s): cpu = 00:00:00 ; elapsed = 00:00:00.001 . Memory (MB): peak = 1572.020 ; gain = 0.000
INFO: [Common 17-1381] The checkpoint 'D:/EECE387_1/Lab_8/Lab_8_v2/Lab_8_v2.runs/mb_lab1_xadc_wiz_0_0_synth_1/mb_lab1_xadc_wiz_0_0.dcp' has been generated.
INFO: [runtcl-4] Executing : report_utilization -file mb_lab1_xadc_wiz_0_0_utilization_synth.rpt -pb mb_lab1_xadc_wiz_0_0_utilization_synth.pb
INFO: [Common 17-206] Exiting Vivado at Fri Apr 19 16:00:19 2024...
